mode: set
github.com/trentd187/golf-league/internal/handlers/courses.go:141.52,143.16 2 1
github.com/trentd187/golf-league/internal/handlers/courses.go:143.16,146.3 2 1
github.com/trentd187/golf-league/internal/handlers/courses.go:147.2,147.17 1 1
github.com/trentd187/golf-league/internal/handlers/courses.go:152.49,154.16 2 1
github.com/trentd187/golf-league/internal/handlers/courses.go:154.16,157.3 2 1
github.com/trentd187/golf-league/internal/handlers/courses.go:158.2,158.17 1 1
github.com/trentd187/golf-league/internal/handlers/courses.go:163.86,165.68 2 0
github.com/trentd187/golf-league/internal/handlers/courses.go:165.68,168.3 2 0
github.com/trentd187/golf-league/internal/handlers/courses.go:169.2,169.21 1 0
github.com/trentd187/golf-league/internal/handlers/courses.go:174.87,176.90 2 0
github.com/trentd187/golf-league/internal/handlers/courses.go:176.90,179.3 2 0
github.com/trentd187/golf-league/internal/handlers/courses.go:180.2,180.18 1 0
github.com/trentd187/golf-league/internal/handlers/courses.go:184.61,186.26 2 0
github.com/trentd187/golf-league/internal/handlers/courses.go:186.26,193.3 1 0
github.com/trentd187/golf-league/internal/handlers/courses.go:194.2,194.18 1 0
github.com/trentd187/golf-league/internal/handlers/courses.go:199.73,209.2 1 0
github.com/trentd187/golf-league/internal/handlers/courses.go:213.82,218.15 3 0
github.com/trentd187/golf-league/internal/handlers/courses.go:218.15,223.3 2 0
github.com/trentd187/golf-league/internal/handlers/courses.go:224.2,224.14 1 0
github.com/trentd187/golf-league/internal/handlers/courses.go:232.98,233.35 1 0
github.com/trentd187/golf-league/internal/handlers/courses.go:233.35,234.82 1 0
github.com/trentd187/golf-league/internal/handlers/courses.go:234.82,236.4 1 0
github.com/trentd187/golf-league/internal/handlers/courses.go:238.2,238.37 1 0
github.com/trentd187/golf-league/internal/handlers/courses.go:238.37,239.84 1 0
github.com/trentd187/golf-league/internal/handlers/courses.go:239.84,241.4 1 0
github.com/trentd187/golf-league/internal/handlers/courses.go:243.2,243.12 1 0
github.com/trentd187/golf-league/internal/handlers/courses.go:248.115,257.46 2 0
github.com/trentd187/golf-league/internal/handlers/courses.go:257.46,259.3 1 0
github.com/trentd187/golf-league/internal/handlers/courses.go:260.2,260.39 1 0
github.com/trentd187/golf-league/internal/handlers/courses.go:260.39,263.26 2 0
github.com/trentd187/golf-league/internal/handlers/courses.go:263.26,266.4 2 0
github.com/trentd187/golf-league/internal/handlers/courses.go:267.3,274.48 2 0
github.com/trentd187/golf-league/internal/handlers/courses.go:274.48,276.4 1 0
github.com/trentd187/golf-league/internal/handlers/courses.go:278.2,278.12 1 0
github.com/trentd187/golf-league/internal/handlers/courses.go:282.67,286.34 3 0
github.com/trentd187/golf-league/internal/handlers/courses.go:286.34,288.21 2 0
github.com/trentd187/golf-league/internal/handlers/courses.go:288.21,290.4 1 0
github.com/trentd187/golf-league/internal/handlers/courses.go:291.3,291.68 1 0
github.com/trentd187/golf-league/internal/handlers/courses.go:294.2,305.3 1 0
github.com/trentd187/golf-league/internal/handlers/courses.go:309.81,313.2 3 0
github.com/trentd187/golf-league/internal/handlers/courses.go:323.44,324.34 1 0
github.com/trentd187/golf-league/internal/handlers/courses.go:324.34,327.61 2 0
github.com/trentd187/golf-league/internal/handlers/courses.go:327.61,329.4 1 0
github.com/trentd187/golf-league/internal/handlers/courses.go:332.3,332.63 1 0
github.com/trentd187/golf-league/internal/handlers/courses.go:332.63,334.4 1 0
github.com/trentd187/golf-league/internal/handlers/courses.go:335.3,335.61 1 0
github.com/trentd187/golf-league/internal/handlers/courses.go:335.61,337.4 1 0
github.com/trentd187/golf-league/internal/handlers/courses.go:338.3,338.64 1 0
github.com/trentd187/golf-league/internal/handlers/courses.go:338.64,340.4 1 0
github.com/trentd187/golf-league/internal/handlers/courses.go:342.3,343.70 2 0
github.com/trentd187/golf-league/internal/handlers/courses.go:343.70,345.4 1 0
github.com/trentd187/golf-league/internal/handlers/courses.go:348.3,349.34 2 0
github.com/trentd187/golf-league/internal/handlers/courses.go:349.34,351.4 1 0
github.com/trentd187/golf-league/internal/handlers/courses.go:354.3,359.25 3 0
github.com/trentd187/golf-league/internal/handlers/courses.go:359.25,365.4 1 0
github.com/trentd187/golf-league/internal/handlers/courses.go:366.3,367.33 2 0
github.com/trentd187/golf-league/internal/handlers/courses.go:367.33,369.4 1 0
github.com/trentd187/golf-league/internal/handlers/courses.go:372.3,376.25 3 0
github.com/trentd187/golf-league/internal/handlers/courses.go:376.25,383.4 1 0
github.com/trentd187/golf-league/internal/handlers/courses.go:384.3,385.34 2 0
github.com/trentd187/golf-league/internal/handlers/courses.go:385.34,387.4 1 0
github.com/trentd187/golf-league/internal/handlers/courses.go:389.3,390.34 2 0
github.com/trentd187/golf-league/internal/handlers/courses.go:390.34,401.4 2 0
github.com/trentd187/golf-league/internal/handlers/courses.go:403.3,403.26 1 0
github.com/trentd187/golf-league/internal/handlers/courses.go:409.43,410.34 1 1
github.com/trentd187/golf-league/internal/handlers/courses.go:410.34,412.10 2 1
github.com/trentd187/golf-league/internal/handlers/courses.go:412.10,414.4 1 1
github.com/trentd187/golf-league/internal/handlers/courses.go:416.3,417.17 2 0
github.com/trentd187/golf-league/internal/handlers/courses.go:417.17,419.4 1 0
github.com/trentd187/golf-league/internal/handlers/courses.go:421.3,421.43 1 0
github.com/trentd187/golf-league/internal/handlers/courses.go:427.46,428.34 1 1
github.com/trentd187/golf-league/internal/handlers/courses.go:428.34,430.44 2 1
github.com/trentd187/golf-league/internal/handlers/courses.go:430.44,432.4 1 0
github.com/trentd187/golf-league/internal/handlers/courses.go:434.3,435.21 2 1
github.com/trentd187/golf-league/internal/handlers/courses.go:435.21,437.4 1 1
github.com/trentd187/golf-league/internal/handlers/courses.go:438.3,438.25 1 1
github.com/trentd187/golf-league/internal/handlers/courses.go:438.25,440.4 1 0
github.com/trentd187/golf-league/internal/handlers/courses.go:441.3,441.48 1 1
github.com/trentd187/golf-league/internal/handlers/courses.go:441.48,443.4 1 1
github.com/trentd187/golf-league/internal/handlers/courses.go:445.3,451.50 2 0
github.com/trentd187/golf-league/internal/handlers/courses.go:451.50,453.4 1 0
github.com/trentd187/golf-league/internal/handlers/courses.go:455.3,455.71 1 0
github.com/trentd187/golf-league/internal/handlers/courses.go:461.46,462.34 1 1
github.com/trentd187/golf-league/internal/handlers/courses.go:462.34,464.10 2 1
github.com/trentd187/golf-league/internal/handlers/courses.go:464.10,466.4 1 1
github.com/trentd187/golf-league/internal/handlers/courses.go:468.3,469.10 2 0
github.com/trentd187/golf-league/internal/handlers/courses.go:469.10,471.4 1 0
github.com/trentd187/golf-league/internal/handlers/courses.go:473.3,473.40 1 0
github.com/trentd187/golf-league/internal/handlers/courses.go:473.40,475.4 1 0
github.com/trentd187/golf-league/internal/handlers/courses.go:477.3,478.44 2 0
github.com/trentd187/golf-league/internal/handlers/courses.go:478.44,480.4 1 0
github.com/trentd187/golf-league/internal/handlers/courses.go:482.3,482.22 1 0
github.com/trentd187/golf-league/internal/handlers/courses.go:482.22,484.21 2 0
github.com/trentd187/golf-league/internal/handlers/courses.go:484.21,486.5 1 0
github.com/trentd187/golf-league/internal/handlers/courses.go:487.4,487.25 1 0
github.com/trentd187/golf-league/internal/handlers/courses.go:489.3,489.22 1 0
github.com/trentd187/golf-league/internal/handlers/courses.go:489.22,491.4 1 0
github.com/trentd187/golf-league/internal/handlers/courses.go:492.3,492.23 1 0
github.com/trentd187/golf-league/internal/handlers/courses.go:492.23,494.4 1 0
github.com/trentd187/golf-league/internal/handlers/courses.go:495.3,495.27 1 0
github.com/trentd187/golf-league/internal/handlers/courses.go:495.27,496.51 1 0
github.com/trentd187/golf-league/internal/handlers/courses.go:496.51,498.5 1 0
github.com/trentd187/golf-league/internal/handlers/courses.go:499.4,499.37 1 0
github.com/trentd187/golf-league/internal/handlers/courses.go:502.3,502.48 1 0
github.com/trentd187/golf-league/internal/handlers/courses.go:502.48,504.4 1 0
github.com/trentd187/golf-league/internal/handlers/courses.go:506.3,507.17 2 0
github.com/trentd187/golf-league/internal/handlers/courses.go:507.17,509.4 1 0
github.com/trentd187/golf-league/internal/handlers/courses.go:510.3,510.44 1 0
github.com/trentd187/golf-league/internal/handlers/courses.go:516.43,517.34 1 1
github.com/trentd187/golf-league/internal/handlers/courses.go:517.34,519.10 2 1
github.com/trentd187/golf-league/internal/handlers/courses.go:519.10,521.4 1 1
github.com/trentd187/golf-league/internal/handlers/courses.go:523.3,523.48 1 0
github.com/trentd187/golf-league/internal/handlers/courses.go:523.48,525.4 1 0
github.com/trentd187/golf-league/internal/handlers/courses.go:527.3,527.40 1 0
github.com/trentd187/golf-league/internal/handlers/courses.go:527.40,529.4 1 0
github.com/trentd187/golf-league/internal/handlers/courses.go:531.3,532.44 2 0
github.com/trentd187/golf-league/internal/handlers/courses.go:532.44,534.4 1 0
github.com/trentd187/golf-league/internal/handlers/courses.go:536.3,537.21 2 0
github.com/trentd187/golf-league/internal/handlers/courses.go:537.21,539.4 1 0
github.com/trentd187/golf-league/internal/handlers/courses.go:540.3,540.21 1 0
github.com/trentd187/golf-league/internal/handlers/courses.go:541.35,541.35 0 0
github.com/trentd187/golf-league/internal/handlers/courses.go:543.11,546.6 1 0
github.com/trentd187/golf-league/internal/handlers/courses.go:548.3,548.28 1 0
github.com/trentd187/golf-league/internal/handlers/courses.go:548.28,550.4 1 0
github.com/trentd187/golf-league/internal/handlers/courses.go:551.3,551.52 1 0
github.com/trentd187/golf-league/internal/handlers/courses.go:551.52,553.4 1 0
github.com/trentd187/golf-league/internal/handlers/courses.go:554.3,554.19 1 0
github.com/trentd187/golf-league/internal/handlers/courses.go:554.19,556.4 1 0
github.com/trentd187/golf-league/internal/handlers/courses.go:558.3,566.47 2 0
github.com/trentd187/golf-league/internal/handlers/courses.go:566.47,568.4 1 0
github.com/trentd187/golf-league/internal/handlers/courses.go:570.3,570.85 1 0
github.com/trentd187/golf-league/internal/handlers/courses.go:576.43,577.34 1 1
github.com/trentd187/golf-league/internal/handlers/courses.go:577.34,579.10 2 1
github.com/trentd187/golf-league/internal/handlers/courses.go:579.10,581.4 1 1
github.com/trentd187/golf-league/internal/handlers/courses.go:582.3,583.10 2 1
github.com/trentd187/golf-league/internal/handlers/courses.go:583.10,585.4 1 1
github.com/trentd187/golf-league/internal/handlers/courses.go:587.3,587.40 1 0
github.com/trentd187/golf-league/internal/handlers/courses.go:587.40,589.4 1 0
github.com/trentd187/golf-league/internal/handlers/courses.go:591.3,592.10 2 0
github.com/trentd187/golf-league/internal/handlers/courses.go:592.10,594.4 1 0
github.com/trentd187/golf-league/internal/handlers/courses.go:596.3,597.44 2 0
github.com/trentd187/golf-league/internal/handlers/courses.go:597.44,599.4 1 0
github.com/trentd187/golf-league/internal/handlers/courses.go:601.3,601.22 1 0
github.com/trentd187/golf-league/internal/handlers/courses.go:601.22,603.21 2 0
github.com/trentd187/golf-league/internal/handlers/courses.go:603.21,605.5 1 0
github.com/trentd187/golf-league/internal/handlers/courses.go:606.4,606.22 1 0
github.com/trentd187/golf-league/internal/handlers/courses.go:608.3,608.24 1 0
github.com/trentd187/golf-league/internal/handlers/courses.go:608.24,609.23 1 0
github.com/trentd187/golf-league/internal/handlers/courses.go:610.36,611.47 1 0
github.com/trentd187/golf-league/internal/handlers/courses.go:612.12,615.7 1 0
github.com/trentd187/golf-league/internal/handlers/courses.go:618.3,618.30 1 0
github.com/trentd187/golf-league/internal/handlers/courses.go:618.30,620.4 1 0
github.com/trentd187/golf-league/internal/handlers/courses.go:621.3,621.29 1 0
github.com/trentd187/golf-league/internal/handlers/courses.go:621.29,622.55 1 0
github.com/trentd187/golf-league/internal/handlers/courses.go:622.55,624.5 1 0
github.com/trentd187/golf-league/internal/handlers/courses.go:625.4,625.38 1 0
github.com/trentd187/golf-league/internal/handlers/courses.go:627.3,627.21 1 0
github.com/trentd187/golf-league/internal/handlers/courses.go:627.21,629.4 1 0
github.com/trentd187/golf-league/internal/handlers/courses.go:631.3,631.45 1 0
github.com/trentd187/golf-league/internal/handlers/courses.go:631.45,633.4 1 0
github.com/trentd187/golf-league/internal/handlers/courses.go:635.3,638.66 3 0
github.com/trentd187/golf-league/internal/handlers/courses.go:644.43,645.34 1 1
github.com/trentd187/golf-league/internal/handlers/courses.go:645.34,647.10 2 1
github.com/trentd187/golf-league/internal/handlers/courses.go:647.10,649.4 1 1
github.com/trentd187/golf-league/internal/handlers/courses.go:650.3,651.10 2 1
github.com/trentd187/golf-league/internal/handlers/courses.go:651.10,653.4 1 1
github.com/trentd187/golf-league/internal/handlers/courses.go:655.3,655.40 1 0
github.com/trentd187/golf-league/internal/handlers/courses.go:655.40,657.4 1 0
github.com/trentd187/golf-league/internal/handlers/courses.go:659.3,660.10 2 0
github.com/trentd187/golf-league/internal/handlers/courses.go:660.10,662.4 1 0
github.com/trentd187/golf-league/internal/handlers/courses.go:665.3,665.47 1 0
github.com/trentd187/golf-league/internal/handlers/courses.go:665.47,667.4 1 0
github.com/trentd187/golf-league/internal/handlers/courses.go:669.3,669.45 1 0
github.com/trentd187/golf-league/internal/handlers/courses.go:676.45,677.34 1 1
github.com/trentd187/golf-league/internal/handlers/courses.go:677.34,679.10 2 1
github.com/trentd187/golf-league/internal/handlers/courses.go:679.10,681.4 1 1
github.com/trentd187/golf-league/internal/handlers/courses.go:682.3,683.10 2 1
github.com/trentd187/golf-league/internal/handlers/courses.go:683.10,685.4 1 1
github.com/trentd187/golf-league/internal/handlers/courses.go:687.3,687.40 1 0
github.com/trentd187/golf-league/internal/handlers/courses.go:687.40,689.4 1 0
github.com/trentd187/golf-league/internal/handlers/courses.go:691.3,692.10 2 0
github.com/trentd187/golf-league/internal/handlers/courses.go:692.10,694.4 1 0
github.com/trentd187/golf-league/internal/handlers/courses.go:696.3,697.44 2 0
github.com/trentd187/golf-league/internal/handlers/courses.go:697.44,699.4 1 0
github.com/trentd187/golf-league/internal/handlers/courses.go:700.3,700.26 1 0
github.com/trentd187/golf-league/internal/handlers/courses.go:700.26,702.4 1 0
github.com/trentd187/golf-league/internal/handlers/courses.go:705.3,706.31 2 0
github.com/trentd187/golf-league/internal/handlers/courses.go:706.31,707.45 1 0
github.com/trentd187/golf-league/internal/handlers/courses.go:707.45,709.5 1 0
github.com/trentd187/golf-league/internal/handlers/courses.go:710.4,710.26 1 0
github.com/trentd187/golf-league/internal/handlers/courses.go:710.26,712.5 1 0
github.com/trentd187/golf-league/internal/handlers/courses.go:713.4,714.30 2 0
github.com/trentd187/golf-league/internal/handlers/courses.go:714.30,716.5 1 0
github.com/trentd187/golf-league/internal/handlers/courses.go:720.3,720.51 1 0
github.com/trentd187/golf-league/internal/handlers/courses.go:720.51,721.85 1 0
github.com/trentd187/golf-league/internal/handlers/courses.go:721.85,723.5 1 0
github.com/trentd187/golf-league/internal/handlers/courses.go:724.4,724.32 1 0
github.com/trentd187/golf-league/internal/handlers/courses.go:724.32,732.50 2 0
github.com/trentd187/golf-league/internal/handlers/courses.go:732.50,734.6 1 0
github.com/trentd187/golf-league/internal/handlers/courses.go:736.4,736.14 1 0
github.com/trentd187/golf-league/internal/handlers/courses.go:738.3,738.19 1 0
github.com/trentd187/golf-league/internal/handlers/courses.go:738.19,740.4 1 0
github.com/trentd187/golf-league/internal/handlers/courses.go:743.3,746.66 3 0
github.com/trentd187/golf-league/internal/handlers/courses.go:752.44,753.34 1 1
github.com/trentd187/golf-league/internal/handlers/courses.go:753.34,755.10 2 1
github.com/trentd187/golf-league/internal/handlers/courses.go:755.10,757.4 1 1
github.com/trentd187/golf-league/internal/handlers/courses.go:758.3,759.10 2 1
github.com/trentd187/golf-league/internal/handlers/courses.go:759.10,761.4 1 1
github.com/trentd187/golf-league/internal/handlers/courses.go:763.3,764.58 2 1
github.com/trentd187/golf-league/internal/handlers/courses.go:764.58,766.4 1 1
github.com/trentd187/golf-league/internal/handlers/courses.go:768.3,768.40 1 0
github.com/trentd187/golf-league/internal/handlers/courses.go:768.40,770.4 1 0
github.com/trentd187/golf-league/internal/handlers/courses.go:773.3,773.52 1 0
github.com/trentd187/golf-league/internal/handlers/courses.go:773.52,775.4 1 0
github.com/trentd187/golf-league/internal/handlers/courses.go:777.3,778.100 2 0
github.com/trentd187/golf-league/internal/handlers/courses.go:778.100,780.4 1 0
github.com/trentd187/golf-league/internal/handlers/courses.go:782.3,783.44 2 0
github.com/trentd187/golf-league/internal/handlers/courses.go:783.44,785.4 1 0
github.com/trentd187/golf-league/internal/handlers/courses.go:787.3,787.21 1 0
github.com/trentd187/golf-league/internal/handlers/courses.go:787.21,788.36 1 0
github.com/trentd187/golf-league/internal/handlers/courses.go:788.36,790.5 1 0
github.com/trentd187/golf-league/internal/handlers/courses.go:791.4,791.23 1 0
github.com/trentd187/golf-league/internal/handlers/courses.go:793.3,793.29 1 0
github.com/trentd187/golf-league/internal/handlers/courses.go:793.29,795.4 1 0
github.com/trentd187/golf-league/internal/handlers/courses.go:796.3,796.25 1 0
github.com/trentd187/golf-league/internal/handlers/courses.go:796.25,798.4 1 0
github.com/trentd187/golf-league/internal/handlers/courses.go:800.3,800.46 1 0
github.com/trentd187/golf-league/internal/handlers/courses.go:800.46,802.4 1 0
github.com/trentd187/golf-league/internal/handlers/courses.go:804.3,809.5 1 0
github.com/trentd187/golf-league/internal/handlers/courses.go:834.79,835.34 1 1
github.com/trentd187/golf-league/internal/handlers/courses.go:835.34,836.29 1 1
github.com/trentd187/golf-league/internal/handlers/courses.go:836.29,840.4 1 1
github.com/trentd187/golf-league/internal/handlers/courses.go:841.3,842.44 2 1
github.com/trentd187/golf-league/internal/handlers/courses.go:842.44,844.4 1 0
github.com/trentd187/golf-league/internal/handlers/courses.go:845.3,847.23 3 1
github.com/trentd187/golf-league/internal/handlers/courses.go:847.23,849.4 1 1
github.com/trentd187/golf-league/internal/handlers/courses.go:854.3,855.25 2 0
github.com/trentd187/golf-league/internal/handlers/courses.go:855.25,857.4 1 0
github.com/trentd187/golf-league/internal/handlers/courses.go:859.3,860.17 2 0
github.com/trentd187/golf-league/internal/handlers/courses.go:860.17,862.4 1 0
github.com/trentd187/golf-league/internal/handlers/courses.go:864.3,865.29 2 0
github.com/trentd187/golf-league/internal/handlers/courses.go:865.29,867.18 2 0
github.com/trentd187/golf-league/internal/handlers/courses.go:867.18,869.5 1 0
github.com/trentd187/golf-league/internal/handlers/courses.go:871.4,878.6 2 0
github.com/trentd187/golf-league/internal/handlers/courses.go:881.3,881.26 1 0
github.com/trentd187/golf-league/internal/handlers/courses.go:893.92,894.34 1 1
github.com/trentd187/golf-league/internal/handlers/courses.go:894.34,895.29 1 1
github.com/trentd187/golf-league/internal/handlers/courses.go:895.29,899.4 1 1
github.com/trentd187/golf-league/internal/handlers/courses.go:900.3,901.44 2 1
github.com/trentd187/golf-league/internal/handlers/courses.go:901.44,903.4 1 0
github.com/trentd187/golf-league/internal/handlers/courses.go:904.3,905.27 2 1
github.com/trentd187/golf-league/internal/handlers/courses.go:905.27,907.4 1 1
github.com/trentd187/golf-league/internal/handlers/courses.go:910.3,912.39 2 0
github.com/trentd187/golf-league/internal/handlers/courses.go:912.39,917.4 1 0
github.com/trentd187/golf-league/internal/handlers/courses.go:919.3,920.17 2 0
github.com/trentd187/golf-league/internal/handlers/courses.go:920.17,922.4 1 0
github.com/trentd187/golf-league/internal/handlers/courses.go:924.3,925.51 2 0
github.com/trentd187/golf-league/internal/handlers/courses.go:925.51,927.18 2 0
github.com/trentd187/golf-league/internal/handlers/courses.go:927.18,929.5 1 0
github.com/trentd187/golf-league/internal/handlers/courses.go:931.4,932.69 2 0
github.com/trentd187/golf-league/internal/handlers/courses.go:932.69,934.5 1 0
github.com/trentd187/golf-league/internal/handlers/courses.go:934.10,934.80 1 0
github.com/trentd187/golf-league/internal/handlers/courses.go:934.80,936.5 1 0
github.com/trentd187/golf-league/internal/handlers/courses.go:938.4,946.52 2 0
github.com/trentd187/golf-league/internal/handlers/courses.go:946.52,948.5 1 0
github.com/trentd187/golf-league/internal/handlers/courses.go:950.4,950.58 1 0
github.com/trentd187/golf-league/internal/handlers/courses.go:952.3,952.19 1 0
github.com/trentd187/golf-league/internal/handlers/courses.go:952.19,954.4 1 0
github.com/trentd187/golf-league/internal/handlers/courses.go:956.3,957.17 2 0
github.com/trentd187/golf-league/internal/handlers/courses.go:957.17,959.4 1 0
github.com/trentd187/golf-league/internal/handlers/courses.go:960.3,960.69 1 0
github.com/trentd187/golf-league/internal/handlers/courses.go:968.85,969.34 1 1
github.com/trentd187/golf-league/internal/handlers/courses.go:969.34,970.29 1 1
github.com/trentd187/golf-league/internal/handlers/courses.go:970.29,974.4 1 1
github.com/trentd187/golf-league/internal/handlers/courses.go:975.3,976.10 2 1
github.com/trentd187/golf-league/internal/handlers/courses.go:976.10,978.4 1 1
github.com/trentd187/golf-league/internal/handlers/courses.go:980.3,981.10 2 0
github.com/trentd187/golf-league/internal/handlers/courses.go:981.10,983.4 1 0
github.com/trentd187/golf-league/internal/handlers/courses.go:984.3,984.61 1 0
github.com/trentd187/golf-league/internal/handlers/courses.go:984.61,988.4 1 0
github.com/trentd187/golf-league/internal/handlers/courses.go:990.3,990.40 1 0
github.com/trentd187/golf-league/internal/handlers/courses.go:990.40,992.4 1 0
github.com/trentd187/golf-league/internal/handlers/courses.go:994.3,995.17 2 0
github.com/trentd187/golf-league/internal/handlers/courses.go:995.17,997.4 1 0
github.com/trentd187/golf-league/internal/handlers/courses.go:999.3,999.51 1 0
github.com/trentd187/golf-league/internal/handlers/courses.go:999.51,1001.90 1 0
github.com/trentd187/golf-league/internal/handlers/courses.go:1001.90,1003.5 1 0
github.com/trentd187/golf-league/internal/handlers/courses.go:1004.4,1004.56 1 0
github.com/trentd187/golf-league/internal/handlers/courses.go:1006.3,1006.19 1 0
github.com/trentd187/golf-league/internal/handlers/courses.go:1006.19,1008.4 1 0
github.com/trentd187/golf-league/internal/handlers/courses.go:1010.3,1011.17 2 0
github.com/trentd187/golf-league/internal/handlers/courses.go:1011.17,1013.4 1 0
github.com/trentd187/golf-league/internal/handlers/courses.go:1014.3,1014.41 1 0
github.com/trentd187/golf-league/internal/handlers/events.go:66.47,67.14 1 0
github.com/trentd187/golf-league/internal/handlers/events.go:67.14,69.3 1 0
github.com/trentd187/golf-league/internal/handlers/events.go:70.2,71.11 2 0
github.com/trentd187/golf-league/internal/handlers/events.go:76.55,77.26 1 0
github.com/trentd187/golf-league/internal/handlers/events.go:77.26,79.3 1 0
github.com/trentd187/golf-league/internal/handlers/events.go:80.2,81.16 2 0
github.com/trentd187/golf-league/internal/handlers/events.go:81.16,83.3 1 0
github.com/trentd187/golf-league/internal/handlers/events.go:84.2,84.16 1 0
github.com/trentd187/golf-league/internal/handlers/events.go:90.43,91.34 1 0
github.com/trentd187/golf-league/internal/handlers/events.go:91.34,96.17 4 0
github.com/trentd187/golf-league/internal/handlers/events.go:96.17,100.4 1 0
github.com/trentd187/golf-league/internal/handlers/events.go:102.3,108.23 4 0
github.com/trentd187/golf-league/internal/handlers/events.go:108.23,110.4 1 0
github.com/trentd187/golf-league/internal/handlers/events.go:112.3,112.26 1 0
github.com/trentd187/golf-league/internal/handlers/events.go:112.26,114.4 1 0
github.com/trentd187/golf-league/internal/handlers/events.go:114.9,120.4 1 0
github.com/trentd187/golf-league/internal/handlers/events.go:122.3,122.25 1 0
github.com/trentd187/golf-league/internal/handlers/events.go:122.25,126.4 1 0
github.com/trentd187/golf-league/internal/handlers/events.go:128.3,129.32 2 0
github.com/trentd187/golf-league/internal/handlers/events.go:129.32,147.4 3 0
github.com/trentd187/golf-league/internal/handlers/events.go:149.3,149.26 1 0
github.com/trentd187/golf-league/internal/handlers/events.go:156.45,157.34 1 0
github.com/trentd187/golf-league/internal/handlers/events.go:157.34,160.17 3 0
github.com/trentd187/golf-league/internal/handlers/events.go:160.17,164.4 1 0
github.com/trentd187/golf-league/internal/handlers/events.go:166.3,167.44 2 0
github.com/trentd187/golf-league/internal/handlers/events.go:167.44,171.4 1 0
github.com/trentd187/golf-league/internal/handlers/events.go:173.3,173.21 1 0
github.com/trentd187/golf-league/internal/handlers/events.go:173.21,177.4 1 0
github.com/trentd187/golf-league/internal/handlers/events.go:179.3,179.24 1 0
github.com/trentd187/golf-league/internal/handlers/events.go:180.41,180.41 0 0
github.com/trentd187/golf-league/internal/handlers/events.go:182.11,185.6 1 0
github.com/trentd187/golf-league/internal/handlers/events.go:188.3,189.17 2 0
github.com/trentd187/golf-league/internal/handlers/events.go:189.17,193.4 1 0
github.com/trentd187/golf-league/internal/handlers/events.go:194.3,195.17 2 0
github.com/trentd187/golf-league/internal/handlers/events.go:195.17,199.4 1 0
github.com/trentd187/golf-league/internal/handlers/events.go:203.3,205.51 2 0
github.com/trentd187/golf-league/internal/handlers/events.go:205.51,217.50 2 0
github.com/trentd187/golf-league/internal/handlers/events.go:217.50,219.5 1 0
github.com/trentd187/golf-league/internal/handlers/events.go:222.4,228.51 2 0
github.com/trentd187/golf-league/internal/handlers/events.go:228.51,230.5 1 0
github.com/trentd187/golf-league/internal/handlers/events.go:232.4,233.14 2 0
github.com/trentd187/golf-league/internal/handlers/events.go:236.3,236.19 1 0
github.com/trentd187/golf-league/internal/handlers/events.go:236.19,240.4 1 0
github.com/trentd187/golf-league/internal/handlers/events.go:242.3,256.5 3 0
github.com/trentd187/golf-league/internal/handlers/events.go:268.85,269.25 1 0
github.com/trentd187/golf-league/internal/handlers/events.go:269.25,271.3 1 0
github.com/trentd187/golf-league/internal/handlers/events.go:273.2,275.69 3 0
github.com/trentd187/golf-league/internal/handlers/events.go:352.42,353.34 1 0
github.com/trentd187/golf-league/internal/handlers/events.go:353.34,357.17 4 0
github.com/trentd187/golf-league/internal/handlers/events.go:357.17,359.4 1 0
github.com/trentd187/golf-league/internal/handlers/events.go:361.3,362.17 2 0
github.com/trentd187/golf-league/internal/handlers/events.go:362.17,364.4 1 0
github.com/trentd187/golf-league/internal/handlers/events.go:366.3,367.86 2 0
github.com/trentd187/golf-league/internal/handlers/events.go:367.86,369.4 1 0
github.com/trentd187/golf-league/internal/handlers/events.go:371.3,371.26 1 0
github.com/trentd187/golf-league/internal/handlers/events.go:371.26,376.18 3 0
github.com/trentd187/golf-league/internal/handlers/events.go:376.18,378.5 1 0
github.com/trentd187/golf-league/internal/handlers/events.go:381.3,385.29 4 0
github.com/trentd187/golf-league/internal/handlers/events.go:385.29,394.4 1 0
github.com/trentd187/golf-league/internal/handlers/events.go:396.3,410.5 1 0
github.com/trentd187/golf-league/internal/handlers/events.go:417.45,418.34 1 0
github.com/trentd187/golf-league/internal/handlers/events.go:418.34,422.17 4 0
github.com/trentd187/golf-league/internal/handlers/events.go:422.17,424.4 1 0
github.com/trentd187/golf-league/internal/handlers/events.go:426.3,427.17 2 0
github.com/trentd187/golf-league/internal/handlers/events.go:427.17,429.4 1 0
github.com/trentd187/golf-league/internal/handlers/events.go:431.3,432.86 2 0
github.com/trentd187/golf-league/internal/handlers/events.go:432.86,434.4 1 0
github.com/trentd187/golf-league/internal/handlers/events.go:436.3,436.55 1 0
github.com/trentd187/golf-league/internal/handlers/events.go:436.55,438.4 1 0
github.com/trentd187/golf-league/internal/handlers/events.go:440.3,441.44 2 0
github.com/trentd187/golf-league/internal/handlers/events.go:441.44,443.4 1 0
github.com/trentd187/golf-league/internal/handlers/events.go:445.3,445.22 1 0
github.com/trentd187/golf-league/internal/handlers/events.go:445.22,446.23 1 0
github.com/trentd187/golf-league/internal/handlers/events.go:446.23,448.5 1 0
github.com/trentd187/golf-league/internal/handlers/events.go:449.4,449.26 1 0
github.com/trentd187/golf-league/internal/handlers/events.go:451.3,451.29 1 0
github.com/trentd187/golf-league/internal/handlers/events.go:451.29,453.4 1 0
github.com/trentd187/golf-league/internal/handlers/events.go:454.3,454.27 1 0
github.com/trentd187/golf-league/internal/handlers/events.go:454.27,456.18 2 0
github.com/trentd187/golf-league/internal/handlers/events.go:456.18,458.5 1 0
github.com/trentd187/golf-league/internal/handlers/events.go:459.4,459.23 1 0
github.com/trentd187/golf-league/internal/handlers/events.go:461.3,461.25 1 0
github.com/trentd187/golf-league/internal/handlers/events.go:461.25,463.18 2 0
github.com/trentd187/golf-league/internal/handlers/events.go:463.18,465.5 1 0
github.com/trentd187/golf-league/internal/handlers/events.go:466.4,466.21 1 0
github.com/trentd187/golf-league/internal/handlers/events.go:468.3,468.24 1 0
github.com/trentd187/golf-league/internal/handlers/events.go:468.24,470.23 1 0
github.com/trentd187/golf-league/internal/handlers/events.go:471.44,472.51 1 0
github.com/trentd187/golf-league/internal/handlers/events.go:473.12,476.7 1 0
github.com/trentd187/golf-league/internal/handlers/events.go:481.3,481.47 1 0
github.com/trentd187/golf-league/internal/handlers/events.go:481.47,483.4 1 0
github.com/trentd187/golf-league/internal/handlers/events.go:485.3,499.5 3 0
github.com/trentd187/golf-league/internal/handlers/events.go:505.49,506.34 1 0
github.com/trentd187/golf-league/internal/handlers/events.go:506.34,508.17 2 0
github.com/trentd187/golf-league/internal/handlers/events.go:508.17,510.4 1 0
github.com/trentd187/golf-league/internal/handlers/events.go:512.3,516.29 4 0
github.com/trentd187/golf-league/internal/handlers/events.go:516.29,525.4 1 0
github.com/trentd187/golf-league/internal/handlers/events.go:526.3,526.25 1 0
github.com/trentd187/golf-league/internal/handlers/events.go:533.48,534.34 1 0
github.com/trentd187/golf-league/internal/handlers/events.go:534.34,538.17 4 0
github.com/trentd187/golf-league/internal/handlers/events.go:538.17,540.4 1 0
github.com/trentd187/golf-league/internal/handlers/events.go:542.3,543.17 2 0
github.com/trentd187/golf-league/internal/handlers/events.go:543.17,545.4 1 0
github.com/trentd187/golf-league/internal/handlers/events.go:547.3,547.55 1 0
github.com/trentd187/golf-league/internal/handlers/events.go:547.55,549.4 1 0
github.com/trentd187/golf-league/internal/handlers/events.go:551.3,552.44 2 0
github.com/trentd187/golf-league/internal/handlers/events.go:552.44,554.4 1 0
github.com/trentd187/golf-league/internal/handlers/events.go:556.3,557.17 2 0
github.com/trentd187/golf-league/internal/handlers/events.go:557.17,559.4 1 0
github.com/trentd187/golf-league/internal/handlers/events.go:561.3,562.77 2 0
github.com/trentd187/golf-league/internal/handlers/events.go:562.77,564.4 1 0
github.com/trentd187/golf-league/internal/handlers/events.go:567.3,568.112 2 0
github.com/trentd187/golf-league/internal/handlers/events.go:568.112,570.4 1 0
github.com/trentd187/golf-league/internal/handlers/events.go:572.3,578.50 2 0
github.com/trentd187/golf-league/internal/handlers/events.go:578.50,580.4 1 0
github.com/trentd187/golf-league/internal/handlers/events.go:582.3,589.5 1 0
github.com/trentd187/golf-league/internal/handlers/events.go:596.51,597.34 1 0
github.com/trentd187/golf-league/internal/handlers/events.go:597.34,601.17 4 0
github.com/trentd187/golf-league/internal/handlers/events.go:601.17,603.4 1 0
github.com/trentd187/golf-league/internal/handlers/events.go:605.3,606.17 2 0
github.com/trentd187/golf-league/internal/handlers/events.go:606.17,608.4 1 0
github.com/trentd187/golf-league/internal/handlers/events.go:610.3,611.17 2 0
github.com/trentd187/golf-league/internal/handlers/events.go:611.17,613.4 1 0
github.com/trentd187/golf-league/internal/handlers/events.go:615.3,615.55 1 0
github.com/trentd187/golf-league/internal/handlers/events.go:615.55,617.4 1 0
github.com/trentd187/golf-league/internal/handlers/events.go:619.3,620.110 2 0
github.com/trentd187/golf-league/internal/handlers/events.go:620.110,622.4 1 0
github.com/trentd187/golf-league/internal/handlers/events.go:625.3,625.53 1 0
github.com/trentd187/golf-league/internal/handlers/events.go:625.53,630.27 3 0
github.com/trentd187/golf-league/internal/handlers/events.go:630.27,634.5 1 0
github.com/trentd187/golf-league/internal/handlers/events.go:637.3,637.50 1 0
github.com/trentd187/golf-league/internal/handlers/events.go:637.50,639.4 1 0
github.com/trentd187/golf-league/internal/handlers/events.go:641.3,641.45 1 0
github.com/trentd187/golf-league/internal/handlers/events.go:647.48,648.34 1 0
github.com/trentd187/golf-league/internal/handlers/events.go:648.34,650.17 2 0
github.com/trentd187/golf-league/internal/handlers/events.go:650.17,652.4 1 0
github.com/trentd187/golf-league/internal/handlers/events.go:654.3,662.28 4 0
github.com/trentd187/golf-league/internal/handlers/events.go:662.28,664.4 1 0
github.com/trentd187/golf-league/internal/handlers/events.go:666.3,671.24 3 0
github.com/trentd187/golf-league/internal/handlers/events.go:671.24,677.4 1 0
github.com/trentd187/golf-league/internal/handlers/events.go:679.3,680.38 2 0
github.com/trentd187/golf-league/internal/handlers/events.go:680.38,682.4 1 0
github.com/trentd187/golf-league/internal/handlers/events.go:684.3,685.28 2 0
github.com/trentd187/golf-league/internal/handlers/events.go:685.28,696.4 1 0
github.com/trentd187/golf-league/internal/handlers/events.go:697.3,697.26 1 0
github.com/trentd187/golf-league/internal/handlers/events.go:710.52,711.34 1 0
github.com/trentd187/golf-league/internal/handlers/events.go:711.34,715.17 4 0
github.com/trentd187/golf-league/internal/handlers/events.go:715.17,717.4 1 0
github.com/trentd187/golf-league/internal/handlers/events.go:719.3,720.17 2 0
github.com/trentd187/golf-league/internal/handlers/events.go:720.17,722.4 1 0
github.com/trentd187/golf-league/internal/handlers/events.go:724.3,724.55 1 0
github.com/trentd187/golf-league/internal/handlers/events.go:724.55,726.4 1 0
github.com/trentd187/golf-league/internal/handlers/events.go:728.3,729.44 2 0
github.com/trentd187/golf-league/internal/handlers/events.go:729.44,731.4 1 0
github.com/trentd187/golf-league/internal/handlers/events.go:732.3,732.50 1 0
github.com/trentd187/golf-league/internal/handlers/events.go:732.50,734.4 1 0
github.com/trentd187/golf-league/internal/handlers/events.go:735.3,735.53 1 0
github.com/trentd187/golf-league/internal/handlers/events.go:735.53,737.4 1 0
github.com/trentd187/golf-league/internal/handlers/events.go:738.3,738.30 1 0
github.com/trentd187/golf-league/internal/handlers/events.go:738.30,740.4 1 0
github.com/trentd187/golf-league/internal/handlers/events.go:742.3,743.17 2 0
github.com/trentd187/golf-league/internal/handlers/events.go:743.17,745.4 1 0
github.com/trentd187/golf-league/internal/handlers/events.go:747.3,748.59 2 0
github.com/trentd187/golf-league/internal/handlers/events.go:748.59,750.4 1 0
github.com/trentd187/golf-league/internal/handlers/events.go:752.3,755.28 4 0
github.com/trentd187/golf-league/internal/handlers/events.go:755.28,758.4 1 0
github.com/trentd187/golf-league/internal/handlers/events.go:760.3,760.51 1 0
github.com/trentd187/golf-league/internal/handlers/events.go:760.51,764.27 3 0
github.com/trentd187/golf-league/internal/handlers/events.go:764.27,767.19 2 0
github.com/trentd187/golf-league/internal/handlers/events.go:767.19,769.6 1 0
github.com/trentd187/golf-league/internal/handlers/events.go:770.5,770.73 1 0
github.com/trentd187/golf-league/internal/handlers/events.go:770.73,772.6 1 0
github.com/trentd187/golf-league/internal/handlers/events.go:773.5,774.19 2 0
github.com/trentd187/golf-league/internal/handlers/events.go:774.19,776.6 1 0
github.com/trentd187/golf-league/internal/handlers/events.go:777.5,778.97 2 0
github.com/trentd187/golf-league/internal/handlers/events.go:778.97,780.6 1 0
github.com/trentd187/golf-league/internal/handlers/events.go:781.5,781.20 1 0
github.com/trentd187/golf-league/internal/handlers/events.go:782.10,785.25 2 0
github.com/trentd187/golf-league/internal/handlers/events.go:785.25,787.53 2 0
github.com/trentd187/golf-league/internal/handlers/events.go:787.53,789.7 1 0
github.com/trentd187/golf-league/internal/handlers/events.go:791.6,799.57 2 0
github.com/trentd187/golf-league/internal/handlers/events.go:799.57,801.7 1 0
github.com/trentd187/golf-league/internal/handlers/events.go:802.6,802.27 1 0
github.com/trentd187/golf-league/internal/handlers/events.go:803.11,806.23 3 0
github.com/trentd187/golf-league/internal/handlers/events.go:806.23,816.51 2 0
github.com/trentd187/golf-league/internal/handlers/events.go:816.51,818.8 1 0
github.com/trentd187/golf-league/internal/handlers/events.go:820.6,820.20 1 0
github.com/trentd187/golf-league/internal/handlers/events.go:824.4,831.23 6 0
github.com/trentd187/golf-league/internal/handlers/events.go:831.23,833.5 1 0
github.com/trentd187/golf-league/internal/handlers/events.go:835.4,846.57 2 0
github.com/trentd187/golf-league/internal/handlers/events.go:846.57,848.5 1 0
github.com/trentd187/golf-league/internal/handlers/events.go:850.4,850.34 1 0
github.com/trentd187/golf-league/internal/handlers/events.go:850.34,859.45 2 0
github.com/trentd187/golf-league/internal/handlers/events.go:859.45,863.25 4 0
github.com/trentd187/golf-league/internal/handlers/events.go:863.25,865.7 1 0
github.com/trentd187/golf-league/internal/handlers/events.go:866.6,866.25 1 0
github.com/trentd187/golf-league/internal/handlers/events.go:866.25,873.7 2 0
github.com/trentd187/golf-league/internal/handlers/events.go:876.5,876.51 1 0
github.com/trentd187/golf-league/internal/handlers/events.go:876.51,878.6 1 0
github.com/trentd187/golf-league/internal/handlers/events.go:881.4,881.14 1 0
github.com/trentd187/golf-league/internal/handlers/events.go:884.3,884.19 1 0
github.com/trentd187/golf-league/internal/handlers/events.go:884.19,887.42 1 0
github.com/trentd187/golf-league/internal/handlers/events.go:887.42,889.5 1 0
github.com/trentd187/golf-league/internal/handlers/events.go:890.4,890.105 1 0
github.com/trentd187/golf-league/internal/handlers/events.go:893.3,902.5 1 0
github.com/trentd187/golf-league/internal/handlers/events.go:909.45,910.34 1 0
github.com/trentd187/golf-league/internal/handlers/events.go:910.34,914.17 4 0
github.com/trentd187/golf-league/internal/handlers/events.go:914.17,916.4 1 0
github.com/trentd187/golf-league/internal/handlers/events.go:918.3,919.17 2 0
github.com/trentd187/golf-league/internal/handlers/events.go:919.17,921.4 1 0
github.com/trentd187/golf-league/internal/handlers/events.go:923.3,924.67 2 0
github.com/trentd187/golf-league/internal/handlers/events.go:924.67,926.4 1 0
github.com/trentd187/golf-league/internal/handlers/events.go:928.3,928.55 1 0
github.com/trentd187/golf-league/internal/handlers/events.go:928.55,930.4 1 0
github.com/trentd187/golf-league/internal/handlers/events.go:934.3,934.49 1 0
github.com/trentd187/golf-league/internal/handlers/events.go:934.49,936.4 1 0
github.com/trentd187/golf-league/internal/handlers/events.go:938.3,938.45 1 0
github.com/trentd187/golf-league/internal/handlers/health.go:10.38,13.2 1 1
github.com/trentd187/golf-league/internal/handlers/rounds.go:73.98,74.25 1 0
github.com/trentd187/golf-league/internal/handlers/rounds.go:74.25,77.86 2 0
github.com/trentd187/golf-league/internal/handlers/rounds.go:77.86,79.4 1 0
github.com/trentd187/golf-league/internal/handlers/rounds.go:80.3,80.29 1 0
github.com/trentd187/golf-league/internal/handlers/rounds.go:83.2,84.85 2 0
github.com/trentd187/golf-league/internal/handlers/rounds.go:84.85,86.3 1 0
github.com/trentd187/golf-league/internal/handlers/rounds.go:88.2,90.84 3 0
github.com/trentd187/golf-league/internal/handlers/rounds.go:98.42,99.34 1 0
github.com/trentd187/golf-league/internal/handlers/rounds.go:99.34,103.17 4 0
github.com/trentd187/golf-league/internal/handlers/rounds.go:103.17,105.4 1 0
github.com/trentd187/golf-league/internal/handlers/rounds.go:107.3,108.17 2 0
github.com/trentd187/golf-league/internal/handlers/rounds.go:108.17,110.4 1 0
github.com/trentd187/golf-league/internal/handlers/rounds.go:112.3,113.85 2 0
github.com/trentd187/golf-league/internal/handlers/rounds.go:113.85,115.4 1 0
github.com/trentd187/golf-league/internal/handlers/rounds.go:117.3,125.28 5 0
github.com/trentd187/golf-league/internal/handlers/rounds.go:125.28,142.35 5 0
github.com/trentd187/golf-league/internal/handlers/rounds.go:142.35,149.5 1 0
github.com/trentd187/golf-league/internal/handlers/rounds.go:152.4,153.24 2 0
github.com/trentd187/golf-league/internal/handlers/rounds.go:153.24,156.5 2 0
github.com/trentd187/golf-league/internal/handlers/rounds.go:158.4,164.6 1 0
github.com/trentd187/golf-league/internal/handlers/rounds.go:167.3,178.5 1 0
github.com/trentd187/golf-league/internal/handlers/rounds.go:191.48,192.34 1 0
github.com/trentd187/golf-league/internal/handlers/rounds.go:192.34,196.17 4 0
github.com/trentd187/golf-league/internal/handlers/rounds.go:196.17,198.4 1 0
github.com/trentd187/golf-league/internal/handlers/rounds.go:200.3,201.17 2 0
github.com/trentd187/golf-league/internal/handlers/rounds.go:201.17,203.4 1 0
github.com/trentd187/golf-league/internal/handlers/rounds.go:204.3,205.17 2 0
github.com/trentd187/golf-league/internal/handlers/rounds.go:205.17,207.4 1 0
github.com/trentd187/golf-league/internal/handlers/rounds.go:209.3,210.19 2 0
github.com/trentd187/golf-league/internal/handlers/rounds.go:210.19,212.4 1 0
github.com/trentd187/golf-league/internal/handlers/rounds.go:213.3,213.26 1 0
github.com/trentd187/golf-league/internal/handlers/rounds.go:213.26,215.4 1 0
github.com/trentd187/golf-league/internal/handlers/rounds.go:217.3,218.64 2 0
github.com/trentd187/golf-league/internal/handlers/rounds.go:218.64,220.4 1 0
github.com/trentd187/golf-league/internal/handlers/rounds.go:221.3,222.17 2 0
github.com/trentd187/golf-league/internal/handlers/rounds.go:222.17,224.4 1 0
github.com/trentd187/golf-league/internal/handlers/rounds.go:227.3,228.93 2 0
github.com/trentd187/golf-league/internal/handlers/rounds.go:228.93,230.4 1 0
github.com/trentd187/golf-league/internal/handlers/rounds.go:232.3,234.24 3 0
github.com/trentd187/golf-league/internal/handlers/rounds.go:234.24,236.4 1 0
github.com/trentd187/golf-league/internal/handlers/rounds.go:238.3,240.42 2 0
github.com/trentd187/golf-league/internal/handlers/rounds.go:240.42,242.4 1 0
github.com/trentd187/golf-league/internal/handlers/rounds.go:245.3,248.26 3 0
github.com/trentd187/golf-league/internal/handlers/rounds.go:248.26,254.56 2 0
github.com/trentd187/golf-league/internal/handlers/rounds.go:254.56,256.5 1 0
github.com/trentd187/golf-league/internal/handlers/rounds.go:260.3,265.22 3 0
github.com/trentd187/golf-league/internal/handlers/rounds.go:265.22,267.4 1 0
github.com/trentd187/golf-league/internal/handlers/rounds.go:269.3,273.61 2 0
github.com/trentd187/golf-league/internal/handlers/rounds.go:273.61,275.4 1 0
github.com/trentd187/golf-league/internal/handlers/rounds.go:277.3,277.75 1 0
github.com/trentd187/golf-league/internal/handlers/rounds.go:285.51,286.34 1 0
github.com/trentd187/golf-league/internal/handlers/rounds.go:286.34,290.17 4 0
github.com/trentd187/golf-league/internal/handlers/rounds.go:290.17,292.4 1 0
github.com/trentd187/golf-league/internal/handlers/rounds.go:294.3,295.17 2 0
github.com/trentd187/golf-league/internal/handlers/rounds.go:295.17,297.4 1 0
github.com/trentd187/golf-league/internal/handlers/rounds.go:298.3,299.17 2 0
github.com/trentd187/golf-league/internal/handlers/rounds.go:299.17,301.4 1 0
github.com/trentd187/golf-league/internal/handlers/rounds.go:302.3,303.17 2 0
github.com/trentd187/golf-league/internal/handlers/rounds.go:303.17,305.4 1 0
github.com/trentd187/golf-league/internal/handlers/rounds.go:307.3,308.19 2 0
github.com/trentd187/golf-league/internal/handlers/rounds.go:308.19,310.4 1 0
github.com/trentd187/golf-league/internal/handlers/rounds.go:311.3,311.26 1 0
github.com/trentd187/golf-league/internal/handlers/rounds.go:311.26,313.4 1 0
github.com/trentd187/golf-league/internal/handlers/rounds.go:315.3,316.93 2 0
github.com/trentd187/golf-league/internal/handlers/rounds.go:316.93,318.4 1 0
github.com/trentd187/golf-league/internal/handlers/rounds.go:320.3,322.42 2 0
github.com/trentd187/golf-league/internal/handlers/rounds.go:322.42,324.4 1 0
github.com/trentd187/golf-league/internal/handlers/rounds.go:326.3,328.42 2 0
github.com/trentd187/golf-league/internal/handlers/rounds.go:328.42,330.4 1 0
github.com/trentd187/golf-league/internal/handlers/rounds.go:333.3,333.55 1 0
github.com/trentd187/golf-league/internal/handlers/rounds.go:333.55,335.4 1 0
github.com/trentd187/golf-league/internal/handlers/rounds.go:337.3,337.45 1 0
github.com/trentd187/golf-league/internal/handlers/rounds.go:345.68,362.33 5 0
github.com/trentd187/golf-league/internal/handlers/rounds.go:362.33,369.3 1 0
github.com/trentd187/golf-league/internal/handlers/rounds.go:371.2,372.22 2 0
github.com/trentd187/golf-league/internal/handlers/rounds.go:372.22,376.3 2 0
github.com/trentd187/golf-league/internal/handlers/rounds.go:378.2,384.3 1 0
github.com/trentd187/golf-league/internal/handlers/rounds.go:407.45,408.34 1 0
github.com/trentd187/golf-league/internal/handlers/rounds.go:408.34,412.17 4 0
github.com/trentd187/golf-league/internal/handlers/rounds.go:412.17,414.4 1 0
github.com/trentd187/golf-league/internal/handlers/rounds.go:416.3,417.17 2 0
github.com/trentd187/golf-league/internal/handlers/rounds.go:417.17,419.4 1 0
github.com/trentd187/golf-league/internal/handlers/rounds.go:421.3,422.13 2 0
github.com/trentd187/golf-league/internal/handlers/rounds.go:422.13,424.4 1 0
github.com/trentd187/golf-league/internal/handlers/rounds.go:426.3,427.85 2 0
github.com/trentd187/golf-league/internal/handlers/rounds.go:427.85,429.4 1 0
github.com/trentd187/golf-league/internal/handlers/rounds.go:431.3,432.44 2 0
github.com/trentd187/golf-league/internal/handlers/rounds.go:432.44,434.4 1 0
github.com/trentd187/golf-league/internal/handlers/rounds.go:436.3,436.22 1 0
github.com/trentd187/golf-league/internal/handlers/rounds.go:436.22,437.23 1 0
github.com/trentd187/golf-league/internal/handlers/rounds.go:437.23,439.5 1 0
github.com/trentd187/golf-league/internal/handlers/rounds.go:440.4,440.26 1 0
github.com/trentd187/golf-league/internal/handlers/rounds.go:443.3,443.31 1 0
github.com/trentd187/golf-league/internal/handlers/rounds.go:443.31,444.32 1 0
github.com/trentd187/golf-league/internal/handlers/rounds.go:444.32,446.5 1 0
github.com/trentd187/golf-league/internal/handlers/rounds.go:447.4,448.18 2 0
github.com/trentd187/golf-league/internal/handlers/rounds.go:448.18,450.5 1 0
github.com/trentd187/golf-league/internal/handlers/rounds.go:451.4,451.32 1 0
github.com/trentd187/golf-league/internal/handlers/rounds.go:454.3,454.59 1 0
github.com/trentd187/golf-league/internal/handlers/rounds.go:454.59,456.4 1 0
github.com/trentd187/golf-league/internal/handlers/rounds.go:459.3,459.26 1 0
github.com/trentd187/golf-league/internal/handlers/rounds.go:459.26,460.31 1 0
github.com/trentd187/golf-league/internal/handlers/rounds.go:460.31,462.5 1 0
github.com/trentd187/golf-league/internal/handlers/rounds.go:463.4,464.18 2 0
github.com/trentd187/golf-league/internal/handlers/rounds.go:464.18,466.5 1 0
github.com/trentd187/golf-league/internal/handlers/rounds.go:467.4,468.18 2 0
github.com/trentd187/golf-league/internal/handlers/rounds.go:468.18,470.5 1 0
github.com/trentd187/golf-league/internal/handlers/rounds.go:471.4,472.72 2 0
github.com/trentd187/golf-league/internal/handlers/rounds.go:472.72,474.5 1 0
github.com/trentd187/golf-league/internal/handlers/rounds.go:475.4,476.96 2 0
github.com/trentd187/golf-league/internal/handlers/rounds.go:476.96,478.5 1 0
github.com/trentd187/golf-league/internal/handlers/rounds.go:479.4,480.32 2 0
github.com/trentd187/golf-league/internal/handlers/rounds.go:481.9,481.60 1 0
github.com/trentd187/golf-league/internal/handlers/rounds.go:481.60,484.89 2 0
github.com/trentd187/golf-league/internal/handlers/rounds.go:484.89,486.52 2 0
github.com/trentd187/golf-league/internal/handlers/rounds.go:486.52,488.6 1 0
github.com/trentd187/golf-league/internal/handlers/rounds.go:489.5,497.56 2 0
github.com/trentd187/golf-league/internal/handlers/rounds.go:497.56,499.6 1 0
github.com/trentd187/golf-league/internal/handlers/rounds.go:500.5,501.39 2 0
github.com/trentd187/golf-league/internal/handlers/rounds.go:502.10,505.82 3 0
github.com/trentd187/golf-league/internal/handlers/rounds.go:505.82,514.50 2 0
github.com/trentd187/golf-league/internal/handlers/rounds.go:514.50,516.7 1 0
github.com/trentd187/golf-league/internal/handlers/rounds.go:518.5,518.32 1 0
github.com/trentd187/golf-league/internal/handlers/rounds.go:522.3,522.47 1 0
github.com/trentd187/golf-league/internal/handlers/rounds.go:522.47,524.4 1 0
github.com/trentd187/golf-league/internal/handlers/rounds.go:527.3,537.5 2 0
github.com/trentd187/golf-league/internal/handlers/rounds.go:544.45,545.34 1 0
github.com/trentd187/golf-league/internal/handlers/rounds.go:545.34,549.17 4 0
github.com/trentd187/golf-league/internal/handlers/rounds.go:549.17,551.4 1 0
github.com/trentd187/golf-league/internal/handlers/rounds.go:553.3,554.17 2 0
github.com/trentd187/golf-league/internal/handlers/rounds.go:554.17,556.4 1 0
github.com/trentd187/golf-league/internal/handlers/rounds.go:558.3,559.13 2 0
github.com/trentd187/golf-league/internal/handlers/rounds.go:559.13,561.4 1 0
github.com/trentd187/golf-league/internal/handlers/rounds.go:563.3,564.67 2 0
github.com/trentd187/golf-league/internal/handlers/rounds.go:564.67,566.4 1 0
github.com/trentd187/golf-league/internal/handlers/rounds.go:570.3,570.49 1 0
github.com/trentd187/golf-league/internal/handlers/rounds.go:570.49,572.4 1 0
github.com/trentd187/golf-league/internal/handlers/rounds.go:574.3,574.45 1 0
github.com/trentd187/golf-league/internal/handlers/users.go:41.42,42.34 1 0
github.com/trentd187/golf-league/internal/handlers/users.go:42.34,51.27 5 0
github.com/trentd187/golf-league/internal/handlers/users.go:51.27,57.4 1 0
github.com/trentd187/golf-league/internal/handlers/users.go:59.3,59.26 1 0
github.com/trentd187/golf-league/internal/handlers/users.go:76.72,77.34 1 0
github.com/trentd187/golf-league/internal/handlers/users.go:77.34,79.31 2 0
github.com/trentd187/golf-league/internal/handlers/users.go:79.31,81.4 1 0
github.com/trentd187/golf-league/internal/handlers/users.go:83.3,84.93 2 0
github.com/trentd187/golf-league/internal/handlers/users.go:84.93,86.4 1 0
github.com/trentd187/golf-league/internal/handlers/users.go:89.3,89.49 1 0
github.com/trentd187/golf-league/internal/handlers/users.go:89.49,91.4 1 0
github.com/trentd187/golf-league/internal/handlers/users.go:93.3,94.17 2 0
github.com/trentd187/golf-league/internal/handlers/users.go:94.17,96.4 1 0
github.com/trentd187/golf-league/internal/handlers/users.go:98.3,99.17 2 0
github.com/trentd187/golf-league/internal/handlers/users.go:99.17,101.4 1 0
github.com/trentd187/golf-league/internal/handlers/users.go:102.3,115.24 7 0
github.com/trentd187/golf-league/internal/handlers/users.go:115.24,117.4 1 0
github.com/trentd187/golf-league/internal/handlers/users.go:118.3,121.17 3 0
github.com/trentd187/golf-league/internal/handlers/users.go:121.17,123.4 1 0
github.com/trentd187/golf-league/internal/handlers/users.go:125.3,125.47 1 0
github.com/trentd187/golf-league/internal/handlers/users.go:125.47,127.4 1 0
github.com/trentd187/golf-league/internal/handlers/users.go:129.3,136.17 4 0
github.com/trentd187/golf-league/internal/handlers/users.go:136.17,138.4 1 0
github.com/trentd187/golf-league/internal/handlers/users.go:139.3,145.17 5 0
github.com/trentd187/golf-league/internal/handlers/users.go:145.17,147.4 1 0
github.com/trentd187/golf-league/internal/handlers/users.go:148.3,150.54 2 0
github.com/trentd187/golf-league/internal/handlers/users.go:150.54,153.79 2 0
github.com/trentd187/golf-league/internal/handlers/users.go:153.79,155.5 1 0
github.com/trentd187/golf-league/internal/handlers/users.go:156.4,156.51 1 0
github.com/trentd187/golf-league/internal/handlers/users.go:159.3,159.44 1 0
github.com/trentd187/golf-league/internal/middleware/auth.go:49.58,53.16 2 0
github.com/trentd187/golf-league/internal/middleware/auth.go:53.16,55.3 1 0
github.com/trentd187/golf-league/internal/middleware/auth.go:57.2,57.34 1 0
github.com/trentd187/golf-league/internal/middleware/auth.go:57.34,59.71 2 0
github.com/trentd187/golf-league/internal/middleware/auth.go:59.71,63.4 1 0
github.com/trentd187/golf-league/internal/middleware/auth.go:65.3,71.33 3 0
github.com/trentd187/golf-league/internal/middleware/auth.go:71.33,75.4 1 0
github.com/trentd187/golf-league/internal/middleware/auth.go:77.3,78.10 2 0
github.com/trentd187/golf-league/internal/middleware/auth.go:78.10,82.4 1 0
github.com/trentd187/golf-league/internal/middleware/auth.go:85.3,86.24 2 0
github.com/trentd187/golf-league/internal/middleware/auth.go:86.24,90.4 1 0
github.com/trentd187/golf-league/internal/middleware/auth.go:93.3,98.18 3 0
github.com/trentd187/golf-league/internal/middleware/auth.go:98.18,100.4 1 0
github.com/trentd187/golf-league/internal/middleware/auth.go:102.3,103.17 2 0
github.com/trentd187/golf-league/internal/middleware/auth.go:103.17,105.4 1 0
github.com/trentd187/golf-league/internal/middleware/auth.go:107.3,111.26 3 0
github.com/trentd187/golf-league/internal/middleware/auth.go:111.26,112.46 1 0
github.com/trentd187/golf-league/internal/middleware/auth.go:112.46,116.5 1 0
github.com/trentd187/golf-league/internal/middleware/auth.go:118.4,124.49 2 0
github.com/trentd187/golf-league/internal/middleware/auth.go:124.49,128.5 1 0
github.com/trentd187/golf-league/internal/middleware/auth.go:134.4,134.25 1 0
github.com/trentd187/golf-league/internal/middleware/auth.go:134.25,135.82 1 0
github.com/trentd187/golf-league/internal/middleware/auth.go:135.82,137.6 1 0
github.com/trentd187/golf-league/internal/middleware/auth.go:139.9,145.46 2 0
github.com/trentd187/golf-league/internal/middleware/auth.go:145.46,147.5 1 0
github.com/trentd187/golf-league/internal/middleware/auth.go:151.4,151.60 1 0
github.com/trentd187/golf-league/internal/middleware/auth.go:151.60,153.5 1 0
github.com/trentd187/golf-league/internal/middleware/auth.go:154.4,154.56 1 0
github.com/trentd187/golf-league/internal/middleware/auth.go:154.56,156.5 1 0
github.com/trentd187/golf-league/internal/middleware/auth.go:158.4,158.24 1 0
github.com/trentd187/golf-league/internal/middleware/auth.go:158.24,164.55 2 0
github.com/trentd187/golf-league/internal/middleware/auth.go:164.55,166.6 1 0
github.com/trentd187/golf-league/internal/middleware/auth.go:167.5,167.54 1 0
github.com/trentd187/golf-league/internal/middleware/auth.go:167.54,169.6 1 0
github.com/trentd187/golf-league/internal/middleware/auth.go:170.5,170.47 1 0
github.com/trentd187/golf-league/internal/middleware/auth.go:170.47,172.6 1 0
github.com/trentd187/golf-league/internal/middleware/auth.go:177.3,180.18 3 0
github.com/trentd187/golf-league/internal/middleware/auth.go:186.46,187.11 1 0
github.com/trentd187/golf-league/internal/middleware/auth.go:188.15,189.30 1 0
github.com/trentd187/golf-league/internal/middleware/auth.go:190.17,191.32 1 0
github.com/trentd187/golf-league/internal/middleware/auth.go:192.10,193.29 1 0
github.com/trentd187/golf-league/internal/middleware/auth.go:208.65,214.16 4 0
github.com/trentd187/golf-league/internal/middleware/auth.go:214.16,216.3 1 0
github.com/trentd187/golf-league/internal/middleware/auth.go:218.2,225.16 5 0
github.com/trentd187/golf-league/internal/middleware/auth.go:225.16,227.3 1 0
github.com/trentd187/golf-league/internal/middleware/auth.go:228.2,230.28 2 0
github.com/trentd187/golf-league/internal/middleware/auth.go:230.28,232.3 1 0
github.com/trentd187/golf-league/internal/middleware/auth.go:234.2,234.12 1 0
github.com/trentd187/golf-league/internal/middleware/roles.go:18.49,19.34 1 0
github.com/trentd187/golf-league/internal/middleware/roles.go:19.34,23.28 2 0
github.com/trentd187/golf-league/internal/middleware/roles.go:23.28,27.4 1 0
github.com/trentd187/golf-league/internal/middleware/roles.go:29.3,29.30 1 0
github.com/trentd187/golf-league/internal/middleware/roles.go:29.30,30.24 1 0
github.com/trentd187/golf-league/internal/middleware/roles.go:30.24,32.5 1 0
github.com/trentd187/golf-league/internal/middleware/roles.go:35.3,37.5 1 0
