mode: set
github.com/trentd187/golf-league/internal/handlers/courses.go:157.52,159.16 2 0
github.com/trentd187/golf-league/internal/handlers/courses.go:159.16,162.3 2 0
github.com/trentd187/golf-league/internal/handlers/courses.go:163.2,163.17 1 0
github.com/trentd187/golf-league/internal/handlers/courses.go:167.49,169.16 2 0
github.com/trentd187/golf-league/internal/handlers/courses.go:169.16,172.3 2 0
github.com/trentd187/golf-league/internal/handlers/courses.go:173.2,173.17 1 0
github.com/trentd187/golf-league/internal/handlers/courses.go:188.79,190.25 2 0
github.com/trentd187/golf-league/internal/handlers/courses.go:190.25,192.3 1 0
github.com/trentd187/golf-league/internal/handlers/courses.go:193.2,193.9 1 0
github.com/trentd187/golf-league/internal/handlers/courses.go:194.50,195.85 1 0
github.com/trentd187/golf-league/internal/handlers/courses.go:196.47,197.82 1 0
github.com/trentd187/golf-league/internal/handlers/courses.go:198.48,199.83 1 0
github.com/trentd187/golf-league/internal/handlers/courses.go:200.47,203.5 1 0
github.com/trentd187/golf-league/internal/handlers/courses.go:204.53,207.5 1 0
github.com/trentd187/golf-league/internal/handlers/courses.go:208.60,211.5 1 0
github.com/trentd187/golf-league/internal/handlers/courses.go:214.2,215.26 2 0
github.com/trentd187/golf-league/internal/handlers/courses.go:215.26,220.3 1 0
github.com/trentd187/golf-league/internal/handlers/courses.go:225.2,226.26 2 0
github.com/trentd187/golf-league/internal/handlers/courses.go:226.26,231.3 2 0
github.com/trentd187/golf-league/internal/handlers/courses.go:235.2,236.88 2 0
github.com/trentd187/golf-league/internal/handlers/courses.go:239.61,241.26 2 0
github.com/trentd187/golf-league/internal/handlers/courses.go:241.26,248.3 1 0
github.com/trentd187/golf-league/internal/handlers/courses.go:249.2,249.12 1 0
github.com/trentd187/golf-league/internal/handlers/courses.go:252.73,262.2 1 0
github.com/trentd187/golf-league/internal/handlers/courses.go:264.67,267.34 3 0
github.com/trentd187/golf-league/internal/handlers/courses.go:267.34,269.21 2 0
github.com/trentd187/golf-league/internal/handlers/courses.go:269.21,271.4 1 0
github.com/trentd187/golf-league/internal/handlers/courses.go:272.3,272.52 1 0
github.com/trentd187/golf-league/internal/handlers/courses.go:274.2,286.3 1 0
github.com/trentd187/golf-league/internal/handlers/courses.go:293.60,294.34 1 0
github.com/trentd187/golf-league/internal/handlers/courses.go:294.34,302.17 2 0
github.com/trentd187/golf-league/internal/handlers/courses.go:302.17,304.4 1 0
github.com/trentd187/golf-league/internal/handlers/courses.go:306.3,307.30 2 0
github.com/trentd187/golf-league/internal/handlers/courses.go:307.30,317.4 1 0
github.com/trentd187/golf-league/internal/handlers/courses.go:318.3,318.21 1 0
github.com/trentd187/golf-league/internal/handlers/courses.go:323.59,324.34 1 0
github.com/trentd187/golf-league/internal/handlers/courses.go:324.34,326.10 2 0
github.com/trentd187/golf-league/internal/handlers/courses.go:326.10,328.4 1 0
github.com/trentd187/golf-league/internal/handlers/courses.go:329.3,330.17 2 0
github.com/trentd187/golf-league/internal/handlers/courses.go:330.17,332.4 1 0
github.com/trentd187/golf-league/internal/handlers/courses.go:333.3,333.43 1 0
github.com/trentd187/golf-league/internal/handlers/courses.go:338.62,339.34 1 0
github.com/trentd187/golf-league/internal/handlers/courses.go:339.34,341.44 2 0
github.com/trentd187/golf-league/internal/handlers/courses.go:341.44,343.4 1 0
github.com/trentd187/golf-league/internal/handlers/courses.go:344.3,350.17 2 0
github.com/trentd187/golf-league/internal/handlers/courses.go:350.17,352.4 1 0
github.com/trentd187/golf-league/internal/handlers/courses.go:353.3,353.71 1 0
github.com/trentd187/golf-league/internal/handlers/courses.go:358.62,359.34 1 0
github.com/trentd187/golf-league/internal/handlers/courses.go:359.34,361.10 2 0
github.com/trentd187/golf-league/internal/handlers/courses.go:361.10,363.4 1 0
github.com/trentd187/golf-league/internal/handlers/courses.go:364.3,365.44 2 0
github.com/trentd187/golf-league/internal/handlers/courses.go:365.44,367.4 1 0
github.com/trentd187/golf-league/internal/handlers/courses.go:368.3,374.17 2 0
github.com/trentd187/golf-league/internal/handlers/courses.go:374.17,376.4 1 0
github.com/trentd187/golf-league/internal/handlers/courses.go:377.3,377.43 1 0
github.com/trentd187/golf-league/internal/handlers/courses.go:382.59,383.34 1 0
github.com/trentd187/golf-league/internal/handlers/courses.go:383.34,385.10 2 0
github.com/trentd187/golf-league/internal/handlers/courses.go:385.10,387.4 1 0
github.com/trentd187/golf-league/internal/handlers/courses.go:388.3,389.44 2 0
github.com/trentd187/golf-league/internal/handlers/courses.go:389.44,391.4 1 0
github.com/trentd187/golf-league/internal/handlers/courses.go:392.3,399.17 2 0
github.com/trentd187/golf-league/internal/handlers/courses.go:399.17,401.4 1 0
github.com/trentd187/golf-league/internal/handlers/courses.go:402.3,402.85 1 0
github.com/trentd187/golf-league/internal/handlers/courses.go:407.59,408.34 1 0
github.com/trentd187/golf-league/internal/handlers/courses.go:408.34,410.10 2 0
github.com/trentd187/golf-league/internal/handlers/courses.go:410.10,412.4 1 0
github.com/trentd187/golf-league/internal/handlers/courses.go:413.3,414.10 2 0
github.com/trentd187/golf-league/internal/handlers/courses.go:414.10,416.4 1 0
github.com/trentd187/golf-league/internal/handlers/courses.go:417.3,418.44 2 0
github.com/trentd187/golf-league/internal/handlers/courses.go:418.44,420.4 1 0
github.com/trentd187/golf-league/internal/handlers/courses.go:421.3,428.17 2 0
github.com/trentd187/golf-league/internal/handlers/courses.go:428.17,430.4 1 0
github.com/trentd187/golf-league/internal/handlers/courses.go:431.3,431.66 1 0
github.com/trentd187/golf-league/internal/handlers/courses.go:436.59,437.34 1 0
github.com/trentd187/golf-league/internal/handlers/courses.go:437.34,439.10 2 0
github.com/trentd187/golf-league/internal/handlers/courses.go:439.10,441.4 1 0
github.com/trentd187/golf-league/internal/handlers/courses.go:442.3,443.10 2 0
github.com/trentd187/golf-league/internal/handlers/courses.go:443.10,445.4 1 0
github.com/trentd187/golf-league/internal/handlers/courses.go:446.3,446.73 1 0
github.com/trentd187/golf-league/internal/handlers/courses.go:446.73,448.4 1 0
github.com/trentd187/golf-league/internal/handlers/courses.go:449.3,449.45 1 0
github.com/trentd187/golf-league/internal/handlers/courses.go:454.61,455.34 1 0
github.com/trentd187/golf-league/internal/handlers/courses.go:455.34,457.10 2 0
github.com/trentd187/golf-league/internal/handlers/courses.go:457.10,459.4 1 0
github.com/trentd187/golf-league/internal/handlers/courses.go:460.3,461.10 2 0
github.com/trentd187/golf-league/internal/handlers/courses.go:461.10,463.4 1 0
github.com/trentd187/golf-league/internal/handlers/courses.go:464.3,465.44 2 0
github.com/trentd187/golf-league/internal/handlers/courses.go:465.44,467.4 1 0
github.com/trentd187/golf-league/internal/handlers/courses.go:468.3,469.31 2 0
github.com/trentd187/golf-league/internal/handlers/courses.go:469.31,476.4 1 0
github.com/trentd187/golf-league/internal/handlers/courses.go:477.3,478.17 2 0
github.com/trentd187/golf-league/internal/handlers/courses.go:478.17,480.4 1 0
github.com/trentd187/golf-league/internal/handlers/courses.go:481.3,481.66 1 0
github.com/trentd187/golf-league/internal/handlers/courses.go:486.60,487.34 1 0
github.com/trentd187/golf-league/internal/handlers/courses.go:487.34,489.10 2 0
github.com/trentd187/golf-league/internal/handlers/courses.go:489.10,491.4 1 0
github.com/trentd187/golf-league/internal/handlers/courses.go:492.3,493.10 2 0
github.com/trentd187/golf-league/internal/handlers/courses.go:493.10,495.4 1 0
github.com/trentd187/golf-league/internal/handlers/courses.go:496.3,497.21 2 0
github.com/trentd187/golf-league/internal/handlers/courses.go:497.21,501.4 1 0
github.com/trentd187/golf-league/internal/handlers/courses.go:502.3,503.44 2 0
github.com/trentd187/golf-league/internal/handlers/courses.go:503.44,505.4 1 0
github.com/trentd187/golf-league/internal/handlers/courses.go:506.3,511.17 2 0
github.com/trentd187/golf-league/internal/handlers/courses.go:511.17,513.4 1 0
github.com/trentd187/golf-league/internal/handlers/courses.go:514.3,519.5 1 0
github.com/trentd187/golf-league/internal/handlers/courses.go:526.70,527.34 1 0
github.com/trentd187/golf-league/internal/handlers/courses.go:527.34,529.44 2 0
github.com/trentd187/golf-league/internal/handlers/courses.go:529.44,531.4 1 0
github.com/trentd187/golf-league/internal/handlers/courses.go:532.3,533.17 2 0
github.com/trentd187/golf-league/internal/handlers/courses.go:533.17,535.4 1 0
github.com/trentd187/golf-league/internal/handlers/courses.go:536.3,537.29 2 0
github.com/trentd187/golf-league/internal/handlers/courses.go:537.29,539.4 1 0
github.com/trentd187/golf-league/internal/handlers/courses.go:540.3,540.21 1 0
github.com/trentd187/golf-league/internal/handlers/courses.go:545.70,546.34 1 0
github.com/trentd187/golf-league/internal/handlers/courses.go:546.34,548.44 2 0
github.com/trentd187/golf-league/internal/handlers/courses.go:548.44,550.4 1 0
github.com/trentd187/golf-league/internal/handlers/courses.go:551.3,552.17 2 0
github.com/trentd187/golf-league/internal/handlers/courses.go:552.17,554.4 1 0
github.com/trentd187/golf-league/internal/handlers/courses.go:555.3,555.71 1 0
github.com/trentd187/golf-league/internal/handlers/courses.go:560.63,561.34 1 0
github.com/trentd187/golf-league/internal/handlers/courses.go:561.34,565.10 2 0
github.com/trentd187/golf-league/internal/handlers/courses.go:565.10,567.4 1 0
github.com/trentd187/golf-league/internal/handlers/courses.go:568.3,569.17 2 0
github.com/trentd187/golf-league/internal/handlers/courses.go:569.17,571.4 1 0
github.com/trentd187/golf-league/internal/handlers/courses.go:572.3,572.43 1 0
github.com/trentd187/golf-league/internal/handlers/events.go:146.47,147.14 1 0
github.com/trentd187/golf-league/internal/handlers/events.go:147.14,149.3 1 0
github.com/trentd187/golf-league/internal/handlers/events.go:150.2,151.11 2 0
github.com/trentd187/golf-league/internal/handlers/events.go:157.55,161.16 4 0
github.com/trentd187/golf-league/internal/handlers/events.go:161.16,164.3 2 0
github.com/trentd187/golf-league/internal/handlers/events.go:165.2,165.31 1 0
github.com/trentd187/golf-league/internal/handlers/events.go:169.51,171.16 2 0
github.com/trentd187/golf-league/internal/handlers/events.go:171.16,174.3 2 0
github.com/trentd187/golf-league/internal/handlers/events.go:175.2,175.17 1 0
github.com/trentd187/golf-league/internal/handlers/events.go:183.78,185.25 2 0
github.com/trentd187/golf-league/internal/handlers/events.go:185.25,187.3 1 0
github.com/trentd187/golf-league/internal/handlers/events.go:188.2,188.9 1 0
github.com/trentd187/golf-league/internal/handlers/events.go:189.49,190.84 1 0
github.com/trentd187/golf-league/internal/handlers/events.go:191.48,192.83 1 0
github.com/trentd187/golf-league/internal/handlers/events.go:193.50,194.85 1 0
github.com/trentd187/golf-league/internal/handlers/events.go:195.55,196.91 1 0
github.com/trentd187/golf-league/internal/handlers/events.go:197.50,198.84 1 0
github.com/trentd187/golf-league/internal/handlers/events.go:199.50,200.96 1 0
github.com/trentd187/golf-league/internal/handlers/events.go:201.50,202.105 1 0
github.com/trentd187/golf-league/internal/handlers/events.go:203.55,204.93 1 0
github.com/trentd187/golf-league/internal/handlers/events.go:205.49,208.5 1 0
github.com/trentd187/golf-league/internal/handlers/events.go:209.47,210.107 1 0
github.com/trentd187/golf-league/internal/handlers/events.go:212.2,213.88 2 0
github.com/trentd187/golf-league/internal/handlers/events.go:217.68,232.2 1 0
github.com/trentd187/golf-league/internal/handlers/events.go:234.69,244.2 1 0
github.com/trentd187/golf-league/internal/handlers/events.go:249.58,250.34 1 0
github.com/trentd187/golf-league/internal/handlers/events.go:250.34,252.10 2 0
github.com/trentd187/golf-league/internal/handlers/events.go:252.10,254.4 1 0
github.com/trentd187/golf-league/internal/handlers/events.go:255.3,260.17 2 0
github.com/trentd187/golf-league/internal/handlers/events.go:260.17,262.4 1 0
github.com/trentd187/golf-league/internal/handlers/events.go:263.3,264.30 2 0
github.com/trentd187/golf-league/internal/handlers/events.go:264.30,266.4 1 0
github.com/trentd187/golf-league/internal/handlers/events.go:267.3,267.21 1 0
github.com/trentd187/golf-league/internal/handlers/events.go:273.60,274.34 1 0
github.com/trentd187/golf-league/internal/handlers/events.go:274.34,276.10 2 0
github.com/trentd187/golf-league/internal/handlers/events.go:276.10,278.4 1 0
github.com/trentd187/golf-league/internal/handlers/events.go:279.3,280.44 2 0
github.com/trentd187/golf-league/internal/handlers/events.go:280.44,282.4 1 0
github.com/trentd187/golf-league/internal/handlers/events.go:283.3,293.17 2 0
github.com/trentd187/golf-league/internal/handlers/events.go:293.17,295.4 1 0
github.com/trentd187/golf-league/internal/handlers/events.go:296.3,301.70 2 0
github.com/trentd187/golf-league/internal/handlers/events.go:306.57,307.34 1 0
github.com/trentd187/golf-league/internal/handlers/events.go:307.34,309.10 2 0
github.com/trentd187/golf-league/internal/handlers/events.go:309.10,311.4 1 0
github.com/trentd187/golf-league/internal/handlers/events.go:312.3,313.10 2 0
github.com/trentd187/golf-league/internal/handlers/events.go:313.10,315.4 1 0
github.com/trentd187/golf-league/internal/handlers/events.go:316.3,317.17 2 0
github.com/trentd187/golf-league/internal/handlers/events.go:317.17,319.4 1 0
github.com/trentd187/golf-league/internal/handlers/events.go:320.3,321.36 2 0
github.com/trentd187/golf-league/internal/handlers/events.go:321.36,323.4 1 0
github.com/trentd187/golf-league/internal/handlers/events.go:324.3,331.5 1 0
github.com/trentd187/golf-league/internal/handlers/events.go:338.60,339.34 1 0
github.com/trentd187/golf-league/internal/handlers/events.go:339.34,341.10 2 0
github.com/trentd187/golf-league/internal/handlers/events.go:341.10,343.4 1 0
github.com/trentd187/golf-league/internal/handlers/events.go:344.3,345.10 2 0
github.com/trentd187/golf-league/internal/handlers/events.go:345.10,347.4 1 0
github.com/trentd187/golf-league/internal/handlers/events.go:348.3,349.44 2 0
github.com/trentd187/golf-league/internal/handlers/events.go:349.44,351.4 1 0
github.com/trentd187/golf-league/internal/handlers/events.go:352.3,361.17 2 0
github.com/trentd187/golf-league/internal/handlers/events.go:361.17,363.4 1 0
github.com/trentd187/golf-league/internal/handlers/events.go:365.3,365.27 1 0
github.com/trentd187/golf-league/internal/handlers/events.go:365.27,370.4 1 0
github.com/trentd187/golf-league/internal/handlers/events.go:372.3,372.30 1 0
github.com/trentd187/golf-league/internal/handlers/events.go:372.30,373.124 1 0
github.com/trentd187/golf-league/internal/handlers/events.go:373.124,379.5 1 0
github.com/trentd187/golf-league/internal/handlers/events.go:379.10,384.5 1 0
github.com/trentd187/golf-league/internal/handlers/events.go:387.3,391.6 1 0
github.com/trentd187/golf-league/internal/handlers/events.go:396.60,397.34 1 0
github.com/trentd187/golf-league/internal/handlers/events.go:397.34,399.10 2 0
github.com/trentd187/golf-league/internal/handlers/events.go:399.10,401.4 1 0
github.com/trentd187/golf-league/internal/handlers/events.go:402.3,403.10 2 0
github.com/trentd187/golf-league/internal/handlers/events.go:403.10,405.4 1 0
github.com/trentd187/golf-league/internal/handlers/events.go:406.3,406.80 1 0
github.com/trentd187/golf-league/internal/handlers/events.go:406.80,408.4 1 0
github.com/trentd187/golf-league/internal/handlers/events.go:409.3,409.45 1 0
github.com/trentd187/golf-league/internal/handlers/events.go:414.64,415.34 1 0
github.com/trentd187/golf-league/internal/handlers/events.go:415.34,417.10 2 0
github.com/trentd187/golf-league/internal/handlers/events.go:417.10,419.4 1 0
github.com/trentd187/golf-league/internal/handlers/events.go:420.3,421.17 2 0
github.com/trentd187/golf-league/internal/handlers/events.go:421.17,423.4 1 0
github.com/trentd187/golf-league/internal/handlers/events.go:424.3,425.29 2 0
github.com/trentd187/golf-league/internal/handlers/events.go:425.29,427.4 1 0
github.com/trentd187/golf-league/internal/handlers/events.go:428.3,428.21 1 0
github.com/trentd187/golf-league/internal/handlers/events.go:433.63,434.34 1 0
github.com/trentd187/golf-league/internal/handlers/events.go:434.34,436.10 2 0
github.com/trentd187/golf-league/internal/handlers/events.go:436.10,438.4 1 0
github.com/trentd187/golf-league/internal/handlers/events.go:439.3,440.10 2 0
github.com/trentd187/golf-league/internal/handlers/events.go:440.10,442.4 1 0
github.com/trentd187/golf-league/internal/handlers/events.go:443.3,444.44 2 0
github.com/trentd187/golf-league/internal/handlers/events.go:444.44,446.4 1 0
github.com/trentd187/golf-league/internal/handlers/events.go:447.3,448.17 2 0
github.com/trentd187/golf-league/internal/handlers/events.go:448.17,450.4 1 0
github.com/trentd187/golf-league/internal/handlers/events.go:451.3,452.17 2 0
github.com/trentd187/golf-league/internal/handlers/events.go:452.17,454.4 1 0
github.com/trentd187/golf-league/internal/handlers/events.go:455.3,455.73 1 0
github.com/trentd187/golf-league/internal/handlers/events.go:460.66,461.34 1 0
github.com/trentd187/golf-league/internal/handlers/events.go:461.34,463.10 2 0
github.com/trentd187/golf-league/internal/handlers/events.go:463.10,465.4 1 0
github.com/trentd187/golf-league/internal/handlers/events.go:466.3,467.10 2 0
github.com/trentd187/golf-league/internal/handlers/events.go:467.10,469.4 1 0
github.com/trentd187/golf-league/internal/handlers/events.go:470.3,471.17 2 0
github.com/trentd187/golf-league/internal/handlers/events.go:471.17,473.4 1 0
github.com/trentd187/golf-league/internal/handlers/events.go:474.3,474.100 1 0
github.com/trentd187/golf-league/internal/handlers/events.go:474.100,476.4 1 0
github.com/trentd187/golf-league/internal/handlers/events.go:477.3,477.45 1 0
github.com/trentd187/golf-league/internal/handlers/events.go:482.63,483.34 1 0
github.com/trentd187/golf-league/internal/handlers/events.go:483.34,485.10 2 0
github.com/trentd187/golf-league/internal/handlers/events.go:485.10,487.4 1 0
github.com/trentd187/golf-league/internal/handlers/events.go:488.3,489.17 2 0
github.com/trentd187/golf-league/internal/handlers/events.go:489.17,491.4 1 0
github.com/trentd187/golf-league/internal/handlers/events.go:492.3,493.30 2 0
github.com/trentd187/golf-league/internal/handlers/events.go:493.30,504.4 1 0
github.com/trentd187/golf-league/internal/handlers/events.go:505.3,505.21 1 0
github.com/trentd187/golf-league/internal/handlers/events.go:511.64,512.34 1 0
github.com/trentd187/golf-league/internal/handlers/events.go:512.34,514.10 2 0
github.com/trentd187/golf-league/internal/handlers/events.go:514.10,516.4 1 0
github.com/trentd187/golf-league/internal/handlers/events.go:517.3,518.17 2 0
github.com/trentd187/golf-league/internal/handlers/events.go:518.17,520.4 1 0
github.com/trentd187/golf-league/internal/handlers/events.go:521.3,522.30 2 0
github.com/trentd187/golf-league/internal/handlers/events.go:522.30,524.4 1 0
github.com/trentd187/golf-league/internal/handlers/events.go:525.3,525.21 1 0
github.com/trentd187/golf-league/internal/handlers/events.go:530.65,531.34 1 0
github.com/trentd187/golf-league/internal/handlers/events.go:531.34,533.10 2 0
github.com/trentd187/golf-league/internal/handlers/events.go:533.10,535.4 1 0
github.com/trentd187/golf-league/internal/handlers/events.go:536.3,537.10 2 0
github.com/trentd187/golf-league/internal/handlers/events.go:537.10,539.4 1 0
github.com/trentd187/golf-league/internal/handlers/events.go:540.3,540.75 1 0
github.com/trentd187/golf-league/internal/handlers/events.go:540.75,542.4 1 0
github.com/trentd187/golf-league/internal/handlers/events.go:543.3,543.45 1 0
github.com/trentd187/golf-league/internal/handlers/events.go:549.64,550.34 1 0
github.com/trentd187/golf-league/internal/handlers/events.go:550.34,552.10 2 0
github.com/trentd187/golf-league/internal/handlers/events.go:552.10,554.4 1 0
github.com/trentd187/golf-league/internal/handlers/events.go:555.3,556.10 2 0
github.com/trentd187/golf-league/internal/handlers/events.go:556.10,558.4 1 0
github.com/trentd187/golf-league/internal/handlers/events.go:559.3,560.17 2 0
github.com/trentd187/golf-league/internal/handlers/events.go:560.17,562.4 1 0
github.com/trentd187/golf-league/internal/handlers/events.go:563.3,564.27 2 0
github.com/trentd187/golf-league/internal/handlers/events.go:564.27,566.4 1 0
github.com/trentd187/golf-league/internal/handlers/events.go:567.3,567.21 1 0
github.com/trentd187/golf-league/internal/handlers/events.go:573.66,574.34 1 0
github.com/trentd187/golf-league/internal/handlers/events.go:574.34,576.10 2 0
github.com/trentd187/golf-league/internal/handlers/events.go:576.10,578.4 1 0
github.com/trentd187/golf-league/internal/handlers/events.go:579.3,580.10 2 0
github.com/trentd187/golf-league/internal/handlers/events.go:580.10,582.4 1 0
github.com/trentd187/golf-league/internal/handlers/events.go:583.3,584.17 2 0
github.com/trentd187/golf-league/internal/handlers/events.go:584.17,586.4 1 0
github.com/trentd187/golf-league/internal/handlers/events.go:587.3,588.44 2 0
github.com/trentd187/golf-league/internal/handlers/events.go:588.44,590.4 1 0
github.com/trentd187/golf-league/internal/handlers/events.go:591.3,591.118 1 0
github.com/trentd187/golf-league/internal/handlers/events.go:591.118,593.4 1 0
github.com/trentd187/golf-league/internal/handlers/events.go:594.3,594.45 1 0
github.com/trentd187/golf-league/internal/handlers/events.go:600.65,601.34 1 0
github.com/trentd187/golf-league/internal/handlers/events.go:601.34,603.10 2 0
github.com/trentd187/golf-league/internal/handlers/events.go:603.10,605.4 1 0
github.com/trentd187/golf-league/internal/handlers/events.go:606.3,607.10 2 0
github.com/trentd187/golf-league/internal/handlers/events.go:607.10,609.4 1 0
github.com/trentd187/golf-league/internal/handlers/events.go:610.3,611.17 2 0
github.com/trentd187/golf-league/internal/handlers/events.go:611.17,613.4 1 0
github.com/trentd187/golf-league/internal/handlers/events.go:614.3,615.44 2 0
github.com/trentd187/golf-league/internal/handlers/events.go:615.44,617.4 1 0
github.com/trentd187/golf-league/internal/handlers/events.go:618.3,618.114 1 0
github.com/trentd187/golf-league/internal/handlers/events.go:618.114,620.4 1 0
github.com/trentd187/golf-league/internal/handlers/events.go:621.3,621.45 1 0
github.com/trentd187/golf-league/internal/handlers/events.go:630.72,631.34 1 0
github.com/trentd187/golf-league/internal/handlers/events.go:631.34,633.10 2 0
github.com/trentd187/golf-league/internal/handlers/events.go:633.10,635.4 1 0
github.com/trentd187/golf-league/internal/handlers/events.go:636.3,637.10 2 0
github.com/trentd187/golf-league/internal/handlers/events.go:637.10,639.4 1 0
github.com/trentd187/golf-league/internal/handlers/events.go:641.3,642.44 2 0
github.com/trentd187/golf-league/internal/handlers/events.go:642.44,644.4 1 0
github.com/trentd187/golf-league/internal/handlers/events.go:646.3,647.32 2 0
github.com/trentd187/golf-league/internal/handlers/events.go:647.32,649.4 1 0
github.com/trentd187/golf-league/internal/handlers/events.go:651.3,661.17 2 0
github.com/trentd187/golf-league/internal/handlers/events.go:661.17,663.4 1 0
github.com/trentd187/golf-league/internal/handlers/events.go:665.3,679.5 2 0
github.com/trentd187/golf-league/internal/handlers/health.go:10.38,13.2 1 0
github.com/trentd187/golf-league/internal/handlers/rounds.go:117.51,119.16 2 0
github.com/trentd187/golf-league/internal/handlers/rounds.go:119.16,122.3 2 0
github.com/trentd187/golf-league/internal/handlers/rounds.go:123.2,123.17 1 0
github.com/trentd187/golf-league/internal/handlers/rounds.go:127.51,129.16 2 0
github.com/trentd187/golf-league/internal/handlers/rounds.go:129.16,132.3 2 0
github.com/trentd187/golf-league/internal/handlers/rounds.go:133.2,133.17 1 0
github.com/trentd187/golf-league/internal/handlers/rounds.go:141.78,143.25 2 0
github.com/trentd187/golf-league/internal/handlers/rounds.go:143.25,145.3 1 0
github.com/trentd187/golf-league/internal/handlers/rounds.go:146.2,146.9 1 0
github.com/trentd187/golf-league/internal/handlers/rounds.go:147.49,148.84 1 0
github.com/trentd187/golf-league/internal/handlers/rounds.go:149.49,150.99 1 0
github.com/trentd187/golf-league/internal/handlers/rounds.go:151.50,152.85 1 0
github.com/trentd187/golf-league/internal/handlers/rounds.go:153.47,154.98 1 0
github.com/trentd187/golf-league/internal/handlers/rounds.go:155.56,156.103 1 0
github.com/trentd187/golf-league/internal/handlers/rounds.go:157.52,158.108 1 0
github.com/trentd187/golf-league/internal/handlers/rounds.go:159.50,160.84 1 0
github.com/trentd187/golf-league/internal/handlers/rounds.go:161.45,162.98 1 0
github.com/trentd187/golf-league/internal/handlers/rounds.go:163.56,164.120 1 0
github.com/trentd187/golf-league/internal/handlers/rounds.go:166.2,167.88 2 0
github.com/trentd187/golf-league/internal/handlers/rounds.go:172.42,173.14 1 0
github.com/trentd187/golf-league/internal/handlers/rounds.go:173.14,175.3 1 0
github.com/trentd187/golf-league/internal/handlers/rounds.go:177.2,178.11 2 0
github.com/trentd187/golf-league/internal/handlers/rounds.go:182.154,184.28 2 0
github.com/trentd187/golf-league/internal/handlers/rounds.go:184.28,192.3 1 0
github.com/trentd187/golf-league/internal/handlers/rounds.go:193.2,200.3 1 0
github.com/trentd187/golf-league/internal/handlers/rounds.go:208.60,209.34 1 0
github.com/trentd187/golf-league/internal/handlers/rounds.go:209.34,211.10 2 0
github.com/trentd187/golf-league/internal/handlers/rounds.go:211.10,213.4 1 0
github.com/trentd187/golf-league/internal/handlers/rounds.go:215.3,216.17 2 0
github.com/trentd187/golf-league/internal/handlers/rounds.go:216.17,218.4 1 0
github.com/trentd187/golf-league/internal/handlers/rounds.go:220.3,221.29 2 0
github.com/trentd187/golf-league/internal/handlers/rounds.go:221.29,238.4 1 0
github.com/trentd187/golf-league/internal/handlers/rounds.go:239.3,239.21 1 0
github.com/trentd187/golf-league/internal/handlers/rounds.go:246.57,247.34 1 0
github.com/trentd187/golf-league/internal/handlers/rounds.go:247.34,249.10 2 0
github.com/trentd187/golf-league/internal/handlers/rounds.go:249.10,251.4 1 0
github.com/trentd187/golf-league/internal/handlers/rounds.go:252.3,253.10 2 0
github.com/trentd187/golf-league/internal/handlers/rounds.go:253.10,255.4 1 0
github.com/trentd187/golf-league/internal/handlers/rounds.go:257.3,258.17 2 0
github.com/trentd187/golf-league/internal/handlers/rounds.go:258.17,260.4 1 0
github.com/trentd187/golf-league/internal/handlers/rounds.go:262.3,263.35 2 0
github.com/trentd187/golf-league/internal/handlers/rounds.go:263.35,267.4 1 0
github.com/trentd187/golf-league/internal/handlers/rounds.go:269.3,280.5 1 0
github.com/trentd187/golf-league/internal/handlers/rounds.go:286.60,287.34 1 0
github.com/trentd187/golf-league/internal/handlers/rounds.go:287.34,289.10 2 0
github.com/trentd187/golf-league/internal/handlers/rounds.go:289.10,291.4 1 0
github.com/trentd187/golf-league/internal/handlers/rounds.go:292.3,293.10 2 0
github.com/trentd187/golf-league/internal/handlers/rounds.go:293.10,295.4 1 0
github.com/trentd187/golf-league/internal/handlers/rounds.go:297.3,298.44 2 0
github.com/trentd187/golf-league/internal/handlers/rounds.go:298.44,300.4 1 0
github.com/trentd187/golf-league/internal/handlers/rounds.go:302.3,311.17 2 0
github.com/trentd187/golf-league/internal/handlers/rounds.go:311.17,313.4 1 0
github.com/trentd187/golf-league/internal/handlers/rounds.go:315.3,323.5 1 0
github.com/trentd187/golf-league/internal/handlers/rounds.go:330.60,331.34 1 0
github.com/trentd187/golf-league/internal/handlers/rounds.go:331.34,333.10 2 0
github.com/trentd187/golf-league/internal/handlers/rounds.go:333.10,335.4 1 0
github.com/trentd187/golf-league/internal/handlers/rounds.go:336.3,337.10 2 0
github.com/trentd187/golf-league/internal/handlers/rounds.go:337.10,339.4 1 0
github.com/trentd187/golf-league/internal/handlers/rounds.go:341.3,341.84 1 0
github.com/trentd187/golf-league/internal/handlers/rounds.go:341.84,343.4 1 0
github.com/trentd187/golf-league/internal/handlers/rounds.go:344.3,344.45 1 0
github.com/trentd187/golf-league/internal/handlers/rounds.go:351.60,352.34 1 0
github.com/trentd187/golf-league/internal/handlers/rounds.go:352.34,354.10 2 0
github.com/trentd187/golf-league/internal/handlers/rounds.go:354.10,356.4 1 0
github.com/trentd187/golf-league/internal/handlers/rounds.go:357.3,358.10 2 0
github.com/trentd187/golf-league/internal/handlers/rounds.go:358.10,360.4 1 0
github.com/trentd187/golf-league/internal/handlers/rounds.go:362.3,363.17 2 0
github.com/trentd187/golf-league/internal/handlers/rounds.go:363.17,365.4 1 0
github.com/trentd187/golf-league/internal/handlers/rounds.go:367.3,369.4 1 0
github.com/trentd187/golf-league/internal/handlers/rounds.go:375.60,376.34 1 0
github.com/trentd187/golf-league/internal/handlers/rounds.go:376.34,378.10 2 0
github.com/trentd187/golf-league/internal/handlers/rounds.go:378.10,380.4 1 0
github.com/trentd187/golf-league/internal/handlers/rounds.go:381.3,382.10 2 0
github.com/trentd187/golf-league/internal/handlers/rounds.go:382.10,384.4 1 0
github.com/trentd187/golf-league/internal/handlers/rounds.go:385.3,386.10 2 0
github.com/trentd187/golf-league/internal/handlers/rounds.go:386.10,388.4 1 0
github.com/trentd187/golf-league/internal/handlers/rounds.go:390.3,391.44 2 0
github.com/trentd187/golf-league/internal/handlers/rounds.go:391.44,393.4 1 0
github.com/trentd187/golf-league/internal/handlers/rounds.go:395.3,399.17 2 0
github.com/trentd187/golf-league/internal/handlers/rounds.go:399.17,401.4 1 0
github.com/trentd187/golf-league/internal/handlers/rounds.go:403.3,405.4 1 0
github.com/trentd187/golf-league/internal/handlers/rounds.go:412.60,413.34 1 0
github.com/trentd187/golf-league/internal/handlers/rounds.go:413.34,415.10 2 0
github.com/trentd187/golf-league/internal/handlers/rounds.go:415.10,417.4 1 0
github.com/trentd187/golf-league/internal/handlers/rounds.go:418.3,419.10 2 0
github.com/trentd187/golf-league/internal/handlers/rounds.go:419.10,421.4 1 0
github.com/trentd187/golf-league/internal/handlers/rounds.go:422.3,423.10 2 0
github.com/trentd187/golf-league/internal/handlers/rounds.go:423.10,425.4 1 0
github.com/trentd187/golf-league/internal/handlers/rounds.go:427.3,427.98 1 0
github.com/trentd187/golf-league/internal/handlers/rounds.go:427.98,429.4 1 0
github.com/trentd187/golf-league/internal/handlers/rounds.go:430.3,430.45 1 0
github.com/trentd187/golf-league/internal/handlers/rounds.go:437.63,438.34 1 0
github.com/trentd187/golf-league/internal/handlers/rounds.go:438.34,440.10 2 0
github.com/trentd187/golf-league/internal/handlers/rounds.go:440.10,442.4 1 0
github.com/trentd187/golf-league/internal/handlers/rounds.go:443.3,444.10 2 0
github.com/trentd187/golf-league/internal/handlers/rounds.go:444.10,446.4 1 0
github.com/trentd187/golf-league/internal/handlers/rounds.go:447.3,448.10 2 0
github.com/trentd187/golf-league/internal/handlers/rounds.go:448.10,450.4 1 0
github.com/trentd187/golf-league/internal/handlers/rounds.go:452.3,453.64 2 0
github.com/trentd187/golf-league/internal/handlers/rounds.go:453.64,455.4 1 0
github.com/trentd187/golf-league/internal/handlers/rounds.go:456.3,457.17 2 0
github.com/trentd187/golf-league/internal/handlers/rounds.go:457.17,459.4 1 0
github.com/trentd187/golf-league/internal/handlers/rounds.go:461.3,462.17 2 0
github.com/trentd187/golf-league/internal/handlers/rounds.go:462.17,464.4 1 0
github.com/trentd187/golf-league/internal/handlers/rounds.go:466.3,468.4 1 0
github.com/trentd187/golf-league/internal/handlers/rounds.go:475.66,476.34 1 0
github.com/trentd187/golf-league/internal/handlers/rounds.go:476.34,478.10 2 0
github.com/trentd187/golf-league/internal/handlers/rounds.go:478.10,480.4 1 0
github.com/trentd187/golf-league/internal/handlers/rounds.go:481.3,482.10 2 0
github.com/trentd187/golf-league/internal/handlers/rounds.go:482.10,484.4 1 0
github.com/trentd187/golf-league/internal/handlers/rounds.go:485.3,486.10 2 0
github.com/trentd187/golf-league/internal/handlers/rounds.go:486.10,488.4 1 0
github.com/trentd187/golf-league/internal/handlers/rounds.go:489.3,490.17 2 0
github.com/trentd187/golf-league/internal/handlers/rounds.go:490.17,492.4 1 0
github.com/trentd187/golf-league/internal/handlers/rounds.go:494.3,494.118 1 0
github.com/trentd187/golf-league/internal/handlers/rounds.go:494.118,496.4 1 0
github.com/trentd187/golf-league/internal/handlers/rounds.go:497.3,497.45 1 0
github.com/trentd187/golf-league/internal/handlers/scores.go:45.78,47.25 2 0
github.com/trentd187/golf-league/internal/handlers/scores.go:47.25,49.3 1 0
github.com/trentd187/golf-league/internal/handlers/scores.go:50.2,50.9 1 0
github.com/trentd187/golf-league/internal/handlers/scores.go:51.49,52.84 1 0
github.com/trentd187/golf-league/internal/handlers/scores.go:53.55,54.91 1 0
github.com/trentd187/golf-league/internal/handlers/scores.go:55.50,56.117 1 0
github.com/trentd187/golf-league/internal/handlers/scores.go:57.50,58.151 1 0
github.com/trentd187/golf-league/internal/handlers/scores.go:59.52,60.138 1 0
github.com/trentd187/golf-league/internal/handlers/scores.go:62.2,63.88 2 0
github.com/trentd187/golf-league/internal/handlers/scores.go:70.66,71.34 1 0
github.com/trentd187/golf-league/internal/handlers/scores.go:71.34,73.17 2 0
github.com/trentd187/golf-league/internal/handlers/scores.go:73.17,75.4 1 0
github.com/trentd187/golf-league/internal/handlers/scores.go:79.3,84.17 5 0
github.com/trentd187/golf-league/internal/handlers/scores.go:84.17,86.4 1 0
github.com/trentd187/golf-league/internal/handlers/scores.go:87.3,87.22 1 0
github.com/trentd187/golf-league/internal/handlers/scores.go:94.66,95.34 1 0
github.com/trentd187/golf-league/internal/handlers/scores.go:95.34,97.17 2 0
github.com/trentd187/golf-league/internal/handlers/scores.go:97.17,99.4 1 0
github.com/trentd187/golf-league/internal/handlers/scores.go:100.3,101.17 2 0
github.com/trentd187/golf-league/internal/handlers/scores.go:101.17,103.4 1 0
github.com/trentd187/golf-league/internal/handlers/scores.go:105.3,106.44 2 0
github.com/trentd187/golf-league/internal/handlers/scores.go:106.44,108.4 1 0
github.com/trentd187/golf-league/internal/handlers/scores.go:110.3,113.17 4 0
github.com/trentd187/golf-league/internal/handlers/scores.go:113.17,115.4 1 0
github.com/trentd187/golf-league/internal/handlers/scores.go:117.3,117.122 1 0
github.com/trentd187/golf-league/internal/handlers/scores.go:117.122,119.4 1 0
github.com/trentd187/golf-league/internal/handlers/scores.go:120.3,120.66 1 0
github.com/trentd187/golf-league/internal/handlers/scores.go:126.67,127.34 1 0
github.com/trentd187/golf-league/internal/handlers/scores.go:127.34,129.17 2 0
github.com/trentd187/golf-league/internal/handlers/scores.go:129.17,131.4 1 0
github.com/trentd187/golf-league/internal/handlers/scores.go:132.3,133.17 2 0
github.com/trentd187/golf-league/internal/handlers/scores.go:133.17,135.4 1 0
github.com/trentd187/golf-league/internal/handlers/scores.go:137.3,138.68 2 0
github.com/trentd187/golf-league/internal/handlers/scores.go:138.68,140.4 1 0
github.com/trentd187/golf-league/internal/handlers/scores.go:142.3,145.17 4 0
github.com/trentd187/golf-league/internal/handlers/scores.go:145.17,147.4 1 0
github.com/trentd187/golf-league/internal/handlers/scores.go:149.3,150.17 2 0
github.com/trentd187/golf-league/internal/handlers/scores.go:150.17,152.4 1 0
github.com/trentd187/golf-league/internal/handlers/scores.go:153.3,153.43 1 0
github.com/trentd187/golf-league/internal/handlers/scores.go:159.64,160.34 1 0
github.com/trentd187/golf-league/internal/handlers/scores.go:160.34,162.17 2 0
github.com/trentd187/golf-league/internal/handlers/scores.go:162.17,164.4 1 0
github.com/trentd187/golf-league/internal/handlers/scores.go:165.3,166.17 2 0
github.com/trentd187/golf-league/internal/handlers/scores.go:166.17,168.4 1 0
github.com/trentd187/golf-league/internal/handlers/scores.go:170.3,171.67 2 0
github.com/trentd187/golf-league/internal/handlers/scores.go:171.67,173.4 1 0
github.com/trentd187/golf-league/internal/handlers/scores.go:175.3,178.17 4 0
github.com/trentd187/golf-league/internal/handlers/scores.go:178.17,180.4 1 0
github.com/trentd187/golf-league/internal/handlers/scores.go:182.3,183.17 2 0
github.com/trentd187/golf-league/internal/handlers/scores.go:183.17,185.4 1 0
github.com/trentd187/golf-league/internal/handlers/scores.go:186.3,186.43 1 0
github.com/trentd187/golf-league/internal/handlers/telemetry.go:48.54,49.34 1 0
github.com/trentd187/golf-league/internal/handlers/telemetry.go:49.34,51.44 2 0
github.com/trentd187/golf-league/internal/handlers/telemetry.go:51.44,55.4 1 0
github.com/trentd187/golf-league/internal/handlers/telemetry.go:57.3,57.28 1 0
github.com/trentd187/golf-league/internal/handlers/telemetry.go:57.28,61.4 1 0
github.com/trentd187/golf-league/internal/handlers/telemetry.go:63.3,63.29 1 0
github.com/trentd187/golf-league/internal/handlers/telemetry.go:63.29,67.4 1 0
github.com/trentd187/golf-league/internal/handlers/telemetry.go:69.3,69.37 1 0
github.com/trentd187/golf-league/internal/handlers/telemetry.go:69.37,71.29 1 0
github.com/trentd187/golf-league/internal/handlers/telemetry.go:71.29,72.13 1 0
github.com/trentd187/golf-league/internal/handlers/telemetry.go:75.4,78.18 3 0
github.com/trentd187/golf-league/internal/handlers/telemetry.go:78.18,80.5 1 0
github.com/trentd187/golf-league/internal/handlers/telemetry.go:84.4,89.35 2 0
github.com/trentd187/golf-league/internal/handlers/telemetry.go:89.35,91.5 1 0
github.com/trentd187/golf-league/internal/handlers/telemetry.go:93.4,93.62 1 0
github.com/trentd187/golf-league/internal/handlers/telemetry.go:96.3,96.45 1 0
github.com/trentd187/golf-league/internal/handlers/telemetry.go:102.44,103.11 1 0
github.com/trentd187/golf-league/internal/handlers/telemetry.go:104.15,105.25 1 0
github.com/trentd187/golf-league/internal/handlers/telemetry.go:106.14,107.24 1 0
github.com/trentd187/golf-league/internal/handlers/telemetry.go:108.15,109.25 1 0
github.com/trentd187/golf-league/internal/handlers/telemetry.go:110.10,111.24 1 0
github.com/trentd187/golf-league/internal/handlers/users.go:33.77,35.25 2 0
github.com/trentd187/golf-league/internal/handlers/users.go:35.25,37.3 1 0
github.com/trentd187/golf-league/internal/handlers/users.go:38.2,38.9 1 0
github.com/trentd187/golf-league/internal/handlers/users.go:39.48,40.83 1 0
github.com/trentd187/golf-league/internal/handlers/users.go:41.46,42.93 1 0
github.com/trentd187/golf-league/internal/handlers/users.go:43.52,44.86 1 0
github.com/trentd187/golf-league/internal/handlers/users.go:46.2,47.88 2 0
github.com/trentd187/golf-league/internal/handlers/users.go:53.53,54.34 1 0
github.com/trentd187/golf-league/internal/handlers/users.go:54.34,56.31 2 0
github.com/trentd187/golf-league/internal/handlers/users.go:56.31,58.4 1 0
github.com/trentd187/golf-league/internal/handlers/users.go:59.3,60.17 2 0
github.com/trentd187/golf-league/internal/handlers/users.go:60.17,62.4 1 0
github.com/trentd187/golf-league/internal/handlers/users.go:64.3,65.17 2 0
github.com/trentd187/golf-league/internal/handlers/users.go:65.17,67.4 1 0
github.com/trentd187/golf-league/internal/handlers/users.go:68.3,68.22 1 0
github.com/trentd187/golf-league/internal/handlers/users.go:73.59,74.34 1 0
github.com/trentd187/golf-league/internal/handlers/users.go:74.34,77.17 3 0
github.com/trentd187/golf-league/internal/handlers/users.go:77.17,79.4 1 0
github.com/trentd187/golf-league/internal/handlers/users.go:81.3,82.17 2 0
github.com/trentd187/golf-league/internal/handlers/users.go:82.17,84.4 1 0
github.com/trentd187/golf-league/internal/handlers/users.go:85.3,85.25 1 0
github.com/trentd187/golf-league/internal/handlers/users.go:90.62,91.34 1 0
github.com/trentd187/golf-league/internal/handlers/users.go:91.34,94.17 3 0
github.com/trentd187/golf-league/internal/handlers/users.go:94.17,96.4 1 0
github.com/trentd187/golf-league/internal/handlers/users.go:98.3,99.17 2 0
github.com/trentd187/golf-league/internal/handlers/users.go:99.17,101.4 1 0
github.com/trentd187/golf-league/internal/handlers/users.go:103.3,104.17 2 0
github.com/trentd187/golf-league/internal/handlers/users.go:104.17,106.4 1 0
github.com/trentd187/golf-league/internal/handlers/users.go:107.3,107.22 1 0
github.com/trentd187/golf-league/internal/handlers/users.go:112.58,113.34 1 0
github.com/trentd187/golf-league/internal/handlers/users.go:113.34,116.17 3 0
github.com/trentd187/golf-league/internal/handlers/users.go:116.17,118.4 1 0
github.com/trentd187/golf-league/internal/handlers/users.go:120.3,121.17 2 0
github.com/trentd187/golf-league/internal/handlers/users.go:121.17,123.4 1 0
github.com/trentd187/golf-league/internal/handlers/users.go:125.3,125.77 1 0
github.com/trentd187/golf-league/internal/handlers/users.go:125.77,127.4 1 0
github.com/trentd187/golf-league/internal/handlers/users.go:128.3,128.62 1 0
github.com/trentd187/golf-league/internal/handlers/users.go:133.60,134.34 1 0
github.com/trentd187/golf-league/internal/handlers/users.go:134.34,137.17 3 0
github.com/trentd187/golf-league/internal/handlers/users.go:137.17,139.4 1 0
github.com/trentd187/golf-league/internal/handlers/users.go:141.3,142.17 2 0
github.com/trentd187/golf-league/internal/handlers/users.go:142.17,144.4 1 0
github.com/trentd187/golf-league/internal/handlers/users.go:146.3,147.79 2 0
github.com/trentd187/golf-league/internal/handlers/users.go:147.79,149.4 1 0
github.com/trentd187/golf-league/internal/handlers/users.go:150.3,150.45 1 0
github.com/trentd187/golf-league/internal/handlers/users.go:155.60,156.34 1 0
github.com/trentd187/golf-league/internal/handlers/users.go:156.34,159.17 3 0
github.com/trentd187/golf-league/internal/handlers/users.go:159.17,161.4 1 0
github.com/trentd187/golf-league/internal/handlers/users.go:163.3,164.17 2 0
github.com/trentd187/golf-league/internal/handlers/users.go:164.17,166.4 1 0
github.com/trentd187/golf-league/internal/handlers/users.go:167.3,167.25 1 0
github.com/trentd187/golf-league/internal/handlers/users.go:172.60,173.34 1 0
github.com/trentd187/golf-league/internal/handlers/users.go:173.34,175.52 2 0
github.com/trentd187/golf-league/internal/handlers/users.go:175.52,177.4 1 0
github.com/trentd187/golf-league/internal/handlers/users.go:179.3,180.17 2 0
github.com/trentd187/golf-league/internal/handlers/users.go:180.17,182.4 1 0
github.com/trentd187/golf-league/internal/handlers/users.go:184.3,185.17 2 0
github.com/trentd187/golf-league/internal/handlers/users.go:185.17,187.4 1 0
github.com/trentd187/golf-league/internal/handlers/users.go:188.3,188.22 1 0
github.com/trentd187/golf-league/internal/handlers/users.go:193.61,194.34 1 0
github.com/trentd187/golf-league/internal/handlers/users.go:194.34,196.52 2 0
github.com/trentd187/golf-league/internal/handlers/users.go:196.52,198.4 1 0
github.com/trentd187/golf-league/internal/handlers/users.go:200.3,201.17 2 0
github.com/trentd187/golf-league/internal/handlers/users.go:201.17,203.4 1 0
github.com/trentd187/golf-league/internal/handlers/users.go:205.3,206.17 2 0
github.com/trentd187/golf-league/internal/handlers/users.go:206.17,208.4 1 0
github.com/trentd187/golf-league/internal/handlers/users.go:209.3,209.25 1 0
github.com/trentd187/golf-league/internal/handlers/users.go:214.68,215.34 1 0
github.com/trentd187/golf-league/internal/handlers/users.go:215.34,217.31 2 0
github.com/trentd187/golf-league/internal/handlers/users.go:217.31,219.4 1 0
github.com/trentd187/golf-league/internal/handlers/users.go:220.3,221.17 2 0
github.com/trentd187/golf-league/internal/handlers/users.go:221.17,223.4 1 0
github.com/trentd187/golf-league/internal/handlers/users.go:225.3,226.17 2 0
github.com/trentd187/golf-league/internal/handlers/users.go:226.17,228.4 1 0
github.com/trentd187/golf-league/internal/handlers/users.go:229.3,229.22 1 0
github.com/trentd187/golf-league/internal/handlers/users.go:234.71,235.34 1 0
github.com/trentd187/golf-league/internal/handlers/users.go:235.34,237.31 2 0
github.com/trentd187/golf-league/internal/handlers/users.go:237.31,239.4 1 0
github.com/trentd187/golf-league/internal/handlers/users.go:240.3,241.17 2 0
github.com/trentd187/golf-league/internal/handlers/users.go:241.17,243.4 1 0
github.com/trentd187/golf-league/internal/handlers/users.go:245.3,246.45 2 0
github.com/trentd187/golf-league/internal/handlers/users.go:246.45,248.4 1 0
github.com/trentd187/golf-league/internal/handlers/users.go:250.3,251.17 2 0
github.com/trentd187/golf-league/internal/handlers/users.go:251.17,254.4 1 0
github.com/trentd187/golf-league/internal/handlers/users.go:255.3,255.22 1 0
github.com/trentd187/golf-league/internal/middleware/auth.go:45.58,49.16 2 0
github.com/trentd187/golf-league/internal/middleware/auth.go:49.16,51.3 1 0
github.com/trentd187/golf-league/internal/middleware/auth.go:52.2,52.42 1 0
github.com/trentd187/golf-league/internal/middleware/auth.go:59.68,60.34 1 1
github.com/trentd187/golf-league/internal/middleware/auth.go:60.34,62.71 2 1
github.com/trentd187/golf-league/internal/middleware/auth.go:62.71,66.4 1 1
github.com/trentd187/golf-league/internal/middleware/auth.go:68.3,74.33 3 1
github.com/trentd187/golf-league/internal/middleware/auth.go:74.33,78.4 1 1
github.com/trentd187/golf-league/internal/middleware/auth.go:80.3,81.10 2 0
github.com/trentd187/golf-league/internal/middleware/auth.go:81.10,85.4 1 0
github.com/trentd187/golf-league/internal/middleware/auth.go:88.3,89.19 2 0
github.com/trentd187/golf-league/internal/middleware/auth.go:89.19,93.4 1 0
github.com/trentd187/golf-league/internal/middleware/auth.go:95.3,103.83 4 0
github.com/trentd187/golf-league/internal/middleware/auth.go:103.83,105.4 1 0
github.com/trentd187/golf-league/internal/middleware/auth.go:107.3,110.26 3 0
github.com/trentd187/golf-league/internal/middleware/auth.go:110.26,111.46 1 0
github.com/trentd187/golf-league/internal/middleware/auth.go:111.46,116.5 2 0
github.com/trentd187/golf-league/internal/middleware/auth.go:120.4,122.80 2 0
github.com/trentd187/golf-league/internal/middleware/auth.go:122.80,124.6 1 0
github.com/trentd187/golf-league/internal/middleware/auth.go:124.11,124.27 1 0
github.com/trentd187/golf-league/internal/middleware/auth.go:124.27,125.51 1 0
github.com/trentd187/golf-league/internal/middleware/auth.go:125.51,127.7 1 0
github.com/trentd187/golf-league/internal/middleware/auth.go:129.5,130.24 2 0
github.com/trentd187/golf-league/internal/middleware/auth.go:130.24,132.6 1 0
github.com/trentd187/golf-league/internal/middleware/auth.go:133.5,140.50 2 0
github.com/trentd187/golf-league/internal/middleware/auth.go:140.50,145.6 2 0
github.com/trentd187/golf-league/internal/middleware/auth.go:147.9,150.42 2 0
github.com/trentd187/golf-league/internal/middleware/auth.go:150.42,153.5 2 0
github.com/trentd187/golf-league/internal/middleware/auth.go:154.4,154.54 1 0
github.com/trentd187/golf-league/internal/middleware/auth.go:154.54,157.5 2 0
github.com/trentd187/golf-league/internal/middleware/auth.go:158.4,158.82 1 0
github.com/trentd187/golf-league/internal/middleware/auth.go:158.82,161.5 2 0
github.com/trentd187/golf-league/internal/middleware/auth.go:162.4,162.24 1 0
github.com/trentd187/golf-league/internal/middleware/auth.go:162.24,164.5 1 0
github.com/trentd187/golf-league/internal/middleware/auth.go:168.3,177.18 4 0
github.com/trentd187/golf-league/internal/middleware/correlation.go:21.34,22.34 1 1
github.com/trentd187/golf-league/internal/middleware/correlation.go:22.34,24.54 2 1
github.com/trentd187/golf-league/internal/middleware/correlation.go:24.54,28.4 1 1
github.com/trentd187/golf-league/internal/middleware/correlation.go:31.3,42.52 6 1
github.com/trentd187/golf-league/internal/middleware/correlation.go:42.52,44.4 1 0
github.com/trentd187/golf-league/internal/middleware/correlation.go:46.3,46.13 1 1
github.com/trentd187/golf-league/internal/middleware/metrics.go:18.58,19.34 1 1
github.com/trentd187/golf-league/internal/middleware/metrics.go:19.34,28.18 5 1
github.com/trentd187/golf-league/internal/middleware/metrics.go:28.18,30.4 1 0
github.com/trentd187/golf-league/internal/middleware/metrics.go:32.3,39.25 3 1
github.com/trentd187/golf-league/internal/middleware/metrics.go:39.25,46.70 2 1
github.com/trentd187/golf-league/internal/middleware/metrics.go:46.70,48.5 1 1
github.com/trentd187/golf-league/internal/middleware/metrics.go:49.4,49.63 1 1
github.com/trentd187/golf-league/internal/middleware/metrics.go:49.63,51.5 1 1
github.com/trentd187/golf-league/internal/middleware/metrics.go:52.4,52.83 1 1
github.com/trentd187/golf-league/internal/middleware/metrics.go:59.3,59.24 1 1
github.com/trentd187/golf-league/internal/middleware/metrics.go:59.24,65.75 2 1
github.com/trentd187/golf-league/internal/middleware/metrics.go:65.75,67.5 1 1
github.com/trentd187/golf-league/internal/middleware/metrics.go:68.4,68.87 1 1
github.com/trentd187/golf-league/internal/middleware/metrics.go:71.3,71.13 1 1
github.com/trentd187/golf-league/internal/middleware/roles.go:18.49,19.34 1 1
github.com/trentd187/golf-league/internal/middleware/roles.go:19.34,23.28 2 1
github.com/trentd187/golf-league/internal/middleware/roles.go:23.28,27.4 1 1
github.com/trentd187/golf-league/internal/middleware/roles.go:29.3,29.30 1 1
github.com/trentd187/golf-league/internal/middleware/roles.go:29.30,30.24 1 1
github.com/trentd187/golf-league/internal/middleware/roles.go:30.24,32.5 1 1
github.com/trentd187/golf-league/internal/middleware/roles.go:35.3,37.5 1 1
github.com/trentd187/golf-league/internal/handlers/courses.go:157.52,159.16 2 1
github.com/trentd187/golf-league/internal/handlers/courses.go:159.16,162.3 2 1
github.com/trentd187/golf-league/internal/handlers/courses.go:163.2,163.17 1 1
github.com/trentd187/golf-league/internal/handlers/courses.go:167.49,169.16 2 1
github.com/trentd187/golf-league/internal/handlers/courses.go:169.16,172.3 2 1
github.com/trentd187/golf-league/internal/handlers/courses.go:173.2,173.17 1 1
github.com/trentd187/golf-league/internal/handlers/courses.go:188.79,190.25 2 1
github.com/trentd187/golf-league/internal/handlers/courses.go:190.25,192.3 1 1
github.com/trentd187/golf-league/internal/handlers/courses.go:193.2,193.9 1 1
github.com/trentd187/golf-league/internal/handlers/courses.go:194.50,195.85 1 1
github.com/trentd187/golf-league/internal/handlers/courses.go:196.47,197.82 1 1
github.com/trentd187/golf-league/internal/handlers/courses.go:198.48,199.83 1 1
github.com/trentd187/golf-league/internal/handlers/courses.go:200.47,203.5 1 1
github.com/trentd187/golf-league/internal/handlers/courses.go:204.53,207.5 1 1
github.com/trentd187/golf-league/internal/handlers/courses.go:208.60,211.5 1 1
github.com/trentd187/golf-league/internal/handlers/courses.go:214.2,215.26 2 1
github.com/trentd187/golf-league/internal/handlers/courses.go:215.26,220.3 1 1
github.com/trentd187/golf-league/internal/handlers/courses.go:225.2,226.26 2 1
github.com/trentd187/golf-league/internal/handlers/courses.go:226.26,231.3 2 1
github.com/trentd187/golf-league/internal/handlers/courses.go:235.2,236.88 2 1
github.com/trentd187/golf-league/internal/handlers/courses.go:239.61,241.26 2 0
github.com/trentd187/golf-league/internal/handlers/courses.go:241.26,248.3 1 0
github.com/trentd187/golf-league/internal/handlers/courses.go:249.2,249.12 1 0
github.com/trentd187/golf-league/internal/handlers/courses.go:252.73,262.2 1 0
github.com/trentd187/golf-league/internal/handlers/courses.go:264.67,267.34 3 0
github.com/trentd187/golf-league/internal/handlers/courses.go:267.34,269.21 2 0
github.com/trentd187/golf-league/internal/handlers/courses.go:269.21,271.4 1 0
github.com/trentd187/golf-league/internal/handlers/courses.go:272.3,272.52 1 0
github.com/trentd187/golf-league/internal/handlers/courses.go:274.2,286.3 1 0
github.com/trentd187/golf-league/internal/handlers/courses.go:293.60,294.34 1 0
github.com/trentd187/golf-league/internal/handlers/courses.go:294.34,302.17 2 0
github.com/trentd187/golf-league/internal/handlers/courses.go:302.17,304.4 1 0
github.com/trentd187/golf-league/internal/handlers/courses.go:306.3,307.30 2 0
github.com/trentd187/golf-league/internal/handlers/courses.go:307.30,317.4 1 0
github.com/trentd187/golf-league/internal/handlers/courses.go:318.3,318.21 1 0
github.com/trentd187/golf-league/internal/handlers/courses.go:323.59,324.34 1 1
github.com/trentd187/golf-league/internal/handlers/courses.go:324.34,326.10 2 1
github.com/trentd187/golf-league/internal/handlers/courses.go:326.10,328.4 1 1
github.com/trentd187/golf-league/internal/handlers/courses.go:329.3,330.17 2 0
github.com/trentd187/golf-league/internal/handlers/courses.go:330.17,332.4 1 0
github.com/trentd187/golf-league/internal/handlers/courses.go:333.3,333.43 1 0
github.com/trentd187/golf-league/internal/handlers/courses.go:338.62,339.34 1 1
github.com/trentd187/golf-league/internal/handlers/courses.go:339.34,341.44 2 1
github.com/trentd187/golf-league/internal/handlers/courses.go:341.44,343.4 1 0
github.com/trentd187/golf-league/internal/handlers/courses.go:344.3,350.17 2 1
github.com/trentd187/golf-league/internal/handlers/courses.go:350.17,352.4 1 1
github.com/trentd187/golf-league/internal/handlers/courses.go:353.3,353.71 1 0
github.com/trentd187/golf-league/internal/handlers/courses.go:358.62,359.34 1 1
github.com/trentd187/golf-league/internal/handlers/courses.go:359.34,361.10 2 1
github.com/trentd187/golf-league/internal/handlers/courses.go:361.10,363.4 1 1
github.com/trentd187/golf-league/internal/handlers/courses.go:364.3,365.44 2 0
github.com/trentd187/golf-league/internal/handlers/courses.go:365.44,367.4 1 0
github.com/trentd187/golf-league/internal/handlers/courses.go:368.3,374.17 2 0
github.com/trentd187/golf-league/internal/handlers/courses.go:374.17,376.4 1 0
github.com/trentd187/golf-league/internal/handlers/courses.go:377.3,377.43 1 0
github.com/trentd187/golf-league/internal/handlers/courses.go:382.59,383.34 1 1
github.com/trentd187/golf-league/internal/handlers/courses.go:383.34,385.10 2 1
github.com/trentd187/golf-league/internal/handlers/courses.go:385.10,387.4 1 1
github.com/trentd187/golf-league/internal/handlers/courses.go:388.3,389.44 2 0
github.com/trentd187/golf-league/internal/handlers/courses.go:389.44,391.4 1 0
github.com/trentd187/golf-league/internal/handlers/courses.go:392.3,399.17 2 0
github.com/trentd187/golf-league/internal/handlers/courses.go:399.17,401.4 1 0
github.com/trentd187/golf-league/internal/handlers/courses.go:402.3,402.85 1 0
github.com/trentd187/golf-league/internal/handlers/courses.go:407.59,408.34 1 1
github.com/trentd187/golf-league/internal/handlers/courses.go:408.34,410.10 2 1
github.com/trentd187/golf-league/internal/handlers/courses.go:410.10,412.4 1 1
github.com/trentd187/golf-league/internal/handlers/courses.go:413.3,414.10 2 1
github.com/trentd187/golf-league/internal/handlers/courses.go:414.10,416.4 1 1
github.com/trentd187/golf-league/internal/handlers/courses.go:417.3,418.44 2 0
github.com/trentd187/golf-league/internal/handlers/courses.go:418.44,420.4 1 0
github.com/trentd187/golf-league/internal/handlers/courses.go:421.3,428.17 2 0
github.com/trentd187/golf-league/internal/handlers/courses.go:428.17,430.4 1 0
github.com/trentd187/golf-league/internal/handlers/courses.go:431.3,431.66 1 0
github.com/trentd187/golf-league/internal/handlers/courses.go:436.59,437.34 1 1
github.com/trentd187/golf-league/internal/handlers/courses.go:437.34,439.10 2 1
github.com/trentd187/golf-league/internal/handlers/courses.go:439.10,441.4 1 1
github.com/trentd187/golf-league/internal/handlers/courses.go:442.3,443.10 2 1
github.com/trentd187/golf-league/internal/handlers/courses.go:443.10,445.4 1 1
github.com/trentd187/golf-league/internal/handlers/courses.go:446.3,446.73 1 0
github.com/trentd187/golf-league/internal/handlers/courses.go:446.73,448.4 1 0
github.com/trentd187/golf-league/internal/handlers/courses.go:449.3,449.45 1 0
github.com/trentd187/golf-league/internal/handlers/courses.go:454.61,455.34 1 1
github.com/trentd187/golf-league/internal/handlers/courses.go:455.34,457.10 2 1
github.com/trentd187/golf-league/internal/handlers/courses.go:457.10,459.4 1 1
github.com/trentd187/golf-league/internal/handlers/courses.go:460.3,461.10 2 1
github.com/trentd187/golf-league/internal/handlers/courses.go:461.10,463.4 1 1
github.com/trentd187/golf-league/internal/handlers/courses.go:464.3,465.44 2 0
github.com/trentd187/golf-league/internal/handlers/courses.go:465.44,467.4 1 0
github.com/trentd187/golf-league/internal/handlers/courses.go:468.3,469.31 2 0
github.com/trentd187/golf-league/internal/handlers/courses.go:469.31,476.4 1 0
github.com/trentd187/golf-league/internal/handlers/courses.go:477.3,478.17 2 0
github.com/trentd187/golf-league/internal/handlers/courses.go:478.17,480.4 1 0
github.com/trentd187/golf-league/internal/handlers/courses.go:481.3,481.66 1 0
github.com/trentd187/golf-league/internal/handlers/courses.go:486.60,487.34 1 1
github.com/trentd187/golf-league/internal/handlers/courses.go:487.34,489.10 2 1
github.com/trentd187/golf-league/internal/handlers/courses.go:489.10,491.4 1 1
github.com/trentd187/golf-league/internal/handlers/courses.go:492.3,493.10 2 1
github.com/trentd187/golf-league/internal/handlers/courses.go:493.10,495.4 1 1
github.com/trentd187/golf-league/internal/handlers/courses.go:496.3,497.21 2 1
github.com/trentd187/golf-league/internal/handlers/courses.go:497.21,501.4 1 1
github.com/trentd187/golf-league/internal/handlers/courses.go:502.3,503.44 2 0
github.com/trentd187/golf-league/internal/handlers/courses.go:503.44,505.4 1 0
github.com/trentd187/golf-league/internal/handlers/courses.go:506.3,511.17 2 0
github.com/trentd187/golf-league/internal/handlers/courses.go:511.17,513.4 1 0
github.com/trentd187/golf-league/internal/handlers/courses.go:514.3,519.5 1 0
github.com/trentd187/golf-league/internal/handlers/courses.go:526.70,527.34 1 1
github.com/trentd187/golf-league/internal/handlers/courses.go:527.34,529.44 2 1
github.com/trentd187/golf-league/internal/handlers/courses.go:529.44,531.4 1 1
github.com/trentd187/golf-league/internal/handlers/courses.go:532.3,533.17 2 1
github.com/trentd187/golf-league/internal/handlers/courses.go:533.17,535.4 1 1
github.com/trentd187/golf-league/internal/handlers/courses.go:536.3,537.29 2 0
github.com/trentd187/golf-league/internal/handlers/courses.go:537.29,539.4 1 0
github.com/trentd187/golf-league/internal/handlers/courses.go:540.3,540.21 1 0
github.com/trentd187/golf-league/internal/handlers/courses.go:545.70,546.34 1 1
github.com/trentd187/golf-league/internal/handlers/courses.go:546.34,548.44 2 1
github.com/trentd187/golf-league/internal/handlers/courses.go:548.44,550.4 1 1
github.com/trentd187/golf-league/internal/handlers/courses.go:551.3,552.17 2 1
github.com/trentd187/golf-league/internal/handlers/courses.go:552.17,554.4 1 1
github.com/trentd187/golf-league/internal/handlers/courses.go:555.3,555.71 1 0
github.com/trentd187/golf-league/internal/handlers/courses.go:560.63,561.34 1 1
github.com/trentd187/golf-league/internal/handlers/courses.go:561.34,565.10 2 1
github.com/trentd187/golf-league/internal/handlers/courses.go:565.10,567.4 1 1
github.com/trentd187/golf-league/internal/handlers/courses.go:568.3,569.17 2 1
github.com/trentd187/golf-league/internal/handlers/courses.go:569.17,571.4 1 1
github.com/trentd187/golf-league/internal/handlers/courses.go:572.3,572.43 1 0
github.com/trentd187/golf-league/internal/handlers/events.go:146.47,147.14 1 0
github.com/trentd187/golf-league/internal/handlers/events.go:147.14,149.3 1 0
github.com/trentd187/golf-league/internal/handlers/events.go:150.2,151.11 2 0
github.com/trentd187/golf-league/internal/handlers/events.go:157.55,161.16 4 1
github.com/trentd187/golf-league/internal/handlers/events.go:161.16,164.3 2 1
github.com/trentd187/golf-league/internal/handlers/events.go:165.2,165.31 1 1
github.com/trentd187/golf-league/internal/handlers/events.go:169.51,171.16 2 1
github.com/trentd187/golf-league/internal/handlers/events.go:171.16,174.3 2 1
github.com/trentd187/golf-league/internal/handlers/events.go:175.2,175.17 1 1
github.com/trentd187/golf-league/internal/handlers/events.go:183.78,185.25 2 1
github.com/trentd187/golf-league/internal/handlers/events.go:185.25,187.3 1 1
github.com/trentd187/golf-league/internal/handlers/events.go:188.2,188.9 1 1
github.com/trentd187/golf-league/internal/handlers/events.go:189.49,190.84 1 0
github.com/trentd187/golf-league/internal/handlers/events.go:191.48,192.83 1 0
github.com/trentd187/golf-league/internal/handlers/events.go:193.50,194.85 1 0
github.com/trentd187/golf-league/internal/handlers/events.go:195.55,196.91 1 0
github.com/trentd187/golf-league/internal/handlers/events.go:197.50,198.84 1 0
github.com/trentd187/golf-league/internal/handlers/events.go:199.50,200.96 1 0
github.com/trentd187/golf-league/internal/handlers/events.go:201.50,202.105 1 0
github.com/trentd187/golf-league/internal/handlers/events.go:203.55,204.93 1 0
github.com/trentd187/golf-league/internal/handlers/events.go:205.49,208.5 1 0
github.com/trentd187/golf-league/internal/handlers/events.go:209.47,210.107 1 1
github.com/trentd187/golf-league/internal/handlers/events.go:212.2,213.88 2 0
github.com/trentd187/golf-league/internal/handlers/events.go:217.68,232.2 1 0
github.com/trentd187/golf-league/internal/handlers/events.go:234.69,244.2 1 0
github.com/trentd187/golf-league/internal/handlers/events.go:249.58,250.34 1 1
github.com/trentd187/golf-league/internal/handlers/events.go:250.34,252.10 2 1
github.com/trentd187/golf-league/internal/handlers/events.go:252.10,254.4 1 1
github.com/trentd187/golf-league/internal/handlers/events.go:255.3,260.17 2 0
github.com/trentd187/golf-league/internal/handlers/events.go:260.17,262.4 1 0
github.com/trentd187/golf-league/internal/handlers/events.go:263.3,264.30 2 0
github.com/trentd187/golf-league/internal/handlers/events.go:264.30,266.4 1 0
github.com/trentd187/golf-league/internal/handlers/events.go:267.3,267.21 1 0
github.com/trentd187/golf-league/internal/handlers/events.go:273.60,274.34 1 1
github.com/trentd187/golf-league/internal/handlers/events.go:274.34,276.10 2 1
github.com/trentd187/golf-league/internal/handlers/events.go:276.10,278.4 1 1
github.com/trentd187/golf-league/internal/handlers/events.go:279.3,280.44 2 1
github.com/trentd187/golf-league/internal/handlers/events.go:280.44,282.4 1 1
github.com/trentd187/golf-league/internal/handlers/events.go:283.3,293.17 2 1
github.com/trentd187/golf-league/internal/handlers/events.go:293.17,295.4 1 1
github.com/trentd187/golf-league/internal/handlers/events.go:296.3,301.70 2 0
github.com/trentd187/golf-league/internal/handlers/events.go:306.57,307.34 1 1
github.com/trentd187/golf-league/internal/handlers/events.go:307.34,309.10 2 1
github.com/trentd187/golf-league/internal/handlers/events.go:309.10,311.4 1 1
github.com/trentd187/golf-league/internal/handlers/events.go:312.3,313.10 2 1
github.com/trentd187/golf-league/internal/handlers/events.go:313.10,315.4 1 1
github.com/trentd187/golf-league/internal/handlers/events.go:316.3,317.17 2 0
github.com/trentd187/golf-league/internal/handlers/events.go:317.17,319.4 1 0
github.com/trentd187/golf-league/internal/handlers/events.go:320.3,321.36 2 0
github.com/trentd187/golf-league/internal/handlers/events.go:321.36,323.4 1 0
github.com/trentd187/golf-league/internal/handlers/events.go:324.3,331.5 1 0
github.com/trentd187/golf-league/internal/handlers/events.go:338.60,339.34 1 1
github.com/trentd187/golf-league/internal/handlers/events.go:339.34,341.10 2 1
github.com/trentd187/golf-league/internal/handlers/events.go:341.10,343.4 1 1
github.com/trentd187/golf-league/internal/handlers/events.go:344.3,345.10 2 1
github.com/trentd187/golf-league/internal/handlers/events.go:345.10,347.4 1 1
github.com/trentd187/golf-league/internal/handlers/events.go:348.3,349.44 2 1
github.com/trentd187/golf-league/internal/handlers/events.go:349.44,351.4 1 0
github.com/trentd187/golf-league/internal/handlers/events.go:352.3,361.17 2 1
github.com/trentd187/golf-league/internal/handlers/events.go:361.17,363.4 1 1
github.com/trentd187/golf-league/internal/handlers/events.go:365.3,365.27 1 0
github.com/trentd187/golf-league/internal/handlers/events.go:365.27,370.4 1 0
github.com/trentd187/golf-league/internal/handlers/events.go:372.3,372.30 1 0
github.com/trentd187/golf-league/internal/handlers/events.go:372.30,373.124 1 0
github.com/trentd187/golf-league/internal/handlers/events.go:373.124,379.5 1 0
github.com/trentd187/golf-league/internal/handlers/events.go:379.10,384.5 1 0
github.com/trentd187/golf-league/internal/handlers/events.go:387.3,391.6 1 0
github.com/trentd187/golf-league/internal/handlers/events.go:396.60,397.34 1 1
github.com/trentd187/golf-league/internal/handlers/events.go:397.34,399.10 2 1
github.com/trentd187/golf-league/internal/handlers/events.go:399.10,401.4 1 1
github.com/trentd187/golf-league/internal/handlers/events.go:402.3,403.10 2 1
github.com/trentd187/golf-league/internal/handlers/events.go:403.10,405.4 1 1
github.com/trentd187/golf-league/internal/handlers/events.go:406.3,406.80 1 0
github.com/trentd187/golf-league/internal/handlers/events.go:406.80,408.4 1 0
github.com/trentd187/golf-league/internal/handlers/events.go:409.3,409.45 1 0
github.com/trentd187/golf-league/internal/handlers/events.go:414.64,415.34 1 1
github.com/trentd187/golf-league/internal/handlers/events.go:415.34,417.10 2 1
github.com/trentd187/golf-league/internal/handlers/events.go:417.10,419.4 1 1
github.com/trentd187/golf-league/internal/handlers/events.go:420.3,421.17 2 0
github.com/trentd187/golf-league/internal/handlers/events.go:421.17,423.4 1 0
github.com/trentd187/golf-league/internal/handlers/events.go:424.3,425.29 2 0
github.com/trentd187/golf-league/internal/handlers/events.go:425.29,427.4 1 0
github.com/trentd187/golf-league/internal/handlers/events.go:428.3,428.21 1 0
github.com/trentd187/golf-league/internal/handlers/events.go:433.63,434.34 1 1
github.com/trentd187/golf-league/internal/handlers/events.go:434.34,436.10 2 1
github.com/trentd187/golf-league/internal/handlers/events.go:436.10,438.4 1 1
github.com/trentd187/golf-league/internal/handlers/events.go:439.3,440.10 2 1
github.com/trentd187/golf-league/internal/handlers/events.go:440.10,442.4 1 1
github.com/trentd187/golf-league/internal/handlers/events.go:443.3,444.44 2 0
github.com/trentd187/golf-league/internal/handlers/events.go:444.44,446.4 1 0
github.com/trentd187/golf-league/internal/handlers/events.go:447.3,448.17 2 0
github.com/trentd187/golf-league/internal/handlers/events.go:448.17,450.4 1 0
github.com/trentd187/golf-league/internal/handlers/events.go:451.3,452.17 2 0
github.com/trentd187/golf-league/internal/handlers/events.go:452.17,454.4 1 0
github.com/trentd187/golf-league/internal/handlers/events.go:455.3,455.73 1 0
github.com/trentd187/golf-league/internal/handlers/events.go:460.66,461.34 1 1
github.com/trentd187/golf-league/internal/handlers/events.go:461.34,463.10 2 1
github.com/trentd187/golf-league/internal/handlers/events.go:463.10,465.4 1 1
github.com/trentd187/golf-league/internal/handlers/events.go:466.3,467.10 2 1
github.com/trentd187/golf-league/internal/handlers/events.go:467.10,469.4 1 1
github.com/trentd187/golf-league/internal/handlers/events.go:470.3,471.17 2 1
github.com/trentd187/golf-league/internal/handlers/events.go:471.17,473.4 1 1
github.com/trentd187/golf-league/internal/handlers/events.go:474.3,474.100 1 0
github.com/trentd187/golf-league/internal/handlers/events.go:474.100,476.4 1 0
github.com/trentd187/golf-league/internal/handlers/events.go:477.3,477.45 1 0
github.com/trentd187/golf-league/internal/handlers/events.go:482.63,483.34 1 1
github.com/trentd187/golf-league/internal/handlers/events.go:483.34,485.10 2 1
github.com/trentd187/golf-league/internal/handlers/events.go:485.10,487.4 1 1
github.com/trentd187/golf-league/internal/handlers/events.go:488.3,489.17 2 0
github.com/trentd187/golf-league/internal/handlers/events.go:489.17,491.4 1 0
github.com/trentd187/golf-league/internal/handlers/events.go:492.3,493.30 2 0
github.com/trentd187/golf-league/internal/handlers/events.go:493.30,504.4 1 0
github.com/trentd187/golf-league/internal/handlers/events.go:505.3,505.21 1 0
github.com/trentd187/golf-league/internal/handlers/events.go:511.64,512.34 1 1
github.com/trentd187/golf-league/internal/handlers/events.go:512.34,514.10 2 1
github.com/trentd187/golf-league/internal/handlers/events.go:514.10,516.4 1 1
github.com/trentd187/golf-league/internal/handlers/events.go:517.3,518.17 2 0
github.com/trentd187/golf-league/internal/handlers/events.go:518.17,520.4 1 0
github.com/trentd187/golf-league/internal/handlers/events.go:521.3,522.30 2 0
github.com/trentd187/golf-league/internal/handlers/events.go:522.30,524.4 1 0
github.com/trentd187/golf-league/internal/handlers/events.go:525.3,525.21 1 0
github.com/trentd187/golf-league/internal/handlers/events.go:530.65,531.34 1 1
github.com/trentd187/golf-league/internal/handlers/events.go:531.34,533.10 2 1
github.com/trentd187/golf-league/internal/handlers/events.go:533.10,535.4 1 1
github.com/trentd187/golf-league/internal/handlers/events.go:536.3,537.10 2 1
github.com/trentd187/golf-league/internal/handlers/events.go:537.10,539.4 1 1
github.com/trentd187/golf-league/internal/handlers/events.go:540.3,540.75 1 0
github.com/trentd187/golf-league/internal/handlers/events.go:540.75,542.4 1 0
github.com/trentd187/golf-league/internal/handlers/events.go:543.3,543.45 1 0
github.com/trentd187/golf-league/internal/handlers/events.go:549.64,550.34 1 1
github.com/trentd187/golf-league/internal/handlers/events.go:550.34,552.10 2 1
github.com/trentd187/golf-league/internal/handlers/events.go:552.10,554.4 1 1
github.com/trentd187/golf-league/internal/handlers/events.go:555.3,556.10 2 1
github.com/trentd187/golf-league/internal/handlers/events.go:556.10,558.4 1 1
github.com/trentd187/golf-league/internal/handlers/events.go:559.3,560.17 2 0
github.com/trentd187/golf-league/internal/handlers/events.go:560.17,562.4 1 0
github.com/trentd187/golf-league/internal/handlers/events.go:563.3,564.27 2 0
github.com/trentd187/golf-league/internal/handlers/events.go:564.27,566.4 1 0
github.com/trentd187/golf-league/internal/handlers/events.go:567.3,567.21 1 0
github.com/trentd187/golf-league/internal/handlers/events.go:573.66,574.34 1 1
github.com/trentd187/golf-league/internal/handlers/events.go:574.34,576.10 2 1
github.com/trentd187/golf-league/internal/handlers/events.go:576.10,578.4 1 1
github.com/trentd187/golf-league/internal/handlers/events.go:579.3,580.10 2 1
github.com/trentd187/golf-league/internal/handlers/events.go:580.10,582.4 1 1
github.com/trentd187/golf-league/internal/handlers/events.go:583.3,584.17 2 1
github.com/trentd187/golf-league/internal/handlers/events.go:584.17,586.4 1 1
github.com/trentd187/golf-league/internal/handlers/events.go:587.3,588.44 2 0
github.com/trentd187/golf-league/internal/handlers/events.go:588.44,590.4 1 0
github.com/trentd187/golf-league/internal/handlers/events.go:591.3,591.118 1 0
github.com/trentd187/golf-league/internal/handlers/events.go:591.118,593.4 1 0
github.com/trentd187/golf-league/internal/handlers/events.go:594.3,594.45 1 0
github.com/trentd187/golf-league/internal/handlers/events.go:600.65,601.34 1 1
github.com/trentd187/golf-league/internal/handlers/events.go:601.34,603.10 2 1
github.com/trentd187/golf-league/internal/handlers/events.go:603.10,605.4 1 1
github.com/trentd187/golf-league/internal/handlers/events.go:606.3,607.10 2 1
github.com/trentd187/golf-league/internal/handlers/events.go:607.10,609.4 1 1
github.com/trentd187/golf-league/internal/handlers/events.go:610.3,611.17 2 1
github.com/trentd187/golf-league/internal/handlers/events.go:611.17,613.4 1 1
github.com/trentd187/golf-league/internal/handlers/events.go:614.3,615.44 2 1
github.com/trentd187/golf-league/internal/handlers/events.go:615.44,617.4 1 0
github.com/trentd187/golf-league/internal/handlers/events.go:618.3,618.114 1 1
github.com/trentd187/golf-league/internal/handlers/events.go:618.114,620.4 1 1
github.com/trentd187/golf-league/internal/handlers/events.go:621.3,621.45 1 0
github.com/trentd187/golf-league/internal/handlers/events.go:630.72,631.34 1 1
github.com/trentd187/golf-league/internal/handlers/events.go:631.34,633.10 2 1
github.com/trentd187/golf-league/internal/handlers/events.go:633.10,635.4 1 1
github.com/trentd187/golf-league/internal/handlers/events.go:636.3,637.10 2 1
github.com/trentd187/golf-league/internal/handlers/events.go:637.10,639.4 1 1
github.com/trentd187/golf-league/internal/handlers/events.go:641.3,642.44 2 0
github.com/trentd187/golf-league/internal/handlers/events.go:642.44,644.4 1 0
github.com/trentd187/golf-league/internal/handlers/events.go:646.3,647.32 2 0
github.com/trentd187/golf-league/internal/handlers/events.go:647.32,649.4 1 0
github.com/trentd187/golf-league/internal/handlers/events.go:651.3,661.17 2 0
github.com/trentd187/golf-league/internal/handlers/events.go:661.17,663.4 1 0
github.com/trentd187/golf-league/internal/handlers/events.go:665.3,679.5 2 0
github.com/trentd187/golf-league/internal/handlers/health.go:10.38,13.2 1 1
github.com/trentd187/golf-league/internal/handlers/rounds.go:117.51,119.16 2 1
github.com/trentd187/golf-league/internal/handlers/rounds.go:119.16,122.3 2 1
github.com/trentd187/golf-league/internal/handlers/rounds.go:123.2,123.17 1 1
github.com/trentd187/golf-league/internal/handlers/rounds.go:127.51,129.16 2 1
github.com/trentd187/golf-league/internal/handlers/rounds.go:129.16,132.3 2 1
github.com/trentd187/golf-league/internal/handlers/rounds.go:133.2,133.17 1 1
github.com/trentd187/golf-league/internal/handlers/rounds.go:141.78,143.25 2 0
github.com/trentd187/golf-league/internal/handlers/rounds.go:143.25,145.3 1 0
github.com/trentd187/golf-league/internal/handlers/rounds.go:146.2,146.9 1 0
github.com/trentd187/golf-league/internal/handlers/rounds.go:147.49,148.84 1 0
github.com/trentd187/golf-league/internal/handlers/rounds.go:149.49,150.99 1 0
github.com/trentd187/golf-league/internal/handlers/rounds.go:151.50,152.85 1 0
github.com/trentd187/golf-league/internal/handlers/rounds.go:153.47,154.98 1 0
github.com/trentd187/golf-league/internal/handlers/rounds.go:155.56,156.103 1 0
github.com/trentd187/golf-league/internal/handlers/rounds.go:157.52,158.108 1 0
github.com/trentd187/golf-league/internal/handlers/rounds.go:159.50,160.84 1 0
github.com/trentd187/golf-league/internal/handlers/rounds.go:161.45,162.98 1 0
github.com/trentd187/golf-league/internal/handlers/rounds.go:163.56,164.120 1 0
github.com/trentd187/golf-league/internal/handlers/rounds.go:166.2,167.88 2 0
github.com/trentd187/golf-league/internal/handlers/rounds.go:172.42,173.14 1 0
github.com/trentd187/golf-league/internal/handlers/rounds.go:173.14,175.3 1 0
github.com/trentd187/golf-league/internal/handlers/rounds.go:177.2,178.11 2 0
github.com/trentd187/golf-league/internal/handlers/rounds.go:182.154,184.28 2 0
github.com/trentd187/golf-league/internal/handlers/rounds.go:184.28,192.3 1 0
github.com/trentd187/golf-league/internal/handlers/rounds.go:193.2,200.3 1 0
github.com/trentd187/golf-league/internal/handlers/rounds.go:208.60,209.34 1 1
github.com/trentd187/golf-league/internal/handlers/rounds.go:209.34,211.10 2 1
github.com/trentd187/golf-league/internal/handlers/rounds.go:211.10,213.4 1 1
github.com/trentd187/golf-league/internal/handlers/rounds.go:215.3,216.17 2 0
github.com/trentd187/golf-league/internal/handlers/rounds.go:216.17,218.4 1 0
github.com/trentd187/golf-league/internal/handlers/rounds.go:220.3,221.29 2 0
github.com/trentd187/golf-league/internal/handlers/rounds.go:221.29,238.4 1 0
github.com/trentd187/golf-league/internal/handlers/rounds.go:239.3,239.21 1 0
github.com/trentd187/golf-league/internal/handlers/rounds.go:246.57,247.34 1 1
github.com/trentd187/golf-league/internal/handlers/rounds.go:247.34,249.10 2 1
github.com/trentd187/golf-league/internal/handlers/rounds.go:249.10,251.4 1 1
github.com/trentd187/golf-league/internal/handlers/rounds.go:252.3,253.10 2 1
github.com/trentd187/golf-league/internal/handlers/rounds.go:253.10,255.4 1 1
github.com/trentd187/golf-league/internal/handlers/rounds.go:257.3,258.17 2 0
github.com/trentd187/golf-league/internal/handlers/rounds.go:258.17,260.4 1 0
github.com/trentd187/golf-league/internal/handlers/rounds.go:262.3,263.35 2 0
github.com/trentd187/golf-league/internal/handlers/rounds.go:263.35,267.4 1 0
github.com/trentd187/golf-league/internal/handlers/rounds.go:269.3,280.5 1 0
github.com/trentd187/golf-league/internal/handlers/rounds.go:286.60,287.34 1 1
github.com/trentd187/golf-league/internal/handlers/rounds.go:287.34,289.10 2 1
github.com/trentd187/golf-league/internal/handlers/rounds.go:289.10,291.4 1 1
github.com/trentd187/golf-league/internal/handlers/rounds.go:292.3,293.10 2 1
github.com/trentd187/golf-league/internal/handlers/rounds.go:293.10,295.4 1 1
github.com/trentd187/golf-league/internal/handlers/rounds.go:297.3,298.44 2 0
github.com/trentd187/golf-league/internal/handlers/rounds.go:298.44,300.4 1 0
github.com/trentd187/golf-league/internal/handlers/rounds.go:302.3,311.17 2 0
github.com/trentd187/golf-league/internal/handlers/rounds.go:311.17,313.4 1 0
github.com/trentd187/golf-league/internal/handlers/rounds.go:315.3,323.5 1 0
github.com/trentd187/golf-league/internal/handlers/rounds.go:330.60,331.34 1 1
github.com/trentd187/golf-league/internal/handlers/rounds.go:331.34,333.10 2 1
github.com/trentd187/golf-league/internal/handlers/rounds.go:333.10,335.4 1 1
github.com/trentd187/golf-league/internal/handlers/rounds.go:336.3,337.10 2 1
github.com/trentd187/golf-league/internal/handlers/rounds.go:337.10,339.4 1 1
github.com/trentd187/golf-league/internal/handlers/rounds.go:341.3,341.84 1 0
github.com/trentd187/golf-league/internal/handlers/rounds.go:341.84,343.4 1 0
github.com/trentd187/golf-league/internal/handlers/rounds.go:344.3,344.45 1 0
github.com/trentd187/golf-league/internal/handlers/rounds.go:351.60,352.34 1 1
github.com/trentd187/golf-league/internal/handlers/rounds.go:352.34,354.10 2 1
github.com/trentd187/golf-league/internal/handlers/rounds.go:354.10,356.4 1 1
github.com/trentd187/golf-league/internal/handlers/rounds.go:357.3,358.10 2 1
github.com/trentd187/golf-league/internal/handlers/rounds.go:358.10,360.4 1 1
github.com/trentd187/golf-league/internal/handlers/rounds.go:362.3,363.17 2 0
github.com/trentd187/golf-league/internal/handlers/rounds.go:363.17,365.4 1 0
github.com/trentd187/golf-league/internal/handlers/rounds.go:367.3,369.4 1 0
github.com/trentd187/golf-league/internal/handlers/rounds.go:375.60,376.34 1 1
github.com/trentd187/golf-league/internal/handlers/rounds.go:376.34,378.10 2 1
github.com/trentd187/golf-league/internal/handlers/rounds.go:378.10,380.4 1 1
github.com/trentd187/golf-league/internal/handlers/rounds.go:381.3,382.10 2 1
github.com/trentd187/golf-league/internal/handlers/rounds.go:382.10,384.4 1 0
github.com/trentd187/golf-league/internal/handlers/rounds.go:385.3,386.10 2 1
github.com/trentd187/golf-league/internal/handlers/rounds.go:386.10,388.4 1 1
github.com/trentd187/golf-league/internal/handlers/rounds.go:390.3,391.44 2 0
github.com/trentd187/golf-league/internal/handlers/rounds.go:391.44,393.4 1 0
github.com/trentd187/golf-league/internal/handlers/rounds.go:395.3,399.17 2 0
github.com/trentd187/golf-league/internal/handlers/rounds.go:399.17,401.4 1 0
github.com/trentd187/golf-league/internal/handlers/rounds.go:403.3,405.4 1 0
github.com/trentd187/golf-league/internal/handlers/rounds.go:412.60,413.34 1 1
[...]
github.com/trentd187/golf-league/internal/handlers/rounds.go:399.17,401.4 1 0
github.com/trentd187/golf-league/internal/handlers/rounds.go:403.3,405.4 1 0
github.com/trentd187/golf-league/internal/handlers/rounds.go:412.60,413.34 1 0
github.com/trentd187/golf-league/internal/handlers/rounds.go:413.34,415.10 2 0
github.com/trentd187/golf-league/internal/handlers/rounds.go:415.10,417.4 1 0
github.com/trentd187/golf-league/internal/handlers/rounds.go:418.3,419.10 2 0
github.com/trentd187/golf-league/internal/handlers/rounds.go:419.10,421.4 1 0
github.com/trentd187/golf-league/internal/handlers/rounds.go:422.3,423.10 2 0
github.com/trentd187/golf-league/internal/handlers/rounds.go:423.10,425.4 1 0
github.com/trentd187/golf-league/internal/handlers/rounds.go:427.3,427.98 1 0
github.com/trentd187/golf-league/internal/handlers/rounds.go:427.98,429.4 1 0
github.com/trentd187/golf-league/internal/handlers/rounds.go:430.3,430.45 1 0
github.com/trentd187/golf-league/internal/handlers/rounds.go:437.63,438.34 1 0
github.com/trentd187/golf-league/internal/handlers/rounds.go:438.34,440.10 2 0
github.com/trentd187/golf-league/internal/handlers/rounds.go:440.10,442.4 1 0
github.com/trentd187/golf-league/internal/handlers/rounds.go:443.3,444.10 2 0
github.com/trentd187/golf-league/internal/handlers/rounds.go:444.10,446.4 1 0
github.com/trentd187/golf-league/internal/handlers/rounds.go:447.3,448.10 2 0
github.com/trentd187/golf-league/internal/handlers/rounds.go:448.10,450.4 1 0
github.com/trentd187/golf-league/internal/handlers/rounds.go:452.3,453.64 2 0
github.com/trentd187/golf-league/internal/handlers/rounds.go:453.64,455.4 1 0
github.com/trentd187/golf-league/internal/handlers/rounds.go:456.3,457.17 2 0
github.com/trentd187/golf-league/internal/handlers/rounds.go:457.17,459.4 1 0
github.com/trentd187/golf-league/internal/handlers/rounds.go:461.3,462.17 2 0
github.com/trentd187/golf-league/internal/handlers/rounds.go:462.17,464.4 1 0
github.com/trentd187/golf-league/internal/handlers/rounds.go:466.3,468.4 1 0
github.com/trentd187/golf-league/internal/handlers/rounds.go:475.66,476.34 1 0
github.com/trentd187/golf-league/internal/handlers/rounds.go:476.34,478.10 2 0
github.com/trentd187/golf-league/internal/handlers/rounds.go:478.10,480.4 1 0
github.com/trentd187/golf-league/internal/handlers/rounds.go:481.3,482.10 2 0
github.com/trentd187/golf-league/internal/handlers/rounds.go:482.10,484.4 1 0
github.com/trentd187/golf-league/internal/handlers/rounds.go:485.3,486.10 2 0
github.com/trentd187/golf-league/internal/handlers/rounds.go:486.10,488.4 1 0
github.com/trentd187/golf-league/internal/handlers/rounds.go:489.3,490.17 2 0
github.com/trentd187/golf-league/internal/handlers/rounds.go:490.17,492.4 1 0
github.com/trentd187/golf-league/internal/handlers/rounds.go:494.3,494.118 1 0
github.com/trentd187/golf-league/internal/handlers/rounds.go:494.118,496.4 1 0
github.com/trentd187/golf-league/internal/handlers/rounds.go:497.3,497.45 1 0
github.com/trentd187/golf-league/internal/handlers/scores.go:45.78,47.25 2 0
github.com/trentd187/golf-league/internal/handlers/scores.go:47.25,49.3 1 0
github.com/trentd187/golf-league/internal/handlers/scores.go:50.2,50.9 1 0
github.com/trentd187/golf-league/internal/handlers/scores.go:51.49,52.84 1 0
github.com/trentd187/golf-league/internal/handlers/scores.go:53.55,54.91 1 0
github.com/trentd187/golf-league/internal/handlers/scores.go:55.50,56.117 1 0
github.com/trentd187/golf-league/internal/handlers/scores.go:57.50,58.151 1 0
github.com/trentd187/golf-league/internal/handlers/scores.go:59.52,60.138 1 0
github.com/trentd187/golf-league/internal/handlers/scores.go:62.2,63.88 2 0
github.com/trentd187/golf-league/internal/handlers/scores.go:70.66,71.34 1 0
github.com/trentd187/golf-league/internal/handlers/scores.go:71.34,73.17 2 0
github.com/trentd187/golf-league/internal/handlers/scores.go:73.17,75.4 1 0
github.com/trentd187/golf-league/internal/handlers/scores.go:79.3,84.17 5 0
github.com/trentd187/golf-league/internal/handlers/scores.go:84.17,86.4 1 0
github.com/trentd187/golf-league/internal/handlers/scores.go:87.3,87.22 1 0
github.com/trentd187/golf-league/internal/handlers/scores.go:94.66,95.34 1 0
github.com/trentd187/golf-league/internal/handlers/scores.go:95.34,97.17 2 0
github.com/trentd187/golf-league/internal/handlers/scores.go:97.17,99.4 1 0
github.com/trentd187/golf-league/internal/handlers/scores.go:100.3,101.17 2 0
github.com/trentd187/golf-league/internal/handlers/scores.go:101.17,103.4 1 0
github.com/trentd187/golf-league/internal/handlers/scores.go:105.3,106.44 2 0
github.com/trentd187/golf-league/internal/handlers/scores.go:106.44,108.4 1 0
github.com/trentd187/golf-league/internal/handlers/scores.go:110.3,113.17 4 0
github.com/trentd187/golf-league/internal/handlers/scores.go:113.17,115.4 1 0
github.com/trentd187/golf-league/internal/handlers/scores.go:117.3,117.122 1 0
github.com/trentd187/golf-league/internal/handlers/scores.go:117.122,119.4 1 0
github.com/trentd187/golf-league/internal/handlers/scores.go:120.3,120.66 1 0
github.com/trentd187/golf-league/internal/handlers/scores.go:126.67,127.34 1 0
github.com/trentd187/golf-league/internal/handlers/scores.go:127.34,129.17 2 0
github.com/trentd187/golf-league/internal/handlers/scores.go:129.17,131.4 1 0
github.com/trentd187/golf-league/internal/handlers/scores.go:132.3,133.17 2 0
github.com/trentd187/golf-league/internal/handlers/scores.go:133.17,135.4 1 0
github.com/trentd187/golf-league/internal/handlers/scores.go:137.3,138.68 2 0
github.com/trentd187/golf-league/internal/handlers/scores.go:138.68,140.4 1 0
github.com/trentd187/golf-league/internal/handlers/scores.go:142.3,145.17 4 0
github.com/trentd187/golf-league/internal/handlers/scores.go:145.17,147.4 1 0
github.com/trentd187/golf-league/internal/handlers/scores.go:149.3,150.17 2 0
github.com/trentd187/golf-league/internal/handlers/scores.go:150.17,152.4 1 0
github.com/trentd187/golf-league/internal/handlers/scores.go:153.3,153.43 1 0
github.com/trentd187/golf-league/internal/handlers/scores.go:159.64,160.34 1 0
github.com/trentd187/golf-league/internal/handlers/scores.go:160.34,162.17 2 0
github.com/trentd187/golf-league/internal/handlers/scores.go:162.17,164.4 1 0
github.com/trentd187/golf-league/internal/handlers/scores.go:165.3,166.17 2 0
github.com/trentd187/golf-league/internal/handlers/scores.go:166.17,168.4 1 0
github.com/trentd187/golf-league/internal/handlers/scores.go:170.3,171.67 2 0
github.com/trentd187/golf-league/internal/handlers/scores.go:171.67,173.4 1 0
github.com/trentd187/golf-league/internal/handlers/scores.go:175.3,178.17 4 0
github.com/trentd187/golf-league/internal/handlers/scores.go:178.17,180.4 1 0
github.com/trentd187/golf-league/internal/handlers/scores.go:182.3,183.17 2 0
github.com/trentd187/golf-league/internal/handlers/scores.go:183.17,185.4 1 0
github.com/trentd187/golf-league/internal/handlers/scores.go:186.3,186.43 1 0
github.com/trentd187/golf-league/internal/handlers/telemetry.go:48.54,49.34 1 0
github.com/trentd187/golf-league/internal/handlers/telemetry.go:49.34,51.44 2 0
github.com/trentd187/golf-league/internal/handlers/telemetry.go:51.44,55.4 1 0
github.com/trentd187/golf-league/internal/handlers/telemetry.go:57.3,57.28 1 0
github.com/trentd187/golf-league/internal/handlers/telemetry.go:57.28,61.4 1 0
github.com/trentd187/golf-league/internal/handlers/telemetry.go:63.3,63.29 1 0
github.com/trentd187/golf-league/internal/handlers/telemetry.go:63.29,67.4 1 0
github.com/trentd187/golf-league/internal/handlers/telemetry.go:69.3,69.37 1 0
github.com/trentd187/golf-league/internal/handlers/telemetry.go:69.37,71.29 1 0
github.com/trentd187/golf-league/internal/handlers/telemetry.go:71.29,72.13 1 0
github.com/trentd187/golf-league/internal/handlers/telemetry.go:75.4,78.18 3 0
github.com/trentd187/golf-league/internal/handlers/telemetry.go:78.18,80.5 1 0
github.com/trentd187/golf-league/internal/handlers/telemetry.go:84.4,89.35 2 0
github.com/trentd187/golf-league/internal/handlers/telemetry.go:89.35,91.5 1 0
github.com/trentd187/golf-league/internal/handlers/telemetry.go:93.4,93.62 1 0
github.com/trentd187/golf-league/internal/handlers/telemetry.go:96.3,96.45 1 0
github.com/trentd187/golf-league/internal/handlers/telemetry.go:102.44,103.11 1 0
github.com/trentd187/golf-league/internal/handlers/telemetry.go:104.15,105.25 1 0
github.com/trentd187/golf-league/internal/handlers/telemetry.go:106.14,107.24 1 0
github.com/trentd187/golf-league/internal/handlers/telemetry.go:108.15,109.25 1 0
github.com/trentd187/golf-league/internal/handlers/telemetry.go:110.10,111.24 1 0
github.com/trentd187/golf-league/internal/handlers/users.go:33.77,35.25 2 0
github.com/trentd187/golf-league/internal/handlers/users.go:35.25,37.3 1 0
github.com/trentd187/golf-league/internal/handlers/users.go:38.2,38.9 1 0
github.com/trentd187/golf-league/internal/handlers/users.go:39.48,40.83 1 0
github.com/trentd187/golf-league/internal/handlers/users.go:41.46,42.93 1 0
github.com/trentd187/golf-league/internal/handlers/users.go:43.52,44.86 1 0
github.com/trentd187/golf-league/internal/handlers/users.go:46.2,47.88 2 0
github.com/trentd187/golf-league/internal/handlers/users.go:53.53,54.34 1 0
github.com/trentd187/golf-league/internal/handlers/users.go:54.34,56.31 2 0
github.com/trentd187/golf-league/internal/handlers/users.go:56.31,58.4 1 0
github.com/trentd187/golf-league/internal/handlers/users.go:59.3,60.17 2 0
github.com/trentd187/golf-league/internal/handlers/users.go:60.17,62.4 1 0
github.com/trentd187/golf-league/internal/handlers/users.go:64.3,65.17 2 0
github.com/trentd187/golf-league/internal/handlers/users.go:65.17,67.4 1 0
github.com/trentd187/golf-league/internal/handlers/users.go:68.3,68.22 1 0
github.com/trentd187/golf-league/internal/handlers/users.go:73.59,74.34 1 0
github.com/trentd187/golf-league/internal/handlers/users.go:74.34,77.17 3 0
github.com/trentd187/golf-league/internal/handlers/users.go:77.17,79.4 1 0
github.com/trentd187/golf-league/internal/handlers/users.go:81.3,82.17 2 0
github.com/trentd187/golf-league/internal/handlers/users.go:82.17,84.4 1 0
github.com/trentd187/golf-league/internal/handlers/users.go:85.3,85.25 1 0
github.com/trentd187/golf-league/internal/handlers/users.go:90.62,91.34 1 0
github.com/trentd187/golf-league/internal/handlers/users.go:91.34,94.17 3 0
github.com/trentd187/golf-league/internal/handlers/users.go:94.17,96.4 1 0
github.com/trentd187/golf-league/internal/handlers/users.go:98.3,99.17 2 0
github.com/trentd187/golf-league/internal/handlers/users.go:99.17,101.4 1 0
github.com/trentd187/golf-league/internal/handlers/users.go:103.3,104.17 2 0
github.com/trentd187/golf-league/internal/handlers/users.go:104.17,106.4 1 0
github.com/trentd187/golf-league/internal/handlers/users.go:107.3,107.22 1 0
github.com/trentd187/golf-league/internal/handlers/users.go:112.58,113.34 1 0
github.com/trentd187/golf-league/internal/handlers/users.go:113.34,116.17 3 0
github.com/trentd187/golf-league/internal/handlers/users.go:116.17,118.4 1 0
github.com/trentd187/golf-league/internal/handlers/users.go:120.3,121.17 2 0
github.com/trentd187/golf-league/internal/handlers/users.go:121.17,123.4 1 0
github.com/trentd187/golf-league/internal/handlers/users.go:125.3,125.77 1 0
github.com/trentd187/golf-league/internal/handlers/users.go:125.77,127.4 1 0
github.com/trentd187/golf-league/internal/handlers/users.go:128.3,128.62 1 0
github.com/trentd187/golf-league/internal/handlers/users.go:133.60,134.34 1 0
github.com/trentd187/golf-league/internal/handlers/users.go:134.34,137.17 3 0
github.com/trentd187/golf-league/internal/handlers/users.go:137.17,139.4 1 0
github.com/trentd187/golf-league/internal/handlers/users.go:141.3,142.17 2 0
github.com/trentd187/golf-league/internal/handlers/users.go:142.17,144.4 1 0
github.com/trentd187/golf-league/internal/handlers/users.go:146.3,147.79 2 0
github.com/trentd187/golf-league/internal/handlers/users.go:147.79,149.4 1 0
github.com/trentd187/golf-league/internal/handlers/users.go:150.3,150.45 1 0
github.com/trentd187/golf-league/internal/handlers/users.go:155.60,156.34 1 0
github.com/trentd187/golf-league/internal/handlers/users.go:156.34,159.17 3 0
github.com/trentd187/golf-league/internal/handlers/users.go:159.17,161.4 1 0
github.com/trentd187/golf-league/internal/handlers/users.go:163.3,164.17 2 0
github.com/trentd187/golf-league/internal/handlers/users.go:164.17,166.4 1 0
github.com/trentd187/golf-league/internal/handlers/users.go:167.3,167.25 1 0
github.com/trentd187/golf-league/internal/handlers/users.go:172.60,173.34 1 0
github.com/trentd187/golf-league/internal/handlers/users.go:173.34,175.52 2 0
github.com/trentd187/golf-league/internal/handlers/users.go:175.52,177.4 1 0
github.com/trentd187/golf-league/internal/handlers/users.go:179.3,180.17 2 0
github.com/trentd187/golf-league/internal/handlers/users.go:180.17,182.4 1 0
github.com/trentd187/golf-league/internal/handlers/users.go:184.3,185.17 2 0
github.com/trentd187/golf-league/internal/handlers/users.go:185.17,187.4 1 0
github.com/trentd187/golf-league/internal/handlers/users.go:188.3,188.22 1 0
github.com/trentd187/golf-league/internal/handlers/users.go:193.61,194.34 1 0
github.com/trentd187/golf-league/internal/handlers/users.go:194.34,196.52 2 0
github.com/trentd187/golf-league/internal/handlers/users.go:196.52,198.4 1 0
github.com/trentd187/golf-league/internal/handlers/users.go:200.3,201.17 2 0
github.com/trentd187/golf-league/internal/handlers/users.go:201.17,203.4 1 0
github.com/trentd187/golf-league/internal/handlers/users.go:205.3,206.17 2 0
github.com/trentd187/golf-league/internal/handlers/users.go:206.17,208.4 1 0
github.com/trentd187/golf-league/internal/handlers/users.go:209.3,209.25 1 0
github.com/trentd187/golf-league/internal/handlers/users.go:214.68,215.34 1 0
github.com/trentd187/golf-league/internal/handlers/users.go:215.34,217.31 2 0
github.com/trentd187/golf-league/internal/handlers/users.go:217.31,219.4 1 0
github.com/trentd187/golf-league/internal/handlers/users.go:220.3,221.17 2 0
github.com/trentd187/golf-league/internal/handlers/users.go:221.17,223.4 1 0
github.com/trentd187/golf-league/internal/handlers/users.go:225.3,226.17 2 0
github.com/trentd187/golf-league/internal/handlers/users.go:226.17,228.4 1 0
github.com/trentd187/golf-league/internal/handlers/users.go:229.3,229.22 1 0
github.com/trentd187/golf-league/internal/handlers/users.go:234.71,235.34 1 0
github.com/trentd187/golf-league/internal/handlers/users.go:235.34,237.31 2 0
github.com/trentd187/golf-league/internal/handlers/users.go:237.31,239.4 1 0
github.com/trentd187/golf-league/internal/handlers/users.go:240.3,241.17 2 0
github.com/trentd187/golf-league/internal/handlers/users.go:241.17,243.4 1 0
github.com/trentd187/golf-league/internal/handlers/users.go:245.3,246.45 2 0
github.com/trentd187/golf-league/internal/handlers/users.go:246.45,248.4 1 0
github.com/trentd187/golf-league/internal/handlers/users.go:250.3,251.17 2 0
github.com/trentd187/golf-league/internal/handlers/users.go:251.17,254.4 1 0
github.com/trentd187/golf-league/internal/handlers/users.go:255.3,255.22 1 0
github.com/trentd187/golf-league/internal/middleware/auth.go:45.58,49.16 2 0
github.com/trentd187/golf-league/internal/middleware/auth.go:49.16,51.3 1 0
github.com/trentd187/golf-league/internal/middleware/auth.go:52.2,52.42 1 0
github.com/trentd187/golf-league/internal/middleware/auth.go:59.68,60.34 1 0
github.com/trentd187/golf-league/internal/middleware/auth.go:60.34,62.71 2 0
github.com/trentd187/golf-league/internal/middleware/auth.go:62.71,66.4 1 0
github.com/trentd187/golf-league/internal/middleware/auth.go:68.3,74.33 3 0
github.com/trentd187/golf-league/internal/middleware/auth.go:74.33,78.4 1 0
github.com/trentd187/golf-league/internal/middleware/auth.go:80.3,81.10 2 0
github.com/trentd187/golf-league/internal/middleware/auth.go:81.10,85.4 1 0
github.com/trentd187/golf-league/internal/middleware/auth.go:88.3,89.19 2 0
github.com/trentd187/golf-league/internal/middleware/auth.go:89.19,93.4 1 0
github.com/trentd187/golf-league/internal/middleware/auth.go:95.3,103.83 4 0
github.com/trentd187/golf-league/internal/middleware/auth.go:103.83,105.4 1 0
github.com/trentd187/golf-league/internal/middleware/auth.go:107.3,110.26 3 0
github.com/trentd187/golf-league/internal/middleware/auth.go:110.26,111.46 1 0
github.com/trentd187/golf-league/internal/middleware/auth.go:111.46,116.5 2 0
github.com/trentd187/golf-league/internal/middleware/auth.go:120.4,122.80 2 0
github.com/trentd187/golf-league/internal/middleware/auth.go:122.80,124.6 1 0
github.com/trentd187/golf-league/internal/middleware/auth.go:124.11,124.27 1 0
github.com/trentd187/golf-league/internal/middleware/auth.go:124.27,125.51 1 0
github.com/trentd187/golf-league/internal/middleware/auth.go:125.51,127.7 1 0
github.com/trentd187/golf-league/internal/middleware/auth.go:129.5,130.24 2 0
github.com/trentd187/golf-league/internal/middleware/auth.go:130.24,132.6 1 0
github.com/trentd187/golf-league/internal/middleware/auth.go:133.5,140.50 2 0
github.com/trentd187/golf-league/internal/middleware/auth.go:140.50,145.6 2 0
github.com/trentd187/golf-league/internal/middleware/auth.go:147.9,150.42 2 0
github.com/trentd187/golf-league/internal/middleware/auth.go:150.42,153.5 2 0
github.com/trentd187/golf-league/internal/middleware/auth.go:154.4,154.54 1 0
github.com/trentd187/golf-league/internal/middleware/auth.go:154.54,157.5 2 0
github.com/trentd187/golf-league/internal/middleware/auth.go:158.4,158.82 1 0
github.com/trentd187/golf-league/internal/middleware/auth.go:158.82,161.5 2 0
github.com/trentd187/golf-league/internal/middleware/auth.go:162.4,162.24 1 0
github.com/trentd187/golf-league/internal/middleware/auth.go:162.24,164.5 1 0
github.com/trentd187/golf-league/internal/middleware/auth.go:168.3,177.18 4 0
github.com/trentd187/golf-league/internal/middleware/correlation.go:21.34,22.34 1 0
github.com/trentd187/golf-league/internal/middleware/correlation.go:22.34,24.54 2 0
github.com/trentd187/golf-league/internal/middleware/correlation.go:24.54,28.4 1 0
github.com/trentd187/golf-league/internal/middleware/correlation.go:31.3,42.52 6 0
github.com/trentd187/golf-league/internal/middleware/correlation.go:42.52,44.4 1 0
github.com/trentd187/golf-league/internal/middleware/correlation.go:46.3,46.13 1 0
github.com/trentd187/golf-league/internal/middleware/metrics.go:18.58,19.34 1 0
github.com/trentd187/golf-league/internal/middleware/metrics.go:19.34,28.18 5 0
github.com/trentd187/golf-league/internal/middleware/metrics.go:28.18,30.4 1 0
github.com/trentd187/golf-league/internal/middleware/metrics.go:32.3,39.25 3 0
github.com/trentd187/golf-league/internal/middleware/metrics.go:39.25,46.70 2 0
github.com/trentd187/golf-league/internal/middleware/metrics.go:46.70,48.5 1 0
github.com/trentd187/golf-league/internal/middleware/metrics.go:49.4,49.63 1 0
github.com/trentd187/golf-league/internal/middleware/metrics.go:49.63,51.5 1 0
github.com/trentd187/golf-league/internal/middleware/metrics.go:52.4,52.83 1 0
github.com/trentd187/golf-league/internal/middleware/metrics.go:59.3,59.24 1 0
github.com/trentd187/golf-league/internal/middleware/metrics.go:59.24,65.75 2 0
github.com/trentd187/golf-league/internal/middleware/metrics.go:65.75,67.5 1 0
github.com/trentd187/golf-league/internal/middleware/metrics.go:68.4,68.87 1 0
github.com/trentd187/golf-league/internal/middleware/metrics.go:71.3,71.13 1 0
github.com/trentd187/golf-league/internal/middleware/roles.go:18.49,19.34 1 0
github.com/trentd187/golf-league/internal/middleware/roles.go:19.34,23.28 2 0
github.com/trentd187/golf-league/internal/middleware/roles.go:23.28,27.4 1 0
github.com/trentd187/golf-league/internal/middleware/roles.go:29.3,29.30 1 0
github.com/trentd187/golf-league/internal/middleware/roles.go:29.30,30.24 1 0
github.com/trentd187/golf-league/internal/middleware/roles.go:30.24,32.5 1 0
github.com/trentd187/golf-league/internal/middleware/roles.go:35.3,37.5 1 0
