TN:
SF:app\+not-found.tsx
FN:22,NotFound
FNF:1
FNH:0
FNDA:0,NotFound
DA:23,0
DA:25,0
LF:2
LH:0
BRF:0
BRH:0
end_of_record
TN:
SF:app\_layout.tsx
FN:37,(anonymous_0)
FN:61,(anonymous_1)
FN:64,(anonymous_2)
FN:68,(anonymous_3)
FN:73,TelemetrySetup
FN:76,(anonymous_5)
FN:77,(anonymous_6)
FN:81,(anonymous_7)
FN:84,(anonymous_8)
FN:93,(anonymous_9)
FN:99,RootLayout
FNF:11
FNH:0
FNDA:0,(anonymous_0)
FNDA:0,(anonymous_1)
FNDA:0,(anonymous_2)
FNDA:0,(anonymous_3)
FNDA:0,TelemetrySetup
FNDA:0,(anonymous_5)
FNDA:0,(anonymous_6)
FNDA:0,(anonymous_7)
FNDA:0,(anonymous_8)
FNDA:0,(anonymous_9)
FNDA:0,RootLayout
DA:35,0
DA:38,0
DA:39,0
DA:40,0
DA:41,0
DA:45,0
DA:46,0
DA:51,0
DA:52,0
DA:61,0
DA:62,0
DA:65,0
DA:68,0
DA:74,0
DA:76,0
DA:77,0
DA:81,0
DA:82,0
DA:85,0
DA:86,0
DA:87,0
DA:88,0
DA:89,0
DA:93,0
DA:96,0
DA:100,0
LF:26
LH:0
BRDA:39,0,0,0
BRDA:39,0,1,0
BRDA:40,1,0,0
BRDA:40,1,1,0
BRDA:45,2,0,0
BRDA:45,2,1,0
BRDA:51,3,0,0
BRDA:51,3,1,0
BRDA:86,4,0,0
BRDA:86,4,1,0
BRDA:88,5,0,0
BRDA:88,5,1,0
BRF:12
BRH:0
end_of_record
TN:
SF:app\index.tsx
FN:13,Index
FN:19,(anonymous_1)
FN:20,(anonymous_2)
FN:27,(anonymous_3)
FN:32,(anonymous_4)
FNF:5
FNH:0
FNDA:0,Index
FNDA:0,(anonymous_1)
FNDA:0,(anonymous_2)
FNDA:0,(anonymous_3)
FNDA:0,(anonymous_4)
DA:14,0
DA:17,0
DA:19,0
DA:20,0
DA:21,0
DA:22,0
DA:26,0
DA:28,0
DA:32,0
DA:35,0
DA:37,0
LF:11
LH:0
BRDA:35,0,0,0
BRDA:35,0,1,0
BRDA:37,1,0,0
BRDA:37,1,1,0
BRF:4
BRH:0
end_of_record
TN:
SF:app\sign-in.tsx
FN:37,SignIn
FN:49,(anonymous_1)
FN:54,(anonymous_2)
FN:107,(anonymous_3)
FN:127,(anonymous_4)
FN:249,(anonymous_5)
FNF:6
FNH:0
FNDA:0,SignIn
FNDA:0,(anonymous_1)
FNDA:0,(anonymous_2)
FNDA:0,(anonymous_3)
FNDA:0,(anonymous_4)
FNDA:0,(anonymous_5)
DA:35,0
DA:38,0
DA:39,0
DA:41,0
DA:42,0
DA:43,0
DA:44,0
DA:45,0
DA:49,0
DA:50,0
DA:54,0
DA:55,0
DA:56,0
DA:67,0
DA:69,0
DA:74,0
DA:75,0
DA:76,0
DA:79,0
DA:81,0
DA:86,0
DA:87,0
DA:88,0
DA:89,0
DA:90,0
DA:92,0
DA:93,0
DA:94,0
DA:96,0
DA:100,0
DA:102,0
DA:107,0
DA:108,0
DA:109,0
DA:111,0
DA:117,0
DA:119,0
DA:120,0
DA:122,0
DA:127,0
DA:128,0
DA:129,0
DA:131,0
DA:137,0
DA:139,0
DA:141,0
DA:143,0
DA:148,0
DA:250,0
DA:251,0
DA:252,0
LF:51
LH:0
BRDA:74,0,0,0
BRDA:74,0,1,0
BRDA:74,1,0,0
BRDA:74,1,1,0
BRDA:75,2,0,0
BRDA:75,2,1,0
BRDA:81,3,0,0
BRDA:81,3,1,0
BRDA:88,4,0,0
BRDA:88,4,1,0
BRDA:93,5,0,0
BRDA:93,5,1,0
BRDA:100,6,0,0
BRDA:100,6,1,0
BRDA:119,7,0,0
BRDA:119,7,1,0
BRDA:139,8,0,0
BRDA:139,8,1,0
BRDA:155,9,0,0
BRDA:155,9,1,0
BRDA:170,10,0,0
BRDA:170,10,1,0
BRDA:177,11,0,0
BRDA:177,11,1,0
BRDA:193,12,0,0
BRDA:193,12,1,0
BRDA:207,13,0,0
BRDA:207,13,1,0
BRDA:211,14,0,0
BRDA:211,14,1,0
BRDA:237,15,0,0
BRDA:237,15,1,0
BRDA:241,16,0,0
BRDA:241,16,1,0
BRDA:262,17,0,0
BRDA:262,17,1,0
BRF:36
BRH:0
end_of_record
TN:
SF:app\(tabs)\_layout.tsx
FN:39,TabBarIcon
FN:44,TabLayout
FN:48,(anonymous_2)
FN:79,(anonymous_3)
FN:90,(anonymous_4)
FN:102,(anonymous_5)
FN:113,(anonymous_6)
FN:124,(anonymous_7)
FNF:8
FNH:0
FNDA:0,TabBarIcon
FNDA:0,TabLayout
FNDA:0,(anonymous_2)
FNDA:0,(anonymous_3)
FNDA:0,(anonymous_4)
FNDA:0,(anonymous_5)
FNDA:0,(anonymous_6)
FNDA:0,(anonymous_7)
DA:41,0
DA:48,0
DA:50,0
DA:80,0
DA:92,0
DA:103,0
DA:114,0
DA:125,0
LF:8
LH:0
BRDA:80,0,0,0
BRDA:80,0,1,0
BRDA:92,1,0,0
BRDA:92,1,1,0
BRDA:103,2,0,0
BRDA:103,2,1,0
BRDA:114,3,0,0
BRDA:114,3,1,0
BRDA:125,4,0,0
BRDA:125,4,1,0
BRF:10
BRH:0
end_of_record
TN:
SF:app\(tabs)\courses.tsx
FN:32,isAdminOrManager
FN:38,CoursesScreen
FN:51,(anonymous_2)
FN:80,(anonymous_3)
FN:96,(anonymous_4)
FN:101,(anonymous_5)
FN:110,(anonymous_6)
FN:130,(anonymous_7)
FN:150,(anonymous_8)
FN:171,(anonymous_9)
FN:179,(anonymous_10)
FN:182,(anonymous_11)
FN:208,(anonymous_12)
FN:213,(anonymous_13)
FN:273,(anonymous_14)
FN:279,(anonymous_15)
FN:293,(anonymous_16)
FNF:17
FNH:0
FNDA:0,isAdminOrManager
FNDA:0,CoursesScreen
FNDA:0,(anonymous_2)
FNDA:0,(anonymous_3)
FNDA:0,(anonymous_4)
FNDA:0,(anonymous_5)
FNDA:0,(anonymous_6)
FNDA:0,(anonymous_7)
FNDA:0,(anonymous_8)
FNDA:0,(anonymous_9)
FNDA:0,(anonymous_10)
FNDA:0,(anonymous_11)
FNDA:0,(anonymous_12)
FNDA:0,(anonymous_13)
FNDA:0,(anonymous_14)
FNDA:0,(anonymous_15)
FNDA:0,(anonymous_16)
DA:33,0
DA:39,0
DA:40,0
DA:41,0
DA:42,0
DA:43,0
DA:45,0
DA:46,0
DA:48,0
DA:51,0
DA:52,0
DA:53,0
DA:54,0
DA:55,0
DA:56,0
DA:57,0
DA:58,0
DA:66,0
DA:73,0
DA:74,0
DA:75,0
DA:77,0
DA:79,0
DA:81,0
DA:82,0
DA:95,0
DA:96,0
DA:97,0
DA:99,0
DA:102,0
DA:103,0
DA:104,0
DA:105,0
DA:106,0
DA:107,0
DA:108,0
DA:111,0
DA:115,0
DA:119,0
DA:130,0
DA:150,0
DA:171,0
DA:180,0
DA:182,0
DA:208,0
DA:213,0
DA:274,0
DA:279,0
DA:293,0
LF:49
LH:0
BRDA:33,0,0,0
BRDA:33,0,1,0
BRDA:55,1,0,0
BRDA:55,1,1,0
BRDA:57,2,0,0
BRDA:57,2,1,0
BRDA:90,3,0,0
BRDA:90,3,1,0
BRDA:91,4,0,0
BRDA:91,4,1,0
BRDA:95,5,0,0
BRDA:95,5,1,0
BRDA:97,6,0,0
BRDA:97,6,1,0
BRDA:115,7,0,0
BRDA:115,7,1,0
BRDA:127,8,0,0
BRDA:127,8,1,0
BRDA:149,9,0,0
BRDA:149,9,1,0
BRDA:158,10,0,0
BRDA:158,10,1,0
BRDA:162,11,0,0
BRDA:162,11,1,0
BRDA:176,12,0,0
BRDA:176,12,1,0
BRDA:189,13,0,0
BRDA:189,13,1,0
BRDA:189,14,0,0
BRDA:189,14,1,0
BRDA:193,15,0,0
BRDA:193,15,1,0
BRDA:277,16,0,0
BRDA:277,16,1,0
BRDA:282,17,0,0
BRDA:282,17,1,0
BRDA:292,18,0,0
BRDA:292,18,1,0
BRDA:296,19,0,0
BRDA:296,19,1,0
BRF:40
BRH:0
end_of_record
TN:
SF:app\(tabs)\events.tsx
FN:99,EventCard
FN:151,EventsScreen
FN:176,(anonymous_2)
FN:187,(anonymous_3)
FN:199,(anonymous_4)
FN:209,(anonymous_5)
FN:218,(anonymous_6)
FN:223,(anonymous_7)
FN:226,(anonymous_8)
FN:235,(anonymous_9)
FN:244,(anonymous_10)
FN:253,(anonymous_11)
FN:257,(anonymous_12)
FN:262,(anonymous_13)
FN:273,(anonymous_14)
FN:276,(anonymous_15)
FN:293,(anonymous_16)
FN:298,(anonymous_17)
FN:307,(anonymous_18)
FN:312,(anonymous_19)
FN:331,(anonymous_20)
FN:340,(anonymous_21)
FN:356,(anonymous_22)
FN:374,(anonymous_23)
FN:390,(anonymous_24)
FN:407,(anonymous_25)
FN:414,(anonymous_26)
FN:416,(anonymous_27)
FN:419,(anonymous_28)
FN:467,(anonymous_29)
FN:474,(anonymous_30)
FN:481,(anonymous_31)
FN:489,(anonymous_32)
FN:507,(anonymous_33)
FN:513,(anonymous_34)
FN:535,(anonymous_35)
FN:541,(anonymous_36)
FN:566,(anonymous_37)
FN:572,(anonymous_38)
FN:579,(anonymous_39)
FN:584,(anonymous_40)
FN:590,(anonymous_41)
FN:643,(anonymous_42)
FN:653,(anonymous_43)
FNF:44
FNH:0
FNDA:0,EventCard
FNDA:0,EventsScreen
FNDA:0,(anonymous_2)
FNDA:0,(anonymous_3)
FNDA:0,(anonymous_4)
FNDA:0,(anonymous_5)
FNDA:0,(anonymous_6)
FNDA:0,(anonymous_7)
FNDA:0,(anonymous_8)
FNDA:0,(anonymous_9)
FNDA:0,(anonymous_10)
FNDA:0,(anonymous_11)
FNDA:0,(anonymous_12)
FNDA:0,(anonymous_13)
FNDA:0,(anonymous_14)
FNDA:0,(anonymous_15)
FNDA:0,(anonymous_16)
FNDA:0,(anonymous_17)
FNDA:0,(anonymous_18)
FNDA:0,(anonymous_19)
FNDA:0,(anonymous_20)
FNDA:0,(anonymous_21)
FNDA:0,(anonymous_22)
FNDA:0,(anonymous_23)
FNDA:0,(anonymous_24)
FNDA:0,(anonymous_25)
FNDA:0,(anonymous_26)
FNDA:0,(anonymous_27)
FNDA:0,(anonymous_28)
FNDA:0,(anonymous_29)
FNDA:0,(anonymous_30)
FNDA:0,(anonymous_31)
FNDA:0,(anonymous_32)
FNDA:0,(anonymous_33)
FNDA:0,(anonymous_34)
FNDA:0,(anonymous_35)
FNDA:0,(anonymous_36)
FNDA:0,(anonymous_37)
FNDA:0,(anonymous_38)
FNDA:0,(anonymous_39)
FNDA:0,(anonymous_40)
FNDA:0,(anonymous_41)
FNDA:0,(anonymous_42)
FNDA:0,(anonymous_43)
DA:69,0
DA:75,0
DA:82,0
DA:89,0
DA:100,0
DA:102,0
DA:152,0
DA:153,0
DA:154,0
DA:155,0
DA:156,0
DA:159,0
DA:161,0
DA:162,0
DA:163,0
DA:164,0
DA:167,0
DA:168,0
DA:169,0
DA:170,0
DA:172,0
DA:173,0
DA:176,0
DA:177,0
DA:178,0
DA:179,0
DA:183,0
DA:185,0
DA:188,0
DA:189,0
DA:192,0
DA:193,0
DA:197,0
DA:199,0
DA:200,0
DA:201,0
DA:202,0
DA:208,0
DA:210,0
DA:211,0
DA:212,0
DA:218,0
DA:219,0
DA:221,0
DA:223,0
DA:225,0
DA:226,0
DA:231,0
DA:233,0
DA:235,0
DA:236,0
DA:237,0
DA:238,0
DA:239,0
DA:241,0
DA:244,0
DA:245,0
DA:246,0
DA:247,0
DA:248,0
DA:250,0
DA:253,0
DA:254,0
DA:257,0
DA:258,0
DA:262,0
DA:263,0
DA:266,0
DA:270,0
DA:273,0
DA:275,0
DA:283,0
DA:284,0
DA:292,0
DA:293,0
DA:294,0
DA:296,0
DA:299,0
DA:300,0
DA:301,0
DA:302,0
DA:303,0
DA:304,0
DA:305,0
DA:308,0
DA:312,0
DA:313,0
DA:314,0
DA:315,0
DA:316,0
DA:320,0
DA:321,0
DA:322,0
DA:331,0
DA:332,0
DA:333,0
DA:334,0
DA:335,0
DA:336,0
DA:337,0
DA:340,0
DA:341,0
DA:342,0
DA:346,0
DA:356,0
DA:374,0
DA:390,0
DA:407,0
DA:414,0
DA:417,0
DA:419,0
DA:467,0
DA:474,0
DA:481,0
DA:490,0
DA:491,0
DA:508,0
DA:509,0
DA:513,0
DA:536,0
DA:537,0
DA:541,0
DA:566,0
DA:572,0
DA:579,0
DA:585,0
DA:586,0
DA:591,0
DA:592,0
DA:644,0
DA:645,0
DA:653,0
LF:132
LH:0
BRDA:118,0,0,0
BRDA:118,0,1,0
BRDA:125,1,0,0
BRDA:125,1,1,0
BRDA:125,1,2,0
BRDA:129,2,0,0
BRDA:129,2,1,0
BRDA:130,3,0,0
BRDA:130,3,1,0
BRDA:178,4,0,0
BRDA:178,4,1,0
BRDA:183,5,0,0
BRDA:183,5,1,0
BRDA:192,6,0,0
BRDA:192,6,1,0
BRDA:211,7,0,0
BRDA:211,7,1,0
BRDA:219,8,0,0
BRDA:219,8,1,0
BRDA:221,9,0,0
BRDA:221,9,1,0
BRDA:225,10,0,0
BRDA:225,10,1,0
BRDA:233,11,0,0
BRDA:233,11,1,0
BRDA:233,11,2,0
BRDA:233,11,3,0
BRDA:233,11,4,0
BRDA:236,12,0,0
BRDA:236,12,1,0
BRDA:236,13,0,0
BRDA:236,13,1,0
BRDA:237,14,0,0
BRDA:237,14,1,0
BRDA:238,15,0,0
BRDA:238,15,1,0
BRDA:245,16,0,0
BRDA:245,16,1,0
BRDA:245,17,0,0
BRDA:245,17,1,0
BRDA:246,18,0,0
BRDA:246,18,1,0
BRDA:247,19,0,0
BRDA:247,19,1,0
BRDA:270,20,0,0
BRDA:270,20,1,0
BRDA:273,21,0,0
BRDA:273,21,1,0
BRDA:292,22,0,0
BRDA:292,22,1,0
BRDA:294,23,0,0
BRDA:294,23,1,0
BRDA:314,24,0,0
BRDA:314,24,1,0
BRDA:320,25,0,0
BRDA:320,25,1,0
BRDA:321,26,0,0
BRDA:321,26,1,0
BRDA:325,27,0,0
BRDA:325,27,1,0
BRDA:353,28,0,0
BRDA:353,28,1,0
BRDA:370,29,0,0
BRDA:370,29,1,0
BRDA:379,30,0,0
BRDA:379,30,1,0
BRDA:381,31,0,0
BRDA:381,31,1,0
BRDA:383,32,0,0
BRDA:383,32,1,0
BRDA:399,33,0,0
BRDA:399,33,1,0
BRDA:403,34,0,0
BRDA:403,34,1,0
BRDA:411,35,0,0
BRDA:411,35,1,0
BRDA:435,36,0,0
BRDA:435,36,1,0
BRDA:452,37,0,0
BRDA:452,37,1,0
BRDA:495,38,0,0
BRDA:495,38,1,0
BRDA:516,39,0,0
BRDA:516,39,1,0
BRDA:516,40,0,0
BRDA:516,40,1,0
BRDA:521,41,0,0
BRDA:521,41,1,0
BRDA:523,42,0,0
BRDA:523,42,1,0
BRDA:544,43,0,0
BRDA:544,43,1,0
BRDA:544,44,0,0
BRDA:544,44,1,0
BRDA:549,45,0,0
BRDA:549,45,1,0
BRDA:551,46,0,0
BRDA:551,46,1,0
BRDA:597,47,0,0
BRDA:597,47,1,0
BRDA:602,48,0,0
BRDA:602,48,1,0
BRDA:622,49,0,0
BRDA:622,49,1,0
BRDA:649,50,0,0
BRDA:649,50,1,0
BRDA:658,51,0,0
BRDA:658,51,1,0
BRDA:677,52,0,0
BRDA:677,52,1,0
BRDA:679,53,0,0
BRDA:679,53,1,0
BRDA:737,54,0,0
BRDA:737,54,1,0
BRDA:742,55,0,0
BRDA:742,55,1,0
BRF:116
BRH:0
end_of_record
TN:
SF:app\(tabs)\index.tsx
FN:8,Index
FNF:1
FNH:0
FNDA:0,Index
DA:9,0
LF:1
LH:0
BRF:0
BRH:0
end_of_record
TN:
SF:app\(tabs)\profile.tsx
FN:44,SystemRoleBadge
FN:61,ProfileScreen
FN:72,(anonymous_2)
FN:73,(anonymous_3)
FN:100,(anonymous_4)
FN:107,(anonymous_5)
FN:171,(anonymous_6)
FN:176,(anonymous_7)
FN:195,(anonymous_8)
FN:200,(anonymous_9)
FN:206,(anonymous_10)
FN:363,(anonymous_11)
FN:373,(anonymous_12)
FNF:13
FNH:0
FNDA:0,SystemRoleBadge
FNDA:0,ProfileScreen
FNDA:0,(anonymous_2)
FNDA:0,(anonymous_3)
FNDA:0,(anonymous_4)
FNDA:0,(anonymous_5)
FNDA:0,(anonymous_6)
FNDA:0,(anonymous_7)
FNDA:0,(anonymous_8)
FNDA:0,(anonymous_9)
FNDA:0,(anonymous_10)
FNDA:0,(anonymous_11)
FNDA:0,(anonymous_12)
DA:45,0
DA:50,0
DA:51,0
DA:52,0
DA:62,0
DA:63,0
DA:64,0
DA:65,0
DA:66,0
DA:72,0
DA:73,0
DA:75,0
DA:76,0
DA:77,0
DA:78,0
DA:81,0
DA:83,0
DA:85,0
DA:89,0
DA:90,0
DA:91,0
DA:94,0
DA:98,0
DA:100,0
DA:107,0
DA:108,0
DA:109,0
DA:110,0
DA:115,0
DA:118,0
DA:125,0
DA:127,0
DA:128,0
DA:129,0
DA:131,0
DA:132,0
DA:133,0
DA:137,0
DA:138,0
DA:142,0
DA:146,0
DA:148,0
DA:153,0
DA:157,0
DA:159,0
DA:160,0
DA:161,0
DA:167,0
DA:171,0
DA:172,0
DA:173,0
DA:176,0
DA:177,0
DA:178,0
DA:179,0
DA:182,0
DA:183,0
DA:185,0
DA:191,0
DA:195,0
DA:196,0
DA:197,0
DA:200,0
DA:201,0
DA:207,0
DA:208,0
DA:209,0
DA:210,0
DA:212,0
DA:216,0
DA:224,0
DA:364,0
DA:365,0
DA:373,0
LF:74
LH:0
BRDA:50,0,0,0
BRDA:50,0,1,0
BRDA:50,1,0,0
BRDA:50,1,1,0
BRDA:51,2,0,0
BRDA:51,2,1,0
BRDA:51,3,0,0
BRDA:51,3,1,0
BRDA:85,4,0,0
BRDA:85,4,1,0
BRDA:89,5,0,0
BRDA:89,5,1,0
BRDA:90,6,0,0
BRDA:90,6,1,0
BRDA:91,7,0,0
BRDA:91,7,1,0
BRDA:94,8,0,0
BRDA:94,8,1,0
BRDA:94,8,2,0
BRDA:109,9,0,0
BRDA:109,9,1,0
BRDA:125,10,0,0
BRDA:125,10,1,0
BRDA:132,11,0,0
BRDA:132,11,1,0
BRDA:146,12,0,0
BRDA:146,12,1,0
BRDA:157,13,0,0
BRDA:157,13,1,0
BRDA:163,14,0,0
BRDA:163,14,1,0
BRDA:182,15,0,0
BRDA:182,15,1,0
BRDA:187,16,0,0
BRDA:187,16,1,0
BRDA:227,17,0,0
BRDA:227,17,1,0
BRDA:242,18,0,0
BRDA:242,18,1,0
BRDA:245,19,0,0
BRDA:245,19,1,0
BRDA:245,20,0,0
BRDA:245,20,1,0
BRDA:258,21,0,0
BRDA:258,21,1,0
BRDA:286,22,0,0
BRDA:286,22,1,0
BRDA:310,23,0,0
BRDA:310,23,1,0
BRDA:311,24,0,0
BRDA:311,24,1,0
BRDA:313,25,0,0
BRDA:313,25,1,0
BRDA:315,26,0,0
BRDA:315,26,1,0
BRDA:322,27,0,0
BRDA:322,27,1,0
BRDA:343,28,0,0
BRDA:343,28,1,0
BRDA:347,29,0,0
BRDA:347,29,1,0
BRDA:369,30,0,0
BRDA:369,30,1,0
BRDA:384,31,0,0
BRDA:384,31,1,0
BRDA:389,32,0,0
BRDA:389,32,1,0
BRDA:401,33,0,0
BRDA:401,33,1,0
BRDA:403,34,0,0
BRDA:403,34,1,0
BRF:71
BRH:0
end_of_record
TN:
SF:app\(tabs)\rounds.tsx
FN:53,RoundCard
FN:98,SectionLabel
FN:109,RoundsScreen
FN:122,(anonymous_3)
FN:134,(anonymous_4)
FN:143,(anonymous_5)
FN:169,(anonymous_6)
FN:179,(anonymous_7)
FN:180,(anonymous_8)
FN:181,(anonymous_9)
FN:209,(anonymous_10)
FN:213,(anonymous_11)
FN:217,(anonymous_12)
FN:224,(anonymous_13)
FN:231,(anonymous_14)
FN:238,(anonymous_15)
FNF:16
FNH:0
FNDA:0,RoundCard
FNDA:0,SectionLabel
FNDA:0,RoundsScreen
FNDA:0,(anonymous_3)
FNDA:0,(anonymous_4)
FNDA:0,(anonymous_5)
FNDA:0,(anonymous_6)
FNDA:0,(anonymous_7)
FNDA:0,(anonymous_8)
FNDA:0,(anonymous_9)
FNDA:0,(anonymous_10)
FNDA:0,(anonymous_11)
FNDA:0,(anonymous_12)
FNDA:0,(anonymous_13)
FNDA:0,(anonymous_14)
FNDA:0,(anonymous_15)
DA:54,0
DA:56,0
DA:99,0
DA:100,0
DA:110,0
DA:111,0
DA:112,0
DA:113,0
DA:120,0
DA:123,0
DA:124,0
DA:127,0
DA:128,0
DA:132,0
DA:134,0
DA:135,0
DA:136,0
DA:137,0
DA:142,0
DA:144,0
DA:145,0
DA:152,0
DA:153,0
DA:160,0
DA:161,0
DA:169,0
DA:179,0
DA:180,0
DA:181,0
DA:185,0
DA:186,0
DA:205,0
DA:207,0
DA:208,0
DA:209,0
DA:211,0
DA:212,0
DA:213,0
DA:215,0
DA:216,0
DA:217,0
DA:220,0
DA:225,0
DA:232,0
DA:233,0
DA:235,0
DA:238,0
LF:47
LH:0
BRDA:127,0,0,0
BRDA:127,0,1,0
BRDA:144,1,0,0
BRDA:144,1,1,0
BRDA:152,2,0,0
BRDA:152,2,1,0
BRDA:160,3,0,0
BRDA:160,3,1,0
BRDA:160,4,0,0
BRDA:160,4,1,0
BRDA:185,5,0,0
BRDA:185,5,1,0
BRDA:207,6,0,0
BRDA:207,6,1,0
BRDA:211,7,0,0
BRDA:211,7,1,0
BRDA:215,8,0,0
BRDA:215,8,1,0
BRDA:225,9,0,0
BRDA:225,9,1,0
BRDA:232,10,0,0
BRDA:232,10,1,0
BRF:22
BRH:0
end_of_record
TN:
SF:app\(tabs)\stats.tsx
FN:66,StatCard
FN:79,(anonymous_1)
FN:95,DirectionalMissCard
FN:112,pct
FN:179,(anonymous_4)
FN:193,PuttingCard
FN:214,(anonymous_6)
FN:215,(anonymous_7)
FN:217,toXY
FN:221,arcPath
FN:239,(anonymous_10)
FN:277,(anonymous_11)
FN:280,(anonymous_12)
FN:348,ScoringCard
FN:381,(anonymous_14)
FN:383,(anonymous_15)
FN:385,toXY
FN:391,arcPath
FN:410,(anonymous_18)
FN:475,(anonymous_19)
FN:500,(anonymous_20)
FN:504,(anonymous_21)
FN:550,formatRunningDiff
FN:557,runningDiffColor
FN:565,HoleTableRow
FN:599,formatTotalDiff
FN:606,totalDiffColor
FN:612,HoleTotalsRow
FN:641,RoundStatsModal
FN:746,RoundScorecardModal
FN:760,(anonymous_30)
FN:762,(anonymous_31)
FN:767,(anonymous_32)
FN:767,(anonymous_33)
FN:771,(anonymous_34)
FN:772,(anonymous_35)
FN:778,(anonymous_36)
FN:791,nineTotal
FN:792,(anonymous_38)
FN:793,(anonymous_39)
FN:795,(anonymous_40)
FN:852,(anonymous_41)
FN:865,(anonymous_42)
FN:889,ScoreRow
FN:974,StatsScreen
FN:989,(anonymous_45)
FN:999,(anonymous_46)
FN:1008,(anonymous_47)
FN:1008,(anonymous_48)
FN:1013,(anonymous_49)
FN:1014,(anonymous_50)
FN:1015,(anonymous_51)
FN:1020,(anonymous_52)
FN:1022,(anonymous_53)
FN:1029,(anonymous_54)
FN:1032,(anonymous_55)
FN:1038,(anonymous_56)
FN:1040,(anonymous_57)
FN:1052,(anonymous_58)
FN:1054,(anonymous_59)
FN:1055,(anonymous_60)
FN:1057,(anonymous_61)
FN:1061,(anonymous_62)
FN:1064,(anonymous_63)
FN:1070,(anonymous_64)
FN:1073,closeModal
FN:1142,(anonymous_66)
FN:1150,(anonymous_67)
FN:1163,(anonymous_68)
FN:1171,(anonymous_69)
FN:1290,(anonymous_70)
FN:1294,(anonymous_71)
FN:1295,(anonymous_72)
FN:1299,(anonymous_73)
FNF:74
FNH:0
FNDA:0,StatCard
FNDA:0,(anonymous_1)
FNDA:0,DirectionalMissCard
FNDA:0,pct
FNDA:0,(anonymous_4)
FNDA:0,PuttingCard
FNDA:0,(anonymous_6)
FNDA:0,(anonymous_7)
FNDA:0,toXY
FNDA:0,arcPath
FNDA:0,(anonymous_10)
FNDA:0,(anonymous_11)
FNDA:0,(anonymous_12)
FNDA:0,ScoringCard
FNDA:0,(anonymous_14)
FNDA:0,(anonymous_15)
FNDA:0,toXY
FNDA:0,arcPath
FNDA:0,(anonymous_18)
FNDA:0,(anonymous_19)
FNDA:0,(anonymous_20)
FNDA:0,(anonymous_21)
FNDA:0,formatRunningDiff
FNDA:0,runningDiffColor
FNDA:0,HoleTableRow
FNDA:0,formatTotalDiff
FNDA:0,totalDiffColor
FNDA:0,HoleTotalsRow
FNDA:0,RoundStatsModal
FNDA:0,RoundScorecardModal
FNDA:0,(anonymous_30)
FNDA:0,(anonymous_31)
FNDA:0,(anonymous_32)
FNDA:0,(anonymous_33)
FNDA:0,(anonymous_34)
FNDA:0,(anonymous_35)
FNDA:0,(anonymous_36)
FNDA:0,nineTotal
FNDA:0,(anonymous_38)
FNDA:0,(anonymous_39)
FNDA:0,(anonymous_40)
FNDA:0,(anonymous_41)
FNDA:0,(anonymous_42)
FNDA:0,ScoreRow
FNDA:0,StatsScreen
FNDA:0,(anonymous_45)
FNDA:0,(anonymous_46)
FNDA:0,(anonymous_47)
FNDA:0,(anonymous_48)
FNDA:0,(anonymous_49)
FNDA:0,(anonymous_50)
FNDA:0,(anonymous_51)
FNDA:0,(anonymous_52)
FNDA:0,(anonymous_53)
FNDA:0,(anonymous_54)
FNDA:0,(anonymous_55)
FNDA:0,(anonymous_56)
FNDA:0,(anonymous_57)
FNDA:0,(anonymous_58)
FNDA:0,(anonymous_59)
FNDA:0,(anonymous_60)
FNDA:0,(anonymous_61)
FNDA:0,(anonymous_62)
FNDA:0,(anonymous_63)
FNDA:0,(anonymous_64)
FNDA:0,closeModal
FNDA:0,(anonymous_66)
FNDA:0,(anonymous_67)
FNDA:0,(anonymous_68)
FNDA:0,(anonymous_69)
FNDA:0,(anonymous_70)
FNDA:0,(anonymous_71)
FNDA:0,(anonymous_72)
FNDA:0,(anonymous_73)
DA:73,0
DA:74,0
DA:80,0
DA:108,0
DA:109,0
DA:113,0
DA:114,0
DA:117,0
DA:180,0
DA:201,0
DA:203,0
DA:204,0
DA:205,0
DA:208,0
DA:214,0
DA:215,0
DA:218,0
DA:222,0
DA:223,0
DA:224,0
DA:225,0
DA:226,0
DA:227,0
DA:228,0
DA:229,0
DA:238,0
DA:239,0
DA:240,0
DA:241,0
DA:242,0
DA:243,0
DA:245,0
DA:246,0
DA:247,0
DA:248,0
DA:249,0
DA:250,0
DA:252,0
DA:255,0
DA:278,0
DA:280,0
DA:364,0
DA:370,0
DA:371,0
DA:372,0
DA:375,0
DA:381,0
DA:383,0
DA:386,0
DA:392,0
DA:393,0
DA:394,0
DA:395,0
DA:396,0
DA:397,0
DA:398,0
DA:399,0
DA:409,0
DA:410,0
DA:411,0
DA:412,0
DA:413,0
DA:414,0
DA:416,0
DA:418,0
DA:419,0
DA:422,0
DA:423,0
DA:425,0
DA:427,0
DA:430,0
DA:436,0
DA:478,0
DA:501,0
DA:504,0
DA:551,0
DA:552,0
DA:553,0
DA:558,0
DA:559,0
DA:574,0
DA:575,0
DA:576,0
DA:577,0
DA:578,0
DA:580,0
DA:600,0
DA:601,0
DA:602,0
DA:607,0
DA:608,0
DA:621,0
DA:623,0
DA:624,0
DA:625,0
DA:627,0
DA:650,0
DA:652,0
DA:653,0
DA:655,0
DA:656,0
DA:662,0
DA:755,0
DA:757,0
DA:760,0
DA:761,0
DA:762,0
DA:766,0
DA:767,0
DA:771,0
DA:772,0
DA:778,0
DA:779,0
DA:780,0
DA:781,0
DA:782,0
DA:783,0
DA:784,0
DA:785,0
DA:787,0
DA:792,0
DA:793,0
DA:794,0
DA:795,0
DA:797,0
DA:800,0
DA:801,0
DA:802,0
DA:804,0
DA:808,0
DA:809,0
DA:815,0
DA:853,0
DA:866,0
DA:900,0
DA:902,0
DA:903,0
DA:906,0
DA:907,0
DA:913,0
DA:915,0
DA:975,0
DA:976,0
DA:978,0
DA:979,0
DA:980,0
DA:983,0
DA:984,0
DA:987,0
DA:990,0
DA:991,0
DA:994,0
DA:995,0
DA:999,0
DA:1000,0
DA:1001,0
DA:1002,0
DA:1007,0
DA:1008,0
DA:1013,0
DA:1014,0
DA:1015,0
DA:1019,0
DA:1020,0
DA:1022,0
DA:1029,0
DA:1030,0
DA:1031,0
DA:1032,0
DA:1037,0
DA:1038,0
DA:1041,0
DA:1042,0
DA:1045,0
DA:1046,0
DA:1052,0
DA:1053,0
DA:1054,0
DA:1055,0
DA:1057,0
DA:1061,0
DA:1062,0
DA:1063,0
DA:1064,0
DA:1065,0
DA:1069,0
DA:1070,0
DA:1074,0
DA:1079,0
DA:1080,0
DA:1087,0
DA:1088,0
DA:1097,0
DA:1099,0
DA:1101,0
DA:1102,0
DA:1103,0
DA:1105,0
DA:1143,0
DA:1144,0
DA:1150,0
DA:1164,0
DA:1165,0
DA:1171,0
DA:1291,0
DA:1294,0
DA:1296,0
DA:1297,0
DA:1300,0
DA:1301,0
LF:210
LH:0
BRDA:82,0,0,0
BRDA:82,0,1,0
BRDA:113,1,0,0
BRDA:113,1,1,0
BRDA:146,2,0,0
BRDA:146,2,1,0
BRDA:147,3,0,0
BRDA:147,3,1,0
BRDA:148,4,0,0
BRDA:148,4,1,0
BRDA:166,5,0,0
BRDA:166,5,1,0
BRDA:174,6,0,0
BRDA:174,6,1,0
BRDA:174,6,2,0
BRDA:228,7,0,0
BRDA:228,7,1,0
BRDA:247,8,0,0
BRDA:247,8,1,0
BRDA:248,9,0,0
BRDA:248,9,1,0
BRDA:264,10,0,0
BRDA:264,10,1,0
BRDA:265,11,0,0
BRDA:265,11,1,0
BRDA:275,12,0,0
BRDA:275,12,1,0
BRDA:328,13,0,0
BRDA:328,13,1,0
BRDA:329,14,0,0
BRDA:329,14,1,0
BRDA:334,15,0,0
BRDA:334,15,1,0
BRDA:335,16,0,0
BRDA:335,16,1,0
BRDA:398,17,0,0
BRDA:398,17,1,0
BRDA:419,18,0,0
BRDA:419,18,1,0
BRDA:422,19,0,0
BRDA:422,19,1,0
BRDA:447,20,0,0
BRDA:447,20,1,0
BRDA:450,21,0,0
BRDA:450,21,1,0
BRDA:453,22,0,0
BRDA:453,22,1,0
BRDA:453,22,2,0
BRDA:457,23,0,0
BRDA:457,23,1,0
BRDA:458,24,0,0
BRDA:458,24,1,0
BRDA:464,25,0,0
BRDA:464,25,1,0
BRDA:465,26,0,0
BRDA:465,26,1,0
BRDA:479,27,0,0
BRDA:479,27,1,0
BRDA:481,28,0,0
BRDA:481,28,1,0
BRDA:482,29,0,0
BRDA:482,29,1,0
BRDA:496,30,0,0
BRDA:496,30,1,0
BRDA:551,31,0,0
BRDA:551,31,1,0
BRDA:552,32,0,0
BRDA:552,32,1,0
BRDA:553,33,0,0
BRDA:553,33,1,0
BRDA:558,34,0,0
BRDA:558,34,1,0
BRDA:558,35,0,0
BRDA:558,35,1,0
BRDA:559,36,0,0
BRDA:559,36,1,0
BRDA:576,37,0,0
BRDA:576,37,1,0
BRDA:588,38,0,0
BRDA:588,38,1,0
BRDA:589,39,0,0
BRDA:589,39,1,0
BRDA:600,40,0,0
BRDA:600,40,1,0
BRDA:601,41,0,0
BRDA:601,41,1,0
BRDA:602,42,0,0
BRDA:602,42,1,0
BRDA:607,43,0,0
BRDA:607,43,1,0
BRDA:607,44,0,0
BRDA:607,44,1,0
BRDA:608,45,0,0
BRDA:608,45,1,0
BRDA:623,46,0,0
BRDA:623,46,1,0
BRDA:632,47,0,0
BRDA:632,47,1,0
BRDA:652,48,0,0
BRDA:652,48,1,0
BRDA:653,49,0,0
BRDA:653,49,1,0
BRDA:653,50,0,0
BRDA:653,50,1,0
BRDA:695,51,0,0
BRDA:695,51,1,0
BRDA:698,52,0,0
BRDA:698,52,1,0
BRDA:710,53,0,0
BRDA:710,53,1,0
BRDA:717,54,0,0
BRDA:717,54,1,0
BRDA:720,55,0,0
BRDA:720,55,1,0
BRDA:761,56,0,0
BRDA:761,56,1,0
BRDA:783,57,0,0
BRDA:783,57,1,0
BRDA:794,58,0,0
BRDA:794,58,1,0
BRDA:795,59,0,0
BRDA:795,59,1,0
BRDA:804,60,0,0
BRDA:804,60,1,0
BRDA:804,61,0,0
BRDA:804,61,1,0
BRDA:834,62,0,0
BRDA:834,62,1,0
BRDA:860,63,0,0
BRDA:860,63,1,0
BRDA:873,64,0,0
BRDA:873,64,1,0
BRDA:902,65,0,0
BRDA:902,65,1,0
BRDA:903,66,0,0
BRDA:903,66,1,0
BRDA:948,67,0,0
BRDA:948,67,1,0
BRDA:957,68,0,0
BRDA:957,68,1,0
BRDA:994,69,0,0
BRDA:994,69,1,0
BRDA:1008,70,0,0
BRDA:1008,70,1,0
BRDA:1030,71,0,0
BRDA:1030,71,1,0
BRDA:1031,72,0,0
BRDA:1031,72,1,0
BRDA:1045,73,0,0
BRDA:1045,73,1,0
BRDA:1063,74,0,0
BRDA:1063,74,1,0
BRDA:1069,75,0,0
BRDA:1069,75,1,0
BRDA:1079,76,0,0
BRDA:1079,76,1,0
BRDA:1087,77,0,0
BRDA:1087,77,1,0
BRDA:1099,78,0,0
BRDA:1099,78,1,0
BRDA:1102,79,0,0
BRDA:1102,79,1,0
BRDA:1103,80,0,0
BRDA:1103,80,1,0
BRDA:1108,81,0,0
BRDA:1108,81,1,0
BRDA:1108,81,2,0
BRDA:1111,82,0,0
BRDA:1111,82,1,0
BRDA:1111,82,2,0
BRDA:1111,82,3,0
BRDA:1148,83,0,0
BRDA:1148,83,1,0
BRDA:1153,84,0,0
BRDA:1153,84,1,0
BRDA:1169,85,0,0
BRDA:1169,85,1,0
BRDA:1174,86,0,0
BRDA:1174,86,1,0
BRDA:1183,87,0,0
BRDA:1183,87,1,0
BRDA:1191,88,0,0
BRDA:1191,88,1,0
BRDA:1201,89,0,0
BRDA:1201,89,1,0
BRDA:1205,90,0,0
BRDA:1205,90,1,0
BRDA:1209,91,0,0
BRDA:1209,91,1,0
BRDA:1227,92,0,0
BRDA:1227,92,1,0
BRDA:1234,93,0,0
BRDA:1234,93,1,0
BRDA:1237,94,0,0
BRDA:1237,94,1,0
BRDA:1260,95,0,0
BRDA:1260,95,1,0
BRDA:1264,96,0,0
BRDA:1264,96,1,0
BRF:199
BRH:0
end_of_record
TN:
SF:app\courses\[id].tsx
FN:36,isAdminOrManager
FN:42,CourseDetailScreen
FN:67,(anonymous_2)
FN:88,(anonymous_3)
FN:94,(anonymous_4)
FN:103,(anonymous_5)
FN:115,(anonymous_6)
FN:119,(anonymous_7)
FN:123,(anonymous_8)
FN:127,(anonymous_9)
FN:136,(anonymous_10)
FN:145,(anonymous_11)
FN:163,(anonymous_12)
FN:172,(anonymous_13)
FN:200,(anonymous_14)
FN:224,(anonymous_15)
FN:278,(anonymous_16)
FN:298,(anonymous_17)
FN:310,(anonymous_18)
FN:324,(anonymous_19)
FN:331,(anonymous_20)
FN:389,(anonymous_21)
FN:400,(anonymous_22)
FN:405,(anonymous_23)
FN:457,(anonymous_24)
FNF:25
FNH:0
FNDA:0,isAdminOrManager
FNDA:0,CourseDetailScreen
FNDA:0,(anonymous_2)
FNDA:0,(anonymous_3)
FNDA:0,(anonymous_4)
FNDA:0,(anonymous_5)
FNDA:0,(anonymous_6)
FNDA:0,(anonymous_7)
FNDA:0,(anonymous_8)
FNDA:0,(anonymous_9)
FNDA:0,(anonymous_10)
FNDA:0,(anonymous_11)
FNDA:0,(anonymous_12)
FNDA:0,(anonymous_13)
FNDA:0,(anonymous_14)
FNDA:0,(anonymous_15)
FNDA:0,(anonymous_16)
FNDA:0,(anonymous_17)
FNDA:0,(anonymous_18)
FNDA:0,(anonymous_19)
FNDA:0,(anonymous_20)
FNDA:0,(anonymous_21)
FNDA:0,(anonymous_22)
FNDA:0,(anonymous_23)
FNDA:0,(anonymous_24)
DA:37,0
DA:43,0
DA:44,0
DA:45,0
DA:46,0
DA:47,0
DA:48,0
DA:51,0
DA:53,0
DA:54,0
DA:55,0
DA:56,0
DA:59,0
DA:60,0
DA:61,0
DA:62,0
DA:64,0
DA:67,0
DA:68,0
DA:69,0
DA:72,0
DA:73,0
DA:82,0
DA:88,0
DA:89,0
DA:90,0
DA:94,0
DA:95,0
DA:96,0
DA:97,0
DA:98,0
DA:99,0
DA:102,0
DA:104,0
DA:105,0
DA:114,0
DA:115,0
DA:116,0
DA:120,0
DA:121,0
DA:123,0
DA:127,0
DA:128,0
DA:137,0
DA:138,0
DA:139,0
DA:140,0
DA:144,0
DA:145,0
DA:146,0
DA:147,0
DA:149,0
DA:150,0
DA:152,0
DA:154,0
DA:163,0
DA:164,0
DA:165,0
DA:166,0
DA:167,0
DA:171,0
DA:172,0
DA:173,0
DA:174,0
DA:176,0
DA:177,0
DA:179,0
DA:181,0
DA:186,0
DA:187,0
DA:194,0
DA:195,0
DA:200,0
DA:207,0
DA:224,0
DA:279,0
DA:280,0
DA:299,0
DA:300,0
DA:302,0
DA:310,0
DA:325,0
DA:326,0
DA:331,0
DA:389,0
DA:400,0
DA:405,0
DA:457,0
LF:88
LH:0
BRDA:37,0,0,0
BRDA:37,0,1,0
BRDA:72,1,0,0
BRDA:72,1,1,0
BRDA:95,2,0,0
BRDA:95,2,1,0
BRDA:97,3,0,0
BRDA:97,3,1,0
BRDA:98,4,0,0
BRDA:98,4,1,0
BRDA:110,5,0,0
BRDA:110,5,1,0
BRDA:111,6,0,0
BRDA:111,6,1,0
BRDA:114,7,0,0
BRDA:114,7,1,0
BRDA:116,8,0,0
BRDA:116,8,1,0
BRDA:144,9,0,0
BRDA:144,9,1,0
BRDA:146,10,0,0
BRDA:146,10,1,0
BRDA:149,11,0,0
BRDA:149,11,1,0
BRDA:171,12,0,0
BRDA:171,12,1,0
BRDA:173,13,0,0
BRDA:173,13,1,0
BRDA:186,14,0,0
BRDA:186,14,1,0
BRDA:194,15,0,0
BRDA:194,15,1,0
BRDA:194,16,0,0
BRDA:194,16,1,0
BRDA:234,17,0,0
BRDA:234,17,1,0
BRDA:234,17,2,0
BRDA:244,18,0,0
BRDA:244,18,1,0
BRDA:258,19,0,0
BRDA:258,19,1,0
BRDA:275,20,0,0
BRDA:275,20,1,0
BRDA:292,21,0,0
BRDA:292,21,1,0
BRDA:294,22,0,0
BRDA:294,22,1,0
BRDA:310,23,0,0
BRDA:310,23,1,0
BRDA:320,24,0,0
BRDA:320,24,1,0
BRDA:332,25,0,0
BRDA:332,25,1,0
BRDA:341,26,0,0
BRDA:341,26,1,0
BRDA:348,27,0,0
BRDA:348,27,1,0
BRDA:365,28,0,0
BRDA:365,28,1,0
BRDA:365,28,2,0
BRDA:372,29,0,0
BRDA:372,29,1,0
BRDA:455,30,0,0
BRDA:455,30,1,0
BRDA:455,31,0,0
BRDA:455,31,1,0
BRDA:458,32,0,0
BRDA:458,32,1,0
BRDA:460,33,0,0
BRDA:460,33,1,0
BRF:70
BRH:0
end_of_record
TN:
SF:app\events\[id].tsx
FN:107,teeTimeToDate
FN:116,dateToTeeTime
FN:121,formatTeeTime
FN:132,EventDetailScreen
FN:177,(anonymous_4)
FN:179,(anonymous_5)
FN:195,(anonymous_6)
FN:211,(anonymous_7)
FN:224,(anonymous_8)
FN:238,(anonymous_9)
FN:239,(anonymous_10)
FN:245,(anonymous_11)
FN:247,(anonymous_12)
FN:259,(anonymous_13)
FN:260,(anonymous_14)
FN:263,(anonymous_15)
FN:264,(anonymous_16)
FN:270,(anonymous_17)
FN:273,(anonymous_18)
FN:275,(anonymous_19)
FN:280,(anonymous_20)
FN:296,(anonymous_21)
FN:301,(anonymous_22)
FN:306,(anonymous_23)
FN:312,(anonymous_24)
FN:323,(anonymous_25)
FN:328,(anonymous_26)
FN:333,(anonymous_27)
FN:339,(anonymous_28)
FN:360,(anonymous_29)
FN:365,(anonymous_30)
FN:377,(anonymous_31)
FN:385,(anonymous_32)
FN:393,(anonymous_33)
FN:398,(anonymous_34)
FN:402,(anonymous_35)
FN:408,(anonymous_36)
FN:415,(anonymous_37)
FN:419,(anonymous_38)
FN:423,(anonymous_39)
FN:430,(anonymous_40)
FN:439,(anonymous_41)
FN:452,(anonymous_42)
FN:461,(anonymous_43)
FN:467,(anonymous_44)
FN:476,(anonymous_45)
FN:482,(anonymous_46)
FN:502,(anonymous_47)
FN:550,buildEventLeaderboard
FN:554,(anonymous_49)
FN:560,(anonymous_50)
FN:561,(anonymous_51)
FN:563,(anonymous_52)
FN:596,(anonymous_53)
FN:604,(anonymous_54)
FN:610,(anonymous_55)
FN:633,(anonymous_56)
FN:647,(anonymous_57)
FN:719,(anonymous_58)
FN:727,(anonymous_59)
FN:743,(anonymous_60)
FN:752,(anonymous_61)
FN:789,(anonymous_62)
FN:808,(anonymous_63)
FN:812,(anonymous_64)
FN:862,(anonymous_65)
FN:864,(anonymous_66)
FN:889,(anonymous_67)
FN:970,(anonymous_68)
FN:981,(anonymous_69)
FN:1084,(anonymous_70)
FN:1093,(anonymous_71)
FN:1108,(anonymous_72)
FN:1122,(anonymous_73)
FN:1142,(anonymous_74)
FN:1178,(anonymous_75)
FN:1199,(anonymous_76)
FN:1218,(anonymous_77)
FN:1220,(anonymous_78)
FN:1230,(anonymous_79)
FN:1281,(anonymous_80)
FN:1291,(anonymous_81)
FN:1321,(anonymous_82)
FN:1323,(anonymous_83)
FN:1333,(anonymous_84)
FN:1363,(anonymous_85)
FN:1375,(anonymous_86)
FN:1388,(anonymous_87)
FN:1396,(anonymous_88)
FN:1422,(anonymous_89)
FN:1440,(anonymous_90)
FN:1447,(anonymous_91)
FN:1457,(anonymous_92)
FN:1475,(anonymous_93)
FN:1515,(anonymous_94)
FN:1516,(anonymous_95)
FNF:96
FNH:0
FNDA:0,teeTimeToDate
FNDA:0,dateToTeeTime
FNDA:0,formatTeeTime
FNDA:0,EventDetailScreen
FNDA:0,(anonymous_4)
FNDA:0,(anonymous_5)
FNDA:0,(anonymous_6)
FNDA:0,(anonymous_7)
FNDA:0,(anonymous_8)
FNDA:0,(anonymous_9)
FNDA:0,(anonymous_10)
FNDA:0,(anonymous_11)
FNDA:0,(anonymous_12)
FNDA:0,(anonymous_13)
FNDA:0,(anonymous_14)
FNDA:0,(anonymous_15)
FNDA:0,(anonymous_16)
FNDA:0,(anonymous_17)
FNDA:0,(anonymous_18)
FNDA:0,(anonymous_19)
FNDA:0,(anonymous_20)
FNDA:0,(anonymous_21)
FNDA:0,(anonymous_22)
FNDA:0,(anonymous_23)
FNDA:0,(anonymous_24)
FNDA:0,(anonymous_25)
FNDA:0,(anonymous_26)
FNDA:0,(anonymous_27)
FNDA:0,(anonymous_28)
FNDA:0,(anonymous_29)
FNDA:0,(anonymous_30)
FNDA:0,(anonymous_31)
FNDA:0,(anonymous_32)
FNDA:0,(anonymous_33)
FNDA:0,(anonymous_34)
FNDA:0,(anonymous_35)
FNDA:0,(anonymous_36)
FNDA:0,(anonymous_37)
FNDA:0,(anonymous_38)
FNDA:0,(anonymous_39)
FNDA:0,(anonymous_40)
FNDA:0,(anonymous_41)
FNDA:0,(anonymous_42)
FNDA:0,(anonymous_43)
FNDA:0,(anonymous_44)
FNDA:0,(anonymous_45)
FNDA:0,(anonymous_46)
FNDA:0,(anonymous_47)
FNDA:0,buildEventLeaderboard
FNDA:0,(anonymous_49)
FNDA:0,(anonymous_50)
FNDA:0,(anonymous_51)
FNDA:0,(anonymous_52)
FNDA:0,(anonymous_53)
FNDA:0,(anonymous_54)
FNDA:0,(anonymous_55)
FNDA:0,(anonymous_56)
FNDA:0,(anonymous_57)
FNDA:0,(anonymous_58)
FNDA:0,(anonymous_59)
FNDA:0,(anonymous_60)
FNDA:0,(anonymous_61)
FNDA:0,(anonymous_62)
FNDA:0,(anonymous_63)
FNDA:0,(anonymous_64)
FNDA:0,(anonymous_65)
FNDA:0,(anonymous_66)
FNDA:0,(anonymous_67)
FNDA:0,(anonymous_68)
FNDA:0,(anonymous_69)
FNDA:0,(anonymous_70)
FNDA:0,(anonymous_71)
FNDA:0,(anonymous_72)
FNDA:0,(anonymous_73)
FNDA:0,(anonymous_74)
FNDA:0,(anonymous_75)
FNDA:0,(anonymous_76)
FNDA:0,(anonymous_77)
FNDA:0,(anonymous_78)
FNDA:0,(anonymous_79)
FNDA:0,(anonymous_80)
FNDA:0,(anonymous_81)
FNDA:0,(anonymous_82)
FNDA:0,(anonymous_83)
FNDA:0,(anonymous_84)
FNDA:0,(anonymous_85)
FNDA:0,(anonymous_86)
FNDA:0,(anonymous_87)
FNDA:0,(anonymous_88)
FNDA:0,(anonymous_89)
FNDA:0,(anonymous_90)
FNDA:0,(anonymous_91)
FNDA:0,(anonymous_92)
FNDA:0,(anonymous_93)
FNDA:0,(anonymous_94)
FNDA:0,(anonymous_95)
DA:108,0
DA:109,0
DA:110,0
DA:111,0
DA:112,0
DA:117,0
DA:122,0
DA:123,0
DA:124,0
DA:125,0
DA:126,0
DA:127,0
DA:133,0
DA:134,0
DA:135,0
DA:136,0
DA:137,0
DA:138,0
DA:141,0
DA:142,0
DA:143,0
DA:146,0
DA:149,0
DA:150,0
DA:151,0
DA:152,0
DA:155,0
DA:158,0
DA:160,0
DA:162,0
DA:164,0
DA:165,0
DA:166,0
DA:169,0
DA:170,0
DA:172,0
DA:174,0
DA:177,0
DA:178,0
DA:179,0
DA:180,0
DA:181,0
DA:182,0
DA:193,0
DA:196,0
DA:197,0
DA:200,0
DA:201,0
DA:209,0
DA:212,0
DA:213,0
DA:216,0
DA:217,0
DA:222,0
DA:225,0
DA:226,0
DA:229,0
DA:230,0
DA:237,0
DA:238,0
DA:239,0
DA:244,0
DA:245,0
DA:248,0
DA:249,0
DA:252,0
DA:253,0
DA:259,0
DA:260,0
DA:262,0
DA:263,0
DA:264,0
DA:269,0
DA:270,0
DA:271,0
DA:273,0
DA:275,0
DA:279,0
DA:286,0
DA:287,0
DA:295,0
DA:296,0
DA:297,0
DA:299,0
DA:302,0
DA:303,0
DA:304,0
DA:307,0
DA:311,0
DA:313,0
DA:314,0
DA:322,0
DA:323,0
DA:324,0
DA:326,0
DA:329,0
DA:330,0
DA:331,0
DA:334,0
DA:338,0
DA:350,0
DA:351,0
DA:359,0
DA:360,0
DA:361,0
DA:363,0
DA:366,0
DA:367,0
DA:368,0
DA:369,0
DA:370,0
DA:371,0
DA:372,0
DA:373,0
DA:374,0
DA:375,0
DA:378,0
DA:384,0
DA:386,0
DA:387,0
DA:392,0
DA:393,0
DA:394,0
DA:396,0
DA:399,0
DA:400,0
DA:403,0
DA:407,0
DA:409,0
DA:410,0
DA:414,0
DA:415,0
DA:416,0
DA:420,0
DA:421,0
DA:424,0
DA:430,0
DA:432,0
DA:433,0
DA:434,0
DA:435,0
DA:436,0
DA:439,0
DA:440,0
DA:441,0
DA:442,0
DA:444,0
DA:452,0
DA:453,0
DA:461,0
DA:467,0
DA:468,0
DA:476,0
DA:482,0
DA:483,0
DA:484,0
DA:485,0
DA:487,0
DA:488,0
DA:489,0
DA:491,0
DA:492,0
DA:493,0
DA:495,0
DA:496,0
DA:497,0
DA:502,0
DA:504,0
DA:505,0
DA:509,0
DA:511,0
DA:512,0
DA:523,0
DA:551,0
DA:553,0
DA:554,0
DA:555,0
DA:557,0
DA:558,0
DA:559,0
DA:560,0
DA:561,0
DA:562,0
DA:563,0
DA:565,0
DA:566,0
DA:568,0
DA:569,0
DA:570,0
DA:571,0
DA:572,0
DA:574,0
DA:575,0
DA:576,0
DA:578,0
DA:579,0
DA:582,0
DA:596,0
DA:597,0
DA:598,0
DA:599,0
DA:603,0
DA:604,0
DA:605,0
DA:606,0
DA:607,0
DA:609,0
DA:610,0
DA:612,0
DA:618,0
DA:619,0
DA:626,0
DA:627,0
DA:633,0
DA:642,0
DA:647,0
DA:720,0
DA:721,0
DA:727,0
DA:743,0
DA:753,0
DA:791,0
DA:792,0
DA:793,0
DA:809,0
DA:812,0
DA:863,0
DA:864,0
DA:865,0
DA:866,0
DA:873,0
DA:890,0
DA:893,0
DA:896,0
DA:897,0
DA:898,0
DA:970,0
DA:981,0
DA:1085,0
DA:1086,0
DA:1094,0
DA:1095,0
DA:1108,0
DA:1123,0
DA:1124,0
DA:1125,0
DA:1126,0
DA:1127,0
DA:1128,0
DA:1129,0
DA:1130,0
DA:1143,0
DA:1144,0
DA:1145,0
DA:1146,0
DA:1147,0
DA:1148,0
DA:1149,0
DA:1178,0
DA:1199,0
DA:1219,0
DA:1221,0
DA:1222,0
DA:1230,0
DA:1282,0
DA:1283,0
DA:1291,0
DA:1322,0
DA:1324,0
DA:1325,0
DA:1333,0
DA:1363,0
DA:1375,0
DA:1389,0
DA:1396,0
DA:1423,0
DA:1424,0
DA:1426,0
DA:1427,0
DA:1428,0
DA:1429,0
DA:1440,0
DA:1447,0
DA:1457,0
DA:1476,0
DA:1477,0
DA:1478,0
DA:1479,0
DA:1515,0
DA:1517,0
DA:1519,0
DA:1520,0
LF:292
LH:0
BRDA:109,0,0,0
BRDA:109,0,1,0
BRDA:111,1,0,0
BRDA:111,1,1,0
BRDA:111,2,0,0
BRDA:111,2,1,0
BRDA:122,3,0,0
BRDA:122,3,1,0
BRDA:124,4,0,0
BRDA:124,4,1,0
BRDA:124,5,0,0
BRDA:124,5,1,0
BRDA:125,6,0,0
BRDA:125,6,1,0
BRDA:126,7,0,0
BRDA:126,7,1,0
BRDA:200,8,0,0
BRDA:200,8,1,0
BRDA:216,9,0,0
BRDA:216,9,1,0
BRDA:229,10,0,0
BRDA:229,10,1,0
BRDA:237,11,0,0
BRDA:237,11,1,0
BRDA:252,12,0,0
BRDA:252,12,1,0
BRDA:255,13,0,0
BRDA:255,13,1,0
BRDA:255,13,2,0
BRDA:273,14,0,0
BRDA:273,14,1,0
BRDA:295,15,0,0
BRDA:295,15,1,0
BRDA:297,16,0,0
BRDA:297,16,1,0
BRDA:322,17,0,0
BRDA:322,17,1,0
BRDA:324,18,0,0
BRDA:324,18,1,0
BRDA:359,19,0,0
BRDA:359,19,1,0
BRDA:361,20,0,0
BRDA:361,20,1,0
BRDA:392,21,0,0
BRDA:392,21,1,0
BRDA:394,22,0,0
BRDA:394,22,1,0
BRDA:414,23,0,0
BRDA:414,23,1,0
BRDA:416,24,0,0
BRDA:416,24,1,0
BRDA:432,25,0,0
BRDA:432,25,1,0
BRDA:433,26,0,0
BRDA:433,26,1,0
BRDA:440,27,0,0
BRDA:440,27,1,0
BRDA:483,28,0,0
BRDA:483,28,1,0
BRDA:487,29,0,0
BRDA:487,29,1,0
BRDA:491,30,0,0
BRDA:491,30,1,0
BRDA:491,31,0,0
BRDA:491,31,1,0
BRDA:495,32,0,0
BRDA:495,32,1,0
BRDA:505,33,0,0
BRDA:505,33,1,0
BRDA:509,34,0,0
BRDA:509,34,1,0
BRDA:511,35,0,0
BRDA:511,35,1,0
BRDA:559,36,0,0
BRDA:559,36,1,0
BRDA:562,37,0,0
BRDA:562,37,1,0
BRDA:563,38,0,0
BRDA:563,38,1,0
BRDA:565,39,0,0
BRDA:565,39,1,0
BRDA:566,40,0,0
BRDA:566,40,1,0
BRDA:569,41,0,0
BRDA:569,41,1,0
BRDA:574,42,0,0
BRDA:574,42,1,0
BRDA:574,43,0,0
BRDA:574,43,1,0
BRDA:576,44,0,0
BRDA:576,44,1,0
BRDA:597,45,0,0
BRDA:597,45,1,0
BRDA:598,46,0,0
BRDA:598,46,1,0
BRDA:605,47,0,0
BRDA:605,47,1,0
BRDA:607,48,0,0
BRDA:607,48,1,0
BRDA:607,49,0,0
BRDA:607,49,1,0
BRDA:607,50,0,0
BRDA:607,50,1,0
BRDA:610,51,0,0
BRDA:610,51,1,0
BRDA:610,52,0,0
BRDA:610,52,1,0
BRDA:612,53,0,0
BRDA:612,53,1,0
BRDA:618,54,0,0
BRDA:618,54,1,0
BRDA:626,55,0,0
BRDA:626,55,1,0
BRDA:626,56,0,0
BRDA:626,56,1,0
BRDA:653,57,0,0
BRDA:653,57,1,0
BRDA:670,58,0,0
BRDA:670,58,1,0
BRDA:674,59,0,0
BRDA:674,59,1,0
BRDA:674,59,2,0
BRDA:678,60,0,0
BRDA:678,60,1,0
BRDA:679,61,0,0
BRDA:679,61,1,0
BRDA:693,62,0,0
BRDA:693,62,1,0
BRDA:693,62,2,0
BRDA:696,63,0,0
BRDA:696,63,1,0
BRDA:704,64,0,0
BRDA:704,64,1,0
BRDA:725,65,0,0
BRDA:725,65,1,0
BRDA:730,66,0,0
BRDA:730,66,1,0
BRDA:739,67,0,0
BRDA:739,67,1,0
BRDA:747,68,0,0
BRDA:747,68,1,0
BRDA:756,69,0,0
BRDA:756,69,1,0
BRDA:785,70,0,0
BRDA:785,70,1,0
BRDA:791,71,0,0
BRDA:791,71,1,0
BRDA:798,72,0,0
BRDA:798,72,1,0
BRDA:800,73,0,0
BRDA:800,73,1,0
BRDA:800,74,0,0
BRDA:800,74,1,0
BRDA:802,75,0,0
BRDA:802,75,1,0
BRDA:837,76,0,0
BRDA:837,76,1,0
BRDA:847,77,0,0
BRDA:847,77,1,0
BRDA:849,78,0,0
BRDA:849,78,1,0
BRDA:856,79,0,0
BRDA:856,79,1,0
BRDA:858,80,0,0
BRDA:858,80,1,0
BRDA:865,81,0,0
BRDA:865,81,1,0
BRDA:890,82,0,0
BRDA:890,82,1,0
BRDA:893,83,0,0
BRDA:893,83,1,0
BRDA:896,84,0,0
BRDA:896,84,1,0
BRDA:897,85,0,0
BRDA:897,85,1,0
BRDA:902,86,0,0
BRDA:902,86,1,0
BRDA:922,87,0,0
BRDA:922,87,1,0
BRDA:924,88,0,0
BRDA:924,88,1,0
BRDA:941,89,0,0
BRDA:941,89,1,0
BRDA:943,90,0,0
BRDA:943,90,1,0
BRDA:950,91,0,0
BRDA:950,91,1,0
BRDA:952,92,0,0
BRDA:952,92,1,0
BRDA:974,93,0,0
BRDA:974,93,1,0
BRDA:1041,94,0,0
BRDA:1041,94,1,0
BRDA:1046,95,0,0
BRDA:1046,95,1,0
BRDA:1064,96,0,0
BRDA:1064,96,1,0
BRDA:1135,97,0,0
BRDA:1135,97,1,0
BRDA:1183,98,0,0
BRDA:1183,98,1,0
BRDA:1186,99,0,0
BRDA:1186,99,1,0
BRDA:1186,99,2,0
BRDA:1196,100,0,0
BRDA:1196,100,1,0
BRDA:1212,101,0,0
BRDA:1212,101,1,0
BRDA:1212,101,2,0
BRDA:1226,102,0,0
BRDA:1226,102,1,0
BRDA:1233,103,0,0
BRDA:1233,103,1,0
BRDA:1236,104,0,0
BRDA:1236,104,1,0
BRDA:1249,105,0,0
BRDA:1249,105,1,0
BRDA:1249,105,2,0
BRDA:1261,106,0,0
BRDA:1261,106,1,0
BRDA:1261,106,2,0
BRDA:1271,107,0,0
BRDA:1271,107,1,0
BRDA:1271,107,2,0
BRDA:1287,108,0,0
BRDA:1287,108,1,0
BRDA:1294,109,0,0
BRDA:1294,109,1,0
BRDA:1329,110,0,0
BRDA:1329,110,1,0
BRDA:1338,111,0,0
BRDA:1338,111,1,0
BRDA:1382,112,0,0
BRDA:1382,112,1,0
BRDA:1401,113,0,0
BRDA:1401,113,1,0
BRDA:1404,114,0,0
BRDA:1404,114,1,0
BRDA:1406,115,0,0
BRDA:1406,115,1,0
BRDA:1416,116,0,0
BRDA:1416,116,1,0
BRDA:1416,116,2,0
BRDA:1418,117,0,0
BRDA:1418,117,1,0
BRDA:1426,118,0,0
BRDA:1426,118,1,0
BRDA:1426,119,0,0
BRDA:1426,119,1,0
BRDA:1435,120,0,0
BRDA:1435,120,1,0
BRDA:1453,121,0,0
BRDA:1453,121,1,0
BRDA:1470,122,0,0
BRDA:1470,122,1,0
BRDA:1472,123,0,0
BRDA:1472,123,1,0
BRDA:1476,124,0,0
BRDA:1476,124,1,0
BRDA:1476,125,0,0
BRDA:1476,125,1,0
BRDA:1494,126,0,0
BRDA:1494,126,1,0
BRDA:1499,127,0,0
BRDA:1499,127,1,0
BRF:265
BRH:0
end_of_record
TN:
SF:app\rounds\[id].tsx
FN:70,teeTimeToDate
FN:79,dateToTeeTime
FN:84,formatTeeTime
FN:136,RoundDetailScreen
FN:177,(anonymous_4)
FN:190,(anonymous_5)
FN:211,(anonymous_6)
FN:226,(anonymous_7)
FN:226,(anonymous_8)
FN:230,(anonymous_9)
FN:231,(anonymous_10)
FN:236,(anonymous_11)
FN:250,(anonymous_12)
FN:255,(anonymous_13)
FN:261,(anonymous_14)
FN:267,(anonymous_15)
FN:277,(anonymous_16)
FN:281,(anonymous_17)
FN:284,(anonymous_18)
FN:290,(anonymous_19)
FN:310,(anonymous_20)
FN:315,(anonymous_21)
FN:322,(anonymous_22)
FN:328,(anonymous_23)
FN:335,(anonymous_24)
FN:340,(anonymous_25)
FN:343,(anonymous_26)
FN:349,(anonymous_27)
FN:357,(anonymous_28)
FN:362,(anonymous_29)
FN:367,(anonymous_30)
FN:373,(anonymous_31)
FN:380,(anonymous_32)
FN:384,(anonymous_33)
FN:387,(anonymous_34)
FN:393,(anonymous_35)
FN:400,(anonymous_36)
FN:404,(anonymous_37)
FN:410,(anonymous_38)
FN:418,(anonymous_39)
FN:426,(anonymous_40)
FN:431,(anonymous_41)
FN:437,(anonymous_42)
FN:442,(anonymous_43)
FN:451,(anonymous_44)
FN:460,(anonymous_45)
FN:468,(anonymous_46)
FN:473,(anonymous_47)
FN:478,(anonymous_48)
FN:479,(anonymous_49)
FN:481,(anonymous_50)
FN:488,(anonymous_51)
FN:495,(anonymous_52)
FN:516,(anonymous_53)
FN:525,(anonymous_54)
FN:531,(anonymous_55)
FN:540,(anonymous_56)
FN:547,(anonymous_57)
FN:558,(anonymous_58)
FN:592,(anonymous_59)
FN:601,(anonymous_60)
FN:623,buildLeaderboard
FN:624,(anonymous_62)
FN:627,(anonymous_63)
FN:628,(anonymous_64)
FN:629,(anonymous_65)
FN:630,(anonymous_66)
FN:632,(anonymous_67)
FN:645,(anonymous_68)
FN:658,(anonymous_69)
FN:668,(anonymous_70)
FN:675,formatThru
FN:699,(anonymous_72)
FN:715,(anonymous_73)
FN:763,(anonymous_74)
FN:802,(anonymous_75)
FN:810,(anonymous_76)
FN:829,(anonymous_77)
FN:834,(anonymous_78)
FN:859,(anonymous_79)
FN:866,(anonymous_80)
FN:877,(anonymous_81)
FN:891,(anonymous_82)
FN:952,(anonymous_83)
FN:970,(anonymous_84)
FN:1002,(anonymous_85)
FN:1004,(anonymous_86)
FN:1036,(anonymous_87)
FN:1118,(anonymous_88)
FN:1129,(anonymous_89)
FN:1163,(anonymous_90)
FN:1175,(anonymous_91)
FN:1194,(anonymous_92)
FN:1196,(anonymous_93)
FN:1204,(anonymous_94)
FN:1248,(anonymous_95)
FN:1250,(anonymous_96)
FN:1260,(anonymous_97)
FN:1316,(anonymous_98)
FN:1326,(anonymous_99)
FN:1340,(anonymous_100)
FN:1359,(anonymous_101)
FN:1370,(anonymous_102)
FN:1396,(anonymous_103)
FN:1408,(anonymous_104)
FN:1423,(anonymous_105)
FN:1437,(anonymous_106)
FN:1443,(anonymous_107)
FN:1448,(anonymous_108)
FN:1462,(anonymous_109)
FN:1476,(anonymous_110)
FN:1502,(anonymous_111)
FN:1503,(anonymous_112)
FNF:113
FNH:0
FNDA:0,teeTimeToDate
FNDA:0,dateToTeeTime
FNDA:0,formatTeeTime
FNDA:0,RoundDetailScreen
FNDA:0,(anonymous_4)
FNDA:0,(anonymous_5)
FNDA:0,(anonymous_6)
FNDA:0,(anonymous_7)
FNDA:0,(anonymous_8)
FNDA:0,(anonymous_9)
FNDA:0,(anonymous_10)
FNDA:0,(anonymous_11)
FNDA:0,(anonymous_12)
FNDA:0,(anonymous_13)
FNDA:0,(anonymous_14)
FNDA:0,(anonymous_15)
FNDA:0,(anonymous_16)
FNDA:0,(anonymous_17)
FNDA:0,(anonymous_18)
FNDA:0,(anonymous_19)
FNDA:0,(anonymous_20)
FNDA:0,(anonymous_21)
FNDA:0,(anonymous_22)
FNDA:0,(anonymous_23)
FNDA:0,(anonymous_24)
FNDA:0,(anonymous_25)
FNDA:0,(anonymous_26)
FNDA:0,(anonymous_27)
FNDA:0,(anonymous_28)
FNDA:0,(anonymous_29)
FNDA:0,(anonymous_30)
FNDA:0,(anonymous_31)
FNDA:0,(anonymous_32)
FNDA:0,(anonymous_33)
FNDA:0,(anonymous_34)
FNDA:0,(anonymous_35)
FNDA:0,(anonymous_36)
FNDA:0,(anonymous_37)
FNDA:0,(anonymous_38)
FNDA:0,(anonymous_39)
FNDA:0,(anonymous_40)
FNDA:0,(anonymous_41)
FNDA:0,(anonymous_42)
FNDA:0,(anonymous_43)
FNDA:0,(anonymous_44)
FNDA:0,(anonymous_45)
FNDA:0,(anonymous_46)
FNDA:0,(anonymous_47)
FNDA:0,(anonymous_48)
FNDA:0,(anonymous_49)
FNDA:0,(anonymous_50)
FNDA:0,(anonymous_51)
FNDA:0,(anonymous_52)
FNDA:0,(anonymous_53)
FNDA:0,(anonymous_54)
FNDA:0,(anonymous_55)
FNDA:0,(anonymous_56)
FNDA:0,(anonymous_57)
FNDA:0,(anonymous_58)
FNDA:0,(anonymous_59)
FNDA:0,(anonymous_60)
FNDA:0,buildLeaderboard
FNDA:0,(anonymous_62)
FNDA:0,(anonymous_63)
FNDA:0,(anonymous_64)
FNDA:0,(anonymous_65)
FNDA:0,(anonymous_66)
FNDA:0,(anonymous_67)
FNDA:0,(anonymous_68)
FNDA:0,(anonymous_69)
FNDA:0,(anonymous_70)
FNDA:0,formatThru
FNDA:0,(anonymous_72)
FNDA:0,(anonymous_73)
FNDA:0,(anonymous_74)
FNDA:0,(anonymous_75)
FNDA:0,(anonymous_76)
FNDA:0,(anonymous_77)
FNDA:0,(anonymous_78)
FNDA:0,(anonymous_79)
FNDA:0,(anonymous_80)
FNDA:0,(anonymous_81)
FNDA:0,(anonymous_82)
FNDA:0,(anonymous_83)
FNDA:0,(anonymous_84)
FNDA:0,(anonymous_85)
FNDA:0,(anonymous_86)
FNDA:0,(anonymous_87)
FNDA:0,(anonymous_88)
FNDA:0,(anonymous_89)
FNDA:0,(anonymous_90)
FNDA:0,(anonymous_91)
FNDA:0,(anonymous_92)
FNDA:0,(anonymous_93)
FNDA:0,(anonymous_94)
FNDA:0,(anonymous_95)
FNDA:0,(anonymous_96)
FNDA:0,(anonymous_97)
FNDA:0,(anonymous_98)
FNDA:0,(anonymous_99)
FNDA:0,(anonymous_100)
FNDA:0,(anonymous_101)
FNDA:0,(anonymous_102)
FNDA:0,(anonymous_103)
FNDA:0,(anonymous_104)
FNDA:0,(anonymous_105)
FNDA:0,(anonymous_106)
FNDA:0,(anonymous_107)
FNDA:0,(anonymous_108)
FNDA:0,(anonymous_109)
FNDA:0,(anonymous_110)
FNDA:0,(anonymous_111)
FNDA:0,(anonymous_112)
DA:71,0
DA:72,0
DA:73,0
DA:74,0
DA:75,0
DA:80,0
DA:85,0
DA:86,0
DA:87,0
DA:88,0
DA:89,0
DA:90,0
DA:137,0
DA:138,0
DA:139,0
DA:140,0
DA:141,0
DA:142,0
DA:145,0
DA:147,0
DA:150,0
DA:151,0
DA:152,0
DA:153,0
DA:155,0
DA:156,0
DA:157,0
DA:158,0
DA:161,0
DA:162,0
DA:163,0
DA:166,0
DA:175,0
DA:178,0
DA:179,0
DA:182,0
DA:183,0
DA:188,0
DA:191,0
DA:192,0
DA:195,0
DA:196,0
DA:209,0
DA:212,0
DA:213,0
DA:216,0
DA:217,0
DA:225,0
DA:226,0
DA:229,0
DA:230,0
DA:231,0
DA:235,0
DA:237,0
DA:238,0
DA:249,0
DA:250,0
DA:251,0
DA:253,0
DA:258,0
DA:259,0
DA:262,0
DA:266,0
DA:268,0
DA:269,0
DA:276,0
DA:277,0
DA:278,0
DA:282,0
DA:285,0
DA:289,0
DA:300,0
DA:301,0
DA:309,0
DA:310,0
DA:311,0
DA:313,0
DA:316,0
DA:317,0
DA:318,0
DA:320,0
DA:323,0
DA:327,0
DA:329,0
DA:330,0
DA:334,0
DA:335,0
DA:336,0
DA:338,0
DA:341,0
DA:344,0
DA:348,0
DA:350,0
DA:351,0
DA:356,0
DA:357,0
DA:358,0
DA:360,0
DA:363,0
DA:364,0
DA:365,0
DA:368,0
DA:372,0
DA:374,0
DA:375,0
DA:379,0
DA:380,0
DA:381,0
DA:385,0
DA:388,0
DA:392,0
DA:394,0
DA:395,0
DA:399,0
DA:400,0
DA:401,0
DA:405,0
DA:406,0
DA:408,0
DA:411,0
DA:417,0
DA:419,0
DA:420,0
DA:425,0
DA:426,0
DA:427,0
DA:429,0
DA:432,0
DA:433,0
DA:434,0
DA:438,0
DA:442,0
DA:443,0
DA:451,0
DA:459,0
DA:461,0
DA:462,0
DA:467,0
DA:468,0
DA:469,0
DA:471,0
DA:474,0
DA:477,0
DA:478,0
DA:479,0
DA:481,0
DA:482,0
DA:483,0
DA:489,0
DA:495,0
DA:498,0
DA:499,0
DA:500,0
DA:501,0
DA:502,0
DA:503,0
DA:504,0
DA:505,0
DA:506,0
DA:507,0
DA:510,0
DA:511,0
DA:512,0
DA:513,0
DA:516,0
DA:517,0
DA:525,0
DA:531,0
DA:532,0
DA:541,0
DA:547,0
DA:548,0
DA:549,0
DA:550,0
DA:551,0
DA:553,0
DA:554,0
DA:555,0
DA:558,0
DA:559,0
DA:560,0
DA:561,0
DA:563,0
DA:564,0
DA:565,0
DA:573,0
DA:575,0
DA:576,0
DA:577,0
DA:580,0
DA:584,0
DA:592,0
DA:593,0
DA:601,0
DA:624,0
DA:625,0
DA:627,0
DA:628,0
DA:629,0
DA:630,0
DA:631,0
DA:632,0
DA:634,0
DA:647,0
DA:648,0
DA:649,0
DA:650,0
DA:651,0
DA:653,0
DA:657,0
DA:658,0
DA:659,0
DA:660,0
DA:661,0
DA:662,0
DA:663,0
DA:664,0
DA:667,0
DA:668,0
DA:670,0
DA:676,0
DA:677,0
DA:682,0
DA:683,0
DA:690,0
DA:691,0
DA:699,0
DA:708,0
DA:715,0
DA:763,0
DA:803,0
DA:804,0
DA:810,0
DA:829,0
DA:835,0
DA:859,0
DA:866,0
DA:878,0
DA:879,0
DA:891,0
DA:952,0
DA:971,0
DA:1003,0
DA:1004,0
DA:1005,0
DA:1018,0
DA:1037,0
DA:1039,0
DA:1045,0
DA:1050,0
DA:1051,0
DA:1052,0
DA:1118,0
DA:1129,0
DA:1163,0
DA:1175,0
DA:1195,0
DA:1197,0
DA:1198,0
DA:1204,0
DA:1249,0
DA:1251,0
DA:1252,0
DA:1260,0
DA:1317,0
DA:1318,0
DA:1327,0
DA:1328,0
DA:1341,0
DA:1342,0
DA:1359,0
DA:1370,0
DA:1396,0
DA:1408,0
DA:1424,0
DA:1425,0
DA:1426,0
DA:1437,0
DA:1443,0
DA:1448,0
DA:1463,0
DA:1477,0
DA:1478,0
DA:1502,0
DA:1504,0
DA:1505,0
DA:1506,0
LF:287
LH:0
BRDA:72,0,0,0
BRDA:72,0,1,0
BRDA:74,1,0,0
BRDA:74,1,1,0
BRDA:74,2,0,0
BRDA:74,2,1,0
BRDA:85,3,0,0
BRDA:85,3,1,0
BRDA:87,4,0,0
BRDA:87,4,1,0
BRDA:87,5,0,0
BRDA:87,5,1,0
BRDA:88,6,0,0
BRDA:88,6,1,0
BRDA:89,7,0,0
BRDA:89,7,1,0
BRDA:182,8,0,0
BRDA:182,8,1,0
BRDA:195,9,0,0
BRDA:195,9,1,0
BRDA:199,10,0,0
BRDA:199,10,1,0
BRDA:216,11,0,0
BRDA:216,11,1,0
BRDA:219,12,0,0
BRDA:219,12,1,0
BRDA:226,13,0,0
BRDA:226,13,1,0
BRDA:249,14,0,0
BRDA:249,14,1,0
BRDA:251,15,0,0
BRDA:251,15,1,0
BRDA:276,16,0,0
BRDA:276,16,1,0
BRDA:278,17,0,0
BRDA:278,17,1,0
BRDA:309,18,0,0
BRDA:309,18,1,0
BRDA:311,19,0,0
BRDA:311,19,1,0
BRDA:317,20,0,0
BRDA:317,20,1,0
BRDA:334,21,0,0
BRDA:334,21,1,0
BRDA:336,22,0,0
BRDA:336,22,1,0
BRDA:354,23,0,0
BRDA:354,23,1,0
BRDA:354,24,0,0
BRDA:354,24,1,0
BRDA:356,25,0,0
BRDA:356,25,1,0
BRDA:358,26,0,0
BRDA:358,26,1,0
BRDA:379,27,0,0
BRDA:379,27,1,0
BRDA:381,28,0,0
BRDA:381,28,1,0
BRDA:399,29,0,0
BRDA:399,29,1,0
BRDA:401,30,0,0
BRDA:401,30,1,0
BRDA:405,31,0,0
BRDA:405,31,1,0
BRDA:425,32,0,0
BRDA:425,32,1,0
BRDA:427,33,0,0
BRDA:427,33,1,0
BRDA:433,34,0,0
BRDA:433,34,1,0
BRDA:467,35,0,0
BRDA:467,35,1,0
BRDA:469,36,0,0
BRDA:469,36,1,0
BRDA:481,37,0,0
BRDA:481,37,1,0
BRDA:482,38,0,0
BRDA:482,38,1,0
BRDA:499,39,0,0
BRDA:499,39,1,0
BRDA:501,40,0,0
BRDA:501,40,1,0
BRDA:505,41,0,0
BRDA:505,41,1,0
BRDA:505,42,0,0
BRDA:505,42,1,0
BRDA:506,43,0,0
BRDA:506,43,1,0
BRDA:506,44,0,0
BRDA:506,44,1,0
BRDA:511,45,0,0
BRDA:511,45,1,0
BRDA:548,46,0,0
BRDA:548,46,1,0
BRDA:559,47,0,0
BRDA:559,47,1,0
BRDA:563,48,0,0
BRDA:563,48,1,0
BRDA:563,49,0,0
BRDA:563,49,1,0
BRDA:563,49,2,0
BRDA:575,50,0,0
BRDA:575,50,1,0
BRDA:576,51,0,0
BRDA:576,51,1,0
BRDA:587,52,0,0
BRDA:587,52,1,0
BRDA:631,53,0,0
BRDA:631,53,1,0
BRDA:632,54,0,0
BRDA:632,54,1,0
BRDA:641,55,0,0
BRDA:641,55,1,0
BRDA:642,56,0,0
BRDA:642,56,1,0
BRDA:647,57,0,0
BRDA:647,57,1,0
BRDA:647,58,0,0
BRDA:647,58,1,0
BRDA:648,59,0,0
BRDA:648,59,1,0
BRDA:648,60,0,0
BRDA:648,60,1,0
BRDA:649,61,0,0
BRDA:649,61,1,0
BRDA:650,62,0,0
BRDA:650,62,1,0
BRDA:651,63,0,0
BRDA:651,63,1,0
BRDA:659,64,0,0
BRDA:659,64,1,0
BRDA:660,65,0,0
BRDA:660,65,1,0
BRDA:660,66,0,0
BRDA:660,66,1,0
BRDA:662,67,0,0
BRDA:662,67,1,0
BRDA:663,68,0,0
BRDA:663,68,1,0
BRDA:664,69,0,0
BRDA:664,69,1,0
BRDA:668,70,0,0
BRDA:668,70,1,0
BRDA:668,71,0,0
BRDA:668,71,1,0
BRDA:668,72,0,0
BRDA:668,72,1,0
BRDA:670,73,0,0
BRDA:670,73,1,0
BRDA:676,74,0,0
BRDA:676,74,1,0
BRDA:677,75,0,0
BRDA:677,75,1,0
BRDA:682,76,0,0
BRDA:682,76,1,0
BRDA:690,77,0,0
BRDA:690,77,1,0
BRDA:690,78,0,0
BRDA:690,78,1,0
BRDA:721,79,0,0
BRDA:721,79,1,0
BRDA:758,80,0,0
BRDA:758,80,1,0
BRDA:758,80,2,0
BRDA:761,81,0,0
BRDA:761,81,1,0
BRDA:767,82,0,0
BRDA:767,82,1,0
BRDA:779,83,0,0
BRDA:779,83,1,0
BRDA:779,83,2,0
BRDA:782,84,0,0
BRDA:782,84,1,0
BRDA:788,85,0,0
BRDA:788,85,1,0
BRDA:808,86,0,0
BRDA:808,86,1,0
BRDA:814,87,0,0
BRDA:814,87,1,0
BRDA:824,88,0,0
BRDA:824,88,1,0
BRDA:828,89,0,0
BRDA:828,89,1,0
BRDA:843,90,0,0
BRDA:843,90,1,0
BRDA:846,91,0,0
BRDA:846,91,1,0
BRDA:850,92,0,0
BRDA:850,92,1,0
BRDA:856,93,0,0
BRDA:856,93,1,0
BRDA:883,94,0,0
BRDA:883,94,1,0
BRDA:886,95,0,0
BRDA:886,95,1,0
BRDA:887,96,0,0
BRDA:887,96,1,0
BRDA:949,97,0,0
BRDA:949,97,1,0
BRDA:949,97,2,0
BRDA:967,98,0,0
BRDA:967,98,1,0
BRDA:994,99,0,0
BRDA:994,99,1,0
BRDA:996,100,0,0
BRDA:996,100,1,0
BRDA:998,101,0,0
BRDA:998,101,1,0
BRDA:998,102,0,0
BRDA:998,102,1,0
BRDA:1004,103,0,0
BRDA:1004,103,1,0
BRDA:1011,104,0,0
BRDA:1011,104,1,0
BRDA:1039,105,0,0
BRDA:1039,105,1,0
BRDA:1040,106,0,0
BRDA:1040,106,1,0
BRDA:1045,107,0,0
BRDA:1045,107,1,0
BRDA:1046,108,0,0
BRDA:1046,108,1,0
BRDA:1050,109,0,0
BRDA:1050,109,1,0
BRDA:1051,110,0,0
BRDA:1051,110,1,0
BRDA:1056,111,0,0
BRDA:1056,111,1,0
BRDA:1077,112,0,0
BRDA:1077,112,1,0
BRDA:1079,113,0,0
BRDA:1079,113,1,0
BRDA:1096,114,0,0
BRDA:1096,114,1,0
BRDA:1098,115,0,0
BRDA:1098,115,1,0
BRDA:1100,116,0,0
BRDA:1100,116,1,0
BRDA:1100,117,0,0
BRDA:1100,117,1,0
BRDA:1122,118,0,0
BRDA:1122,118,1,0
BRDA:1130,119,0,0
BRDA:1130,119,1,0
BRDA:1159,120,0,0
BRDA:1159,120,1,0
BRDA:1161,121,0,0
BRDA:1161,121,1,0
BRDA:1182,122,0,0
BRDA:1182,122,1,0
BRDA:1188,123,0,0
BRDA:1188,123,1,0
BRDA:1188,123,2,0
BRDA:1202,124,0,0
BRDA:1202,124,1,0
BRDA:1207,125,0,0
BRDA:1207,125,1,0
BRDA:1210,126,0,0
BRDA:1210,126,1,0
BRDA:1223,127,0,0
BRDA:1223,127,1,0
BRDA:1223,127,2,0
BRDA:1256,128,0,0
BRDA:1256,128,1,0
BRDA:1265,129,0,0
BRDA:1265,129,1,0
BRDA:1280,130,0,0
BRDA:1280,130,1,0
BRDA:1283,131,0,0
BRDA:1283,131,1,0
BRDA:1285,132,0,0
BRDA:1285,132,1,0
BRDA:1296,133,0,0
BRDA:1296,133,1,0
BRDA:1298,134,0,0
BRDA:1298,134,1,0
BRDA:1341,135,0,0
BRDA:1341,135,1,0
BRDA:1363,136,0,0
BRDA:1363,136,1,0
BRDA:1401,137,0,0
BRDA:1401,137,1,0
BRDA:1402,138,0,0
BRDA:1402,138,1,0
BRDA:1404,139,0,0
BRDA:1404,139,1,0
BRDA:1406,140,0,0
BRDA:1406,140,1,0
BRDA:1417,141,0,0
BRDA:1417,141,1,0
BRDA:1417,141,2,0
BRDA:1425,142,0,0
BRDA:1425,142,1,0
BRDA:1425,143,0,0
BRDA:1425,143,1,0
BRDA:1432,144,0,0
BRDA:1432,144,1,0
BRDA:1463,145,0,0
BRDA:1463,145,1,0
BRDA:1475,146,0,0
BRDA:1475,146,1,0
BRDA:1477,147,0,0
BRDA:1477,147,1,0
BRDA:1487,148,0,0
BRDA:1487,148,1,0
BRF:305
BRH:0
end_of_record
TN:
SF:app\scorecard\[roundId].tsx
FN:95,initScores
FN:107,initHandicaps
FN:118,handicapStrokes
FN:125,initStats
FN:147,girKey
FN:157,firKey
FN:173,withRetry
FN:179,(anonymous_7)
FN:187,scoreColor
FN:198,scoreToPar
FN:217,formatToPar
FN:224,ScorecardScreen
FN:263,(anonymous_12)
FN:285,(anonymous_13)
FN:293,(anonymous_14)
FN:298,(anonymous_15)
FN:325,(anonymous_16)
FN:336,(anonymous_17)
FN:341,(anonymous_18)
FN:345,(anonymous_19)
FN:349,(anonymous_20)
FN:353,(anonymous_21)
FN:357,(anonymous_22)
FN:362,(anonymous_23)
FN:373,(anonymous_24)
FN:378,(anonymous_25)
FN:380,(anonymous_26)
FN:380,(anonymous_27)
FN:384,(anonymous_28)
FN:398,(anonymous_29)
FN:403,(anonymous_30)
FN:409,(anonymous_31)
FN:430,(anonymous_32)
FN:453,(anonymous_33)
FN:467,(anonymous_34)
FN:476,(anonymous_35)
FN:486,(anonymous_36)
FN:492,(anonymous_37)
FN:531,(anonymous_38)
FN:556,(anonymous_39)
FN:561,(anonymous_40)
FN:566,(anonymous_41)
FN:587,(anonymous_42)
FN:620,(anonymous_43)
FN:636,(anonymous_44)
FN:644,(anonymous_45)
FN:685,(anonymous_46)
FN:692,(anonymous_47)
FN:709,(anonymous_48)
FN:710,(anonymous_49)
FN:734,(anonymous_50)
FN:737,(anonymous_51)
FN:751,(anonymous_52)
FN:774,(anonymous_53)
FN:782,(anonymous_54)
FN:803,(anonymous_55)
FN:819,(anonymous_56)
FN:831,(anonymous_57)
FN:837,(anonymous_58)
FN:838,(anonymous_59)
FN:846,(anonymous_60)
FN:849,(anonymous_61)
FN:865,(anonymous_62)
FN:868,(anonymous_63)
FN:894,(anonymous_64)
FN:901,(anonymous_65)
FN:922,(anonymous_66)
FN:924,(anonymous_67)
FN:945,(anonymous_68)
FN:960,(anonymous_69)
FN:971,(anonymous_70)
FN:979,(anonymous_71)
FN:1023,(anonymous_72)
FN:1024,(anonymous_73)
FN:1042,(anonymous_74)
FN:1052,(anonymous_75)
FN:1106,(anonymous_76)
FN:1111,(anonymous_77)
FN:1139,(anonymous_78)
FN:1144,(anonymous_79)
FN:1175,(anonymous_80)
FN:1181,(anonymous_81)
FN:1189,(anonymous_82)
FN:1190,(anonymous_83)
FN:1208,(anonymous_84)
FN:1214,(anonymous_85)
FN:1217,(anonymous_86)
FN:1219,(anonymous_87)
FN:1223,(anonymous_88)
FN:1240,(anonymous_89)
FN:1240,(anonymous_90)
FN:1252,(anonymous_91)
FN:1252,(anonymous_92)
FNF:93
FNH:0
FNDA:0,initScores
FNDA:0,initHandicaps
FNDA:0,handicapStrokes
FNDA:0,initStats
FNDA:0,girKey
FNDA:0,firKey
FNDA:0,withRetry
FNDA:0,(anonymous_7)
FNDA:0,scoreColor
FNDA:0,scoreToPar
FNDA:0,formatToPar
FNDA:0,ScorecardScreen
FNDA:0,(anonymous_12)
FNDA:0,(anonymous_13)
FNDA:0,(anonymous_14)
FNDA:0,(anonymous_15)
FNDA:0,(anonymous_16)
FNDA:0,(anonymous_17)
FNDA:0,(anonymous_18)
FNDA:0,(anonymous_19)
FNDA:0,(anonymous_20)
FNDA:0,(anonymous_21)
FNDA:0,(anonymous_22)
FNDA:0,(anonymous_23)
FNDA:0,(anonymous_24)
FNDA:0,(anonymous_25)
FNDA:0,(anonymous_26)
FNDA:0,(anonymous_27)
FNDA:0,(anonymous_28)
FNDA:0,(anonymous_29)
FNDA:0,(anonymous_30)
FNDA:0,(anonymous_31)
FNDA:0,(anonymous_32)
FNDA:0,(anonymous_33)
FNDA:0,(anonymous_34)
FNDA:0,(anonymous_35)
FNDA:0,(anonymous_36)
FNDA:0,(anonymous_37)
FNDA:0,(anonymous_38)
FNDA:0,(anonymous_39)
FNDA:0,(anonymous_40)
FNDA:0,(anonymous_41)
FNDA:0,(anonymous_42)
FNDA:0,(anonymous_43)
FNDA:0,(anonymous_44)
FNDA:0,(anonymous_45)
FNDA:0,(anonymous_46)
FNDA:0,(anonymous_47)
FNDA:0,(anonymous_48)
FNDA:0,(anonymous_49)
FNDA:0,(anonymous_50)
FNDA:0,(anonymous_51)
FNDA:0,(anonymous_52)
FNDA:0,(anonymous_53)
FNDA:0,(anonymous_54)
FNDA:0,(anonymous_55)
FNDA:0,(anonymous_56)
FNDA:0,(anonymous_57)
FNDA:0,(anonymous_58)
FNDA:0,(anonymous_59)
FNDA:0,(anonymous_60)
FNDA:0,(anonymous_61)
FNDA:0,(anonymous_62)
FNDA:0,(anonymous_63)
FNDA:0,(anonymous_64)
FNDA:0,(anonymous_65)
FNDA:0,(anonymous_66)
FNDA:0,(anonymous_67)
FNDA:0,(anonymous_68)
FNDA:0,(anonymous_69)
FNDA:0,(anonymous_70)
FNDA:0,(anonymous_71)
FNDA:0,(anonymous_72)
FNDA:0,(anonymous_73)
FNDA:0,(anonymous_74)
FNDA:0,(anonymous_75)
FNDA:0,(anonymous_76)
FNDA:0,(anonymous_77)
FNDA:0,(anonymous_78)
FNDA:0,(anonymous_79)
FNDA:0,(anonymous_80)
FNDA:0,(anonymous_81)
FNDA:0,(anonymous_82)
FNDA:0,(anonymous_83)
FNDA:0,(anonymous_84)
FNDA:0,(anonymous_85)
FNDA:0,(anonymous_86)
FNDA:0,(anonymous_87)
FNDA:0,(anonymous_88)
FNDA:0,(anonymous_89)
FNDA:0,(anonymous_90)
FNDA:0,(anonymous_91)
FNDA:0,(anonymous_92)
DA:75,0
DA:84,0
DA:96,0
DA:97,0
DA:98,0
DA:99,0
DA:100,0
DA:103,0
DA:108,0
DA:109,0
DA:110,0
DA:112,0
DA:119,0
DA:120,0
DA:121,0
DA:126,0
DA:127,0
DA:128,0
DA:129,0
DA:130,0
DA:142,0
DA:148,0
DA:149,0
DA:150,0
DA:151,0
DA:152,0
DA:158,0
DA:159,0
DA:160,0
DA:161,0
DA:165,0
DA:175,0
DA:176,0
DA:178,0
DA:179,0
DA:182,0
DA:188,0
DA:189,0
DA:190,0
DA:191,0
DA:192,0
DA:203,0
DA:204,0
DA:205,0
DA:206,0
DA:207,0
DA:208,0
DA:209,0
DA:212,0
DA:218,0
DA:219,0
DA:225,0
DA:227,0
DA:231,0
DA:232,0
DA:233,0
DA:234,0
DA:235,0
DA:242,0
DA:243,0
DA:246,0
DA:247,0
DA:248,0
DA:251,0
DA:252,0
DA:255,0
DA:257,0
DA:259,0
DA:263,0
DA:264,0
DA:265,0
DA:268,0
DA:269,0
DA:278,0
DA:284,0
DA:285,0
DA:292,0
DA:293,0
DA:297,0
DA:298,0
DA:301,0
DA:303,0
DA:306,0
DA:308,0
DA:313,0
DA:318,0
DA:325,0
DA:326,0
DA:327,0
DA:328,0
DA:329,0
DA:330,0
DA:335,0
DA:336,0
DA:340,0
DA:342,0
DA:343,0
DA:345,0
DA:346,0
DA:347,0
DA:348,0
DA:349,0
DA:353,0
DA:355,0
DA:357,0
DA:358,0
DA:359,0
DA:362,0
DA:363,0
DA:371,0
DA:373,0
DA:375,0
DA:378,0
DA:379,0
DA:380,0
DA:384,0
DA:388,0
DA:397,0
DA:399,0
DA:400,0
DA:401,0
DA:403,0
DA:404,0
DA:405,0
DA:406,0
DA:409,0
DA:410,0
DA:411,0
DA:414,0
DA:426,0
DA:427,0
DA:428,0
DA:430,0
DA:438,0
DA:440,0
DA:444,0
DA:452,0
DA:454,0
DA:455,0
DA:456,0
DA:457,0
DA:458,0
DA:466,0
DA:467,0
DA:468,0
DA:469,0
DA:470,0
DA:471,0
DA:473,0
DA:476,0
DA:477,0
DA:480,0
DA:486,0
DA:487,0
DA:488,0
DA:489,0
DA:490,0
DA:491,0
DA:493,0
DA:494,0
DA:495,0
DA:496,0
DA:506,0
DA:508,0
DA:510,0
DA:516,0
DA:517,0
DA:524,0
DA:525,0
DA:531,0
DA:538,0
DA:539,0
DA:549,0
DA:551,0
DA:552,0
DA:556,0
DA:560,0
DA:561,0
DA:566,0
DA:569,0
DA:572,0
DA:573,0
DA:574,0
DA:575,0
DA:577,0
DA:581,0
DA:582,0
DA:583,0
DA:585,0
DA:586,0
DA:587,0
DA:588,0
DA:589,0
DA:593,0
DA:594,0
DA:595,0
DA:596,0
DA:597,0
DA:598,0
DA:599,0
DA:600,0
DA:601,0
DA:602,0
DA:603,0
DA:604,0
DA:612,0
DA:620,0
DA:636,0
DA:644,0
DA:685,0
DA:693,0
DA:710,0
DA:735,0
DA:737,0
DA:752,0
DA:753,0
DA:775,0
DA:776,0
DA:783,0
DA:784,0
DA:804,0
DA:805,0
DA:820,0
DA:821,0
DA:822,0
DA:826,0
DA:828,0
DA:831,0
DA:838,0
DA:847,0
DA:849,0
DA:865,0
DA:869,0
DA:870,0
DA:871,0
DA:872,0
DA:873,0
DA:875,0
DA:895,0
DA:896,0
DA:897,0
DA:898,0
DA:901,0
DA:923,0
DA:924,0
DA:925,0
DA:926,0
DA:927,0
DA:928,0
DA:931,0
DA:932,0
DA:935,0
DA:938,0
DA:939,0
DA:940,0
DA:945,0
DA:946,0
DA:947,0
DA:948,0
DA:949,0
DA:950,0
DA:951,0
DA:952,0
DA:954,0
DA:955,0
DA:957,0
DA:960,0
DA:967,0
DA:971,0
DA:972,0
DA:973,0
DA:974,0
DA:975,0
DA:976,0
DA:977,0
DA:979,0
DA:986,0
DA:989,0
DA:1024,0
DA:1030,0
DA:1031,0
DA:1038,0
DA:1041,0
DA:1042,0
DA:1052,0
DA:1107,0
DA:1108,0
DA:1111,0
DA:1140,0
DA:1141,0
DA:1144,0
DA:1176,0
DA:1181,0
DA:1190,0
DA:1191,0
DA:1196,0
DA:1199,0
DA:1210,0
DA:1211,0
DA:1217,0
DA:1220,0
DA:1223,0
DA:1240,0
DA:1252,0
LF:304
LH:0
BRDA:110,0,0,0
BRDA:110,0,1,0
BRDA:121,1,0,0
BRDA:121,1,1,0
BRDA:135,2,0,0
BRDA:135,2,1,0
BRDA:136,3,0,0
BRDA:136,3,1,0
BRDA:137,4,0,0
BRDA:137,4,1,0
BRDA:138,5,0,0
BRDA:138,5,1,0
BRDA:148,6,0,0
BRDA:148,6,1,0
BRDA:149,7,0,0
BRDA:149,7,1,0
BRDA:150,8,0,0
BRDA:150,8,1,0
BRDA:151,9,0,0
BRDA:151,9,1,0
BRDA:151,10,0,0
BRDA:151,10,1,0
BRDA:158,11,0,0
BRDA:158,11,1,0
BRDA:158,12,0,0
BRDA:158,12,1,0
BRDA:159,13,0,0
BRDA:159,13,1,0
BRDA:160,14,0,0
BRDA:160,14,1,0
BRDA:179,15,0,0
BRDA:179,15,1,0
BRDA:188,16,0,0
BRDA:188,16,1,0
BRDA:189,17,0,0
BRDA:189,17,1,0
BRDA:190,18,0,0
BRDA:190,18,1,0
BRDA:191,19,0,0
BRDA:191,19,1,0
BRDA:203,20,0,0
BRDA:203,20,1,0
BRDA:206,21,0,0
BRDA:206,21,1,0
BRDA:207,22,0,0
BRDA:207,22,1,0
BRDA:207,23,0,0
BRDA:207,23,1,0
BRDA:207,23,2,0
BRDA:212,24,0,0
BRDA:212,24,1,0
BRDA:218,25,0,0
BRDA:218,25,1,0
BRDA:219,26,0,0
BRDA:219,26,1,0
BRDA:268,27,0,0
BRDA:268,27,1,0
BRDA:328,28,0,0
BRDA:328,28,1,0
BRDA:343,29,0,0
BRDA:343,29,1,0
BRDA:347,30,0,0
BRDA:347,30,1,0
BRDA:353,31,0,0
BRDA:353,31,1,0
BRDA:355,32,0,0
BRDA:355,32,1,0
BRDA:371,33,0,0
BRDA:371,33,1,0
BRDA:375,34,0,0
BRDA:375,34,1,0
BRDA:398,35,0,0
BRDA:401,36,0,0
BRDA:401,36,1,0
BRDA:406,37,0,0
BRDA:406,37,1,0
BRDA:411,38,0,0
BRDA:411,38,1,0
BRDA:411,39,0,0
BRDA:411,39,1,0
BRDA:455,40,0,0
BRDA:455,40,1,0
BRDA:457,41,0,0
BRDA:457,41,1,0
BRDA:468,42,0,0
BRDA:468,42,1,0
BRDA:468,43,0,0
BRDA:468,43,1,0
BRDA:473,44,0,0
BRDA:473,44,1,0
BRDA:478,45,0,0
BRDA:478,45,1,0
BRDA:478,45,2,0
BRDA:487,46,0,0
BRDA:487,46,1,0
BRDA:493,47,0,0
BRDA:493,47,1,0
BRDA:495,48,0,0
BRDA:495,48,1,0
BRDA:516,49,0,0
BRDA:516,49,1,0
BRDA:524,50,0,0
BRDA:524,50,1,0
BRDA:524,51,0,0
BRDA:524,51,1,0
BRDA:538,52,0,0
BRDA:538,52,1,0
BRDA:551,53,0,0
BRDA:551,53,1,0
BRDA:552,54,0,0
BRDA:552,54,1,0
BRDA:556,55,0,0
BRDA:556,55,1,0
BRDA:560,56,0,0
BRDA:560,56,1,0
BRDA:566,57,0,0
BRDA:566,57,1,0
BRDA:581,58,0,0
BRDA:581,58,1,0
BRDA:582,59,0,0
BRDA:582,59,1,0
BRDA:589,60,0,0
BRDA:589,60,1,0
BRDA:595,61,0,0
BRDA:595,61,1,0
BRDA:596,62,0,0
BRDA:596,62,1,0
BRDA:598,63,0,0
BRDA:598,63,1,0
BRDA:599,64,0,0
BRDA:599,64,1,0
BRDA:599,65,0,0
BRDA:599,65,1,0
BRDA:602,66,0,0
BRDA:602,66,1,0
BRDA:602,67,0,0
BRDA:602,67,1,0
BRDA:602,67,2,0
BRDA:615,68,0,0
BRDA:615,68,1,0
BRDA:628,69,0,0
BRDA:628,69,1,0
BRDA:633,70,0,0
BRDA:633,70,1,0
BRDA:637,71,0,0
BRDA:637,71,1,0
BRDA:639,72,0,0
BRDA:639,72,1,0
BRDA:645,73,0,0
BRDA:645,73,1,0
BRDA:647,74,0,0
BRDA:647,74,1,0
BRDA:673,75,0,0
BRDA:673,75,1,0
BRDA:674,76,0,0
BRDA:674,76,1,0
BRDA:675,77,0,0
BRDA:675,77,1,0
BRDA:677,78,0,0
BRDA:677,78,1,0
BRDA:679,79,0,0
BRDA:679,79,1,0
BRDA:681,80,0,0
BRDA:681,80,1,0
BRDA:682,81,0,0
BRDA:682,81,1,0
BRDA:686,82,0,0
BRDA:686,82,1,0
BRDA:708,83,0,0
BRDA:708,83,1,0
BRDA:717,84,0,0
BRDA:717,84,1,0
BRDA:721,85,0,0
BRDA:721,85,1,0
BRDA:732,86,0,0
BRDA:732,86,1,0
BRDA:739,87,0,0
BRDA:739,87,1,0
BRDA:746,88,0,0
BRDA:746,88,1,0
BRDA:753,89,0,0
BRDA:753,89,1,0
BRDA:763,90,0,0
BRDA:763,90,1,0
BRDA:775,91,0,0
BRDA:775,91,1,0
BRDA:786,92,0,0
BRDA:786,92,1,0
BRDA:790,93,0,0
BRDA:790,93,1,0
BRDA:794,94,0,0
BRDA:794,94,1,0
BRDA:795,95,0,0
BRDA:795,95,1,0
BRDA:796,96,0,0
BRDA:796,96,1,0
BRDA:808,97,0,0
BRDA:808,97,1,0
BRDA:813,98,0,0
BRDA:813,98,1,0
BRDA:814,99,0,0
BRDA:814,99,1,0
BRDA:817,100,0,0
BRDA:817,100,1,0
BRDA:820,101,0,0
BRDA:820,101,1,0
BRDA:822,102,0,0
BRDA:822,102,1,0
BRDA:822,103,0,0
BRDA:822,103,1,0
BRDA:826,104,0,0
BRDA:826,104,1,0
BRDA:835,105,0,0
BRDA:835,105,1,0
BRDA:841,106,0,0
BRDA:841,106,1,0
BRDA:850,107,0,0
BRDA:850,107,1,0
BRDA:865,108,0,0
BRDA:865,108,1,0
BRDA:869,109,0,0
BRDA:869,109,1,0
BRDA:873,110,0,0
BRDA:873,110,1,0
BRDA:873,111,0,0
BRDA:873,111,1,0
BRDA:877,112,0,0
BRDA:877,112,1,0
BRDA:895,113,0,0
BRDA:895,113,1,0
BRDA:903,114,0,0
BRDA:903,114,1,0
BRDA:904,115,0,0
BRDA:904,115,1,0
BRDA:909,116,0,0
BRDA:909,116,1,0
BRDA:910,117,0,0
BRDA:910,117,1,0
BRDA:924,118,0,0
BRDA:924,118,1,0
BRDA:925,119,0,0
BRDA:925,119,1,0
BRDA:927,120,0,0
BRDA:927,120,1,0
BRDA:928,121,0,0
BRDA:928,121,1,0
BRDA:928,122,0,0
BRDA:928,122,1,0
BRDA:931,123,0,0
BRDA:931,123,1,0
BRDA:931,124,0,0
BRDA:931,124,1,0
BRDA:932,125,0,0
BRDA:932,125,1,0
BRDA:932,126,0,0
BRDA:932,126,1,0
BRDA:932,126,2,0
BRDA:935,127,0,0
BRDA:935,127,1,0
BRDA:935,128,0,0
BRDA:935,128,1,0
BRDA:938,129,0,0
BRDA:938,129,1,0
BRDA:949,130,0,0
BRDA:949,130,1,0
BRDA:950,131,0,0
BRDA:950,131,1,0
BRDA:951,132,0,0
BRDA:951,132,1,0
BRDA:952,133,0,0
BRDA:952,133,1,0
BRDA:954,134,0,0
BRDA:954,134,1,0
BRDA:954,134,2,0
BRDA:955,135,0,0
BRDA:955,135,1,0
BRDA:955,135,2,0
BRDA:957,136,0,0
BRDA:957,136,1,0
BRDA:957,137,0,0
BRDA:957,137,1,0
BRDA:958,138,0,0
BRDA:958,138,1,0
BRDA:958,139,0,0
BRDA:958,139,1,0
BRDA:963,140,0,0
BRDA:963,140,1,0
BRDA:964,141,0,0
BRDA:964,141,1,0
BRDA:975,142,0,0
BRDA:975,142,1,0
BRDA:976,143,0,0
BRDA:976,143,1,0
BRDA:977,144,0,0
BRDA:977,144,1,0
BRDA:982,145,0,0
BRDA:982,145,1,0
BRDA:983,146,0,0
BRDA:983,146,1,0
BRDA:1000,147,0,0
BRDA:1000,147,1,0
BRDA:1004,148,0,0
BRDA:1004,148,1,0
BRDA:1006,149,0,0
BRDA:1006,149,1,0
BRDA:1026,150,0,0
BRDA:1026,150,1,0
BRDA:1031,151,0,0
BRDA:1031,151,1,0
BRDA:1032,152,0,0
BRDA:1032,152,1,0
BRDA:1032,152,2,0
BRDA:1032,152,3,0
BRDA:1038,153,0,0
BRDA:1038,153,1,0
BRDA:1039,154,0,0
BRDA:1039,154,1,0
BRDA:1041,155,0,0
BRDA:1041,155,1,0
BRDA:1045,156,0,0
BRDA:1045,156,1,0
BRDA:1046,157,0,0
BRDA:1046,157,1,0
BRDA:1053,158,0,0
BRDA:1053,158,1,0
BRDA:1058,159,0,0
BRDA:1058,159,1,0
BRDA:1062,160,0,0
BRDA:1062,160,1,0
BRDA:1066,161,0,0
BRDA:1066,161,1,0
BRDA:1066,161,2,0
BRDA:1077,162,0,0
BRDA:1077,162,1,0
BRDA:1077,162,2,0
BRDA:1079,163,0,0
BRDA:1079,163,1,0
BRDA:1085,164,0,0
BRDA:1085,164,1,0
BRDA:1091,165,0,0
BRDA:1091,165,1,0
BRDA:1113,166,0,0
BRDA:1113,166,1,0
BRDA:1117,167,0,0
BRDA:1117,167,1,0
BRDA:1121,168,0,0
BRDA:1121,168,1,0
BRDA:1124,169,0,0
BRDA:1124,169,1,0
BRDA:1134,170,0,0
BRDA:1134,170,1,0
BRDA:1136,171,0,0
BRDA:1136,171,1,0
BRDA:1144,172,0,0
BRDA:1144,172,1,0
BRDA:1146,173,0,0
BRDA:1146,173,1,0
BRDA:1148,174,0,0
BRDA:1148,174,1,0
BRDA:1150,175,0,0
BRDA:1150,175,1,0
BRDA:1154,176,0,0
BRDA:1154,176,1,0
BRDA:1157,177,0,0
BRDA:1157,177,1,0
BRDA:1178,178,0,0
BRDA:1178,178,1,0
BRDA:1187,179,0,0
BRDA:1187,179,1,0
BRDA:1191,180,0,0
BRDA:1191,180,1,0
BRDA:1196,181,0,0
BRDA:1196,181,1,0
BRDA:1196,182,0,0
BRDA:1196,182,1,0
BRDA:1202,183,0,0
BRDA:1202,183,1,0
BRDA:1210,184,0,0
BRDA:1210,184,1,0
BRDA:1228,185,0,0
BRDA:1228,185,1,0
BRDA:1242,186,0,0
BRDA:1242,186,1,0
BRDA:1254,187,0,0
BRDA:1254,187,1,0
BRDA:1267,188,0,0
BRDA:1267,188,1,0
BRDA:1270,189,0,0
BRDA:1270,189,1,0
BRDA:1274,190,0,0
BRDA:1274,190,1,0
BRF:391
BRH:0
end_of_record
TN:
SF:utils\api.ts
FN:20,apiFetch
FNF:1
FNH:0
FNDA:0,apiFetch
DA:24,0
DA:27,0
DA:28,0
DA:30,0
DA:33,0
DA:34,0
DA:35,0
DA:38,0
LF:8
LH:0
BRDA:34,0,0,0
BRDA:34,0,1,0
BRF:2
BRH:0
end_of_record
TN:
SF:utils\array.ts
FN:12,chunk
FNF:1
FNH:1
FNDA:7,chunk
DA:13,7
DA:15,7
DA:16,12
DA:18,7
LF:4
LH:4
BRF:0
BRH:0
end_of_record
TN:
SF:utils\scoringFormats.ts
FN:17,formatLabel
FN:18,(anonymous_1)
FN:23,formatToPar
FNF:3
FNH:3
FNDA:8,formatLabel
FNDA:33,(anonymous_1)
FNDA:8,formatToPar
DA:6,1
DA:18,33
DA:24,8
DA:25,7
DA:26,6
LF:5
LH:5
BRDA:18,0,0,8
BRDA:18,0,1,2
BRDA:24,1,0,1
BRDA:24,1,1,7
BRDA:25,2,0,1
BRDA:25,2,1,6
BRDA:26,3,0,3
BRDA:26,3,1,3
BRF:8
BRH:8
end_of_record
TN:
SF:utils\stats.ts
FN:22,buildStats
FN:33,(anonymous_1)
FN:37,(anonymous_2)
FN:39,(anonymous_3)
FN:42,(anonymous_4)
FN:44,(anonymous_5)
FN:45,(anonymous_6)
FN:73,findTop3
FN:75,(anonymous_8)
FN:76,(anonymous_9)
FN:92,(anonymous_10)
FN:93,(anonymous_11)
FN:94,(anonymous_12)
FN:95,(anonymous_13)
FN:106,toPar
FN:115,scoreTextColor
FN:126,findMyPlayer
FN:128,(anonymous_17)
FN:137,buildRoundStats
FN:138,(anonymous_19)
FN:159,(anonymous_20)
FN:160,(anonymous_21)
FN:161,(anonymous_22)
FN:162,(anonymous_23)
FN:163,(anonymous_24)
FN:164,(anonymous_25)
FN:221,(anonymous_26)
FN:222,(anonymous_27)
FN:236,buildMyStats
FN:245,(anonymous_29)
FN:271,(anonymous_30)
FN:307,(anonymous_31)
FN:313,(anonymous_32)
FN:315,(anonymous_33)
FN:320,(anonymous_34)
FN:321,(anonymous_35)
FN:322,(anonymous_36)
FN:323,(anonymous_37)
FN:325,(anonymous_38)
FN:326,(anonymous_39)
FN:378,(anonymous_40)
FN:403,(anonymous_41)
FN:404,(anonymous_42)
FNF:43
FNH:39
FNDA:6,buildStats
FNDA:108,(anonymous_1)
FNDA:7,(anonymous_2)
FNDA:2,(anonymous_3)
FNDA:1,(anonymous_4)
FNDA:2,(anonymous_5)
FNDA:2,(anonymous_6)
FNDA:24,findTop3
FNDA:24,(anonymous_8)
FNDA:3,(anonymous_9)
FNDA:6,(anonymous_10)
FNDA:6,(anonymous_11)
FNDA:6,(anonymous_12)
FNDA:6,(anonymous_13)
FNDA:8,toPar
FNDA:12,scoreTextColor
FNDA:21,findMyPlayer
FNDA:22,(anonymous_17)
FNDA:6,buildRoundStats
FNDA:108,(anonymous_19)
FNDA:10,(anonymous_20)
FNDA:10,(anonymous_21)
FNDA:10,(anonymous_22)
FNDA:10,(anonymous_23)
FNDA:10,(anonymous_24)
FNDA:10,(anonymous_25)
FNDA:0,(anonymous_26)
FNDA:0,(anonymous_27)
FNDA:8,buildMyStats
FNDA:9,(anonymous_29)
FNDA:1,(anonymous_30)
FNDA:162,(anonymous_31)
FNDA:12,(anonymous_32)
FNDA:9,(anonymous_33)
FNDA:12,(anonymous_34)
FNDA:12,(anonymous_35)
FNDA:12,(anonymous_36)
FNDA:12,(anonymous_37)
FNDA:12,(anonymous_38)
FNDA:12,(anonymous_39)
FNDA:4,(anonymous_40)
FNDA:0,(anonymous_41)
FNDA:0,(anonymous_42)
DA:24,6
DA:32,6
DA:33,108
DA:34,6
DA:35,6
DA:36,7
DA:37,7
DA:39,7
DA:41,7
DA:42,1
DA:44,7
DA:45,7
DA:47,7
DA:48,7
DA:49,1
DA:51,1
DA:54,1
DA:55,1
DA:57,6
DA:74,24
DA:75,24
DA:76,3
DA:77,24
DA:78,24
DA:79,24
DA:80,24
DA:81,16
DA:82,16
DA:83,6
DA:84,7
DA:85,6
DA:86,6
DA:88,24
DA:92,6
DA:93,6
DA:94,6
DA:95,6
DA:97,6
DA:107,8
DA:108,8
DA:109,6
DA:116,12
DA:117,12
DA:118,9
DA:119,7
DA:120,5
DA:121,2
DA:127,21
DA:128,22
DA:129,22
DA:131,1
DA:138,108
DA:140,6
DA:141,6
DA:142,6
DA:143,6
DA:145,6
DA:146,9
DA:147,9
DA:148,9
DA:149,9
DA:150,7
DA:151,5
DA:152,1
DA:154,9
DA:155,6
DA:156,2
DA:159,10
DA:160,10
DA:161,10
DA:162,10
DA:163,10
DA:164,10
DA:166,6
DA:167,6
DA:168,6
DA:169,6
DA:170,6
DA:171,6
DA:173,6
DA:174,10
DA:175,2
DA:176,1
DA:177,0
DA:178,0
DA:180,10
DA:181,1
DA:182,1
DA:183,1
DA:184,1
DA:186,10
DA:187,0
DA:188,0
DA:189,0
DA:190,0
DA:191,0
DA:193,10
DA:194,4
DA:195,3
DA:196,2
DA:197,1
DA:198,4
DA:199,4
DA:201,10
DA:202,0
DA:203,0
DA:204,0
DA:208,6
DA:221,0
DA:222,0
DA:245,9
DA:249,8
DA:252,8
DA:253,9
DA:254,5
DA:255,5
DA:261,8
DA:262,8
DA:263,9
DA:264,4
DA:265,4
DA:266,4
DA:267,4
DA:268,4
DA:271,8
DA:273,8
DA:274,1
DA:278,8
DA:279,8
DA:280,8
DA:281,8
DA:282,8
DA:283,8
DA:284,8
DA:285,8
DA:286,8
DA:287,8
DA:288,8
DA:292,8
DA:294,8
DA:295,8
DA:296,8
DA:297,8
DA:299,8
DA:300,8
DA:302,8
DA:303,8
DA:304,8
DA:306,8
DA:307,162
DA:308,9
DA:309,9
DA:311,9
DA:313,12
DA:314,9
DA:315,9
DA:316,1
DA:320,12
DA:321,12
DA:322,12
DA:323,12
DA:325,12
DA:326,12
DA:327,9
DA:328,12
DA:329,0
DA:330,0
DA:331,0
DA:332,0
DA:334,12
DA:335,1
DA:336,1
DA:337,1
DA:338,1
DA:341,12
DA:342,0
DA:343,0
DA:344,0
DA:345,0
DA:346,0
DA:348,12
DA:349,9
DA:350,9
DA:351,0
DA:352,0
DA:354,12
DA:355,0
DA:356,0
DA:357,0
DA:361,9
DA:362,4
DA:363,4
DA:364,4
DA:366,4
DA:367,3
DA:368,2
DA:369,1
DA:371,4
DA:372,3
DA:373,1
DA:377,8
DA:378,4
DA:380,8
DA:381,8
DA:383,8
DA:403,0
DA:404,0
LF:207
LH:179
BRDA:37,0,0,7
BRDA:37,0,1,0
BRDA:41,1,0,1
BRDA:41,1,1,6
BRDA:42,2,0,1
BRDA:42,2,1,0
BRDA:48,3,0,1
BRDA:48,3,1,6
BRDA:51,4,0,0
BRDA:51,4,1,1
BRDA:51,5,0,1
BRDA:51,5,1,1
BRDA:52,6,0,0
BRDA:52,6,1,0
BRDA:52,7,0,0
BRDA:52,7,1,0
BRDA:76,8,0,3
BRDA:76,8,1,0
BRDA:80,9,0,30
BRDA:80,9,1,16
BRDA:82,10,0,10
BRDA:82,10,1,6
BRDA:82,11,0,16
BRDA:82,11,1,15
BRDA:84,12,0,13
BRDA:84,12,1,7
BRDA:85,13,0,1
BRDA:85,13,1,5
BRDA:108,14,0,2
BRDA:108,14,1,6
BRDA:109,15,0,3
BRDA:109,15,1,3
BRDA:117,16,0,3
BRDA:117,16,1,9
BRDA:118,17,0,2
BRDA:118,17,1,7
BRDA:119,18,0,2
BRDA:119,18,1,5
BRDA:120,19,0,3
BRDA:120,19,1,2
BRDA:129,20,0,20
BRDA:129,20,1,2
BRDA:147,21,0,0
BRDA:147,21,1,9
BRDA:149,22,0,2
BRDA:149,22,1,7
BRDA:150,23,0,2
BRDA:150,23,1,5
BRDA:151,24,0,4
BRDA:151,24,1,1
BRDA:154,25,0,3
BRDA:154,25,1,6
BRDA:155,26,0,4
BRDA:155,26,1,2
BRDA:156,27,0,2
BRDA:156,27,1,0
BRDA:160,28,0,10
BRDA:160,28,1,3
BRDA:174,29,0,2
BRDA:174,29,1,8
BRDA:175,30,0,1
BRDA:175,30,1,1
BRDA:176,31,0,1
BRDA:176,31,1,0
BRDA:177,32,0,0
BRDA:177,32,1,0
BRDA:178,33,0,0
BRDA:178,33,1,0
BRDA:180,34,0,1
BRDA:180,34,1,9
BRDA:181,35,0,0
BRDA:181,35,1,1
BRDA:182,36,0,0
BRDA:182,36,1,1
BRDA:183,37,0,0
BRDA:183,37,1,1
BRDA:184,38,0,0
BRDA:184,38,1,1
BRDA:186,39,0,0
BRDA:186,39,1,10
BRDA:186,40,0,10
BRDA:186,40,1,1
BRDA:186,40,2,0
BRDA:188,41,0,0
BRDA:188,41,1,0
BRDA:193,42,0,4
BRDA:193,42,1,6
BRDA:194,43,0,1
BRDA:194,43,1,3
BRDA:195,44,0,1
BRDA:195,44,1,2
BRDA:196,45,0,1
BRDA:196,45,1,1
BRDA:197,46,0,1
BRDA:197,46,1,0
BRDA:201,47,0,0
BRDA:201,47,1,10
BRDA:201,48,0,10
BRDA:201,48,1,0
BRDA:204,49,0,0
BRDA:204,49,1,0
BRDA:210,50,0,2
BRDA:210,50,1,4
BRDA:211,51,0,2
BRDA:211,51,1,4
BRDA:212,52,0,2
BRDA:212,52,1,4
BRDA:213,53,0,1
BRDA:213,53,1,5
BRDA:216,54,0,1
BRDA:216,54,1,5
BRDA:219,55,0,1
BRDA:219,55,1,5
BRDA:226,56,0,1
BRDA:226,56,1,5
BRDA:228,57,0,0
BRDA:228,57,1,6
BRDA:229,58,0,0
BRDA:229,58,1,6
BRDA:253,59,0,4
BRDA:253,59,1,5
BRDA:255,60,0,3
BRDA:255,60,1,2
BRDA:263,61,0,5
BRDA:263,61,1,4
BRDA:265,62,0,0
BRDA:265,62,1,4
BRDA:267,63,0,4
BRDA:267,63,1,0
BRDA:309,64,0,0
BRDA:309,64,1,9
BRDA:314,65,0,1
BRDA:314,65,1,8
BRDA:315,66,0,9
BRDA:315,66,1,0
BRDA:321,67,0,12
BRDA:321,67,1,3
BRDA:328,68,0,0
BRDA:328,68,1,12
BRDA:329,69,0,0
BRDA:329,69,1,0
BRDA:330,70,0,0
BRDA:330,70,1,0
BRDA:331,71,0,0
BRDA:331,71,1,0
BRDA:332,72,0,0
BRDA:332,72,1,0
BRDA:334,73,0,1
BRDA:334,73,1,11
BRDA:335,74,0,0
BRDA:335,74,1,1
BRDA:336,75,0,0
BRDA:336,75,1,1
BRDA:337,76,0,0
BRDA:337,76,1,1
BRDA:338,77,0,0
BRDA:338,77,1,1
BRDA:341,78,0,0
BRDA:341,78,1,12
BRDA:341,79,0,12
BRDA:341,79,1,1
BRDA:341,79,2,0
BRDA:343,80,0,0
BRDA:343,80,1,0
BRDA:348,81,0,9
BRDA:348,81,1,3
BRDA:349,82,0,0
BRDA:349,82,1,9
BRDA:350,83,0,9
BRDA:350,83,1,0
BRDA:351,84,0,0
BRDA:351,84,1,0
BRDA:352,85,0,0
BRDA:352,85,1,0
BRDA:354,86,0,0
BRDA:354,86,1,12
BRDA:354,87,0,12
BRDA:354,87,1,0
BRDA:357,88,0,0
BRDA:357,88,1,0
BRDA:363,89,0,0
BRDA:363,89,1,4
BRDA:366,90,0,1
BRDA:366,90,1,3
BRDA:367,91,0,1
BRDA:367,91,1,2
BRDA:368,92,0,1
BRDA:368,92,1,1
BRDA:371,93,0,1
BRDA:371,93,1,3
BRDA:372,94,0,2
BRDA:372,94,1,1
BRDA:373,95,0,1
BRDA:373,95,1,0
BRDA:377,96,0,3
BRDA:377,96,1,5
BRDA:380,97,0,3
BRDA:380,97,1,5
BRDA:381,98,0,3
BRDA:381,98,1,5
BRDA:391,99,0,1
BRDA:391,99,1,7
BRDA:393,100,0,0
BRDA:393,100,1,8
BRDA:394,101,0,0
BRDA:394,101,1,8
BRDA:395,102,0,1
BRDA:395,102,1,7
BRDA:396,103,0,0
BRDA:396,103,1,8
BRDA:401,104,0,1
BRDA:401,104,1,7
BRDA:409,105,0,1
BRDA:409,105,1,7
BRDA:410,106,0,1
BRDA:410,106,1,7
BRDA:411,107,0,1
BRDA:411,107,1,7
BRF:218
BRH:152
end_of_record
TN:
SF:utils\supabase.ts
FN:25,_subtleDigest
FN:34,(anonymous_1)
FNF:2
FNH:2
FNDA:3,_subtleDigest
FNDA:96,(anonymous_1)
DA:29,3
DA:30,3
DA:31,3
DA:34,96
DA:35,3
DA:38,1
DA:40,0
DA:42,1
DA:44,0
DA:47,1
LF:10
LH:8
BRDA:29,0,0,2
BRDA:29,0,1,1
BRDA:38,1,0,0
BRDA:38,1,1,1
BRDA:42,2,0,0
BRDA:42,2,1,1
BRF:6
BRH:4
end_of_record
TN:
SF:utils\telemetry.ts
FN:50,(anonymous_0)
FN:59,(anonymous_1)
FN:68,(anonymous_2)
FN:74,(anonymous_3)
FN:80,(anonymous_4)
FN:109,(anonymous_5)
FN:117,(anonymous_6)
FN:121,(anonymous_7)
FN:125,(anonymous_8)
FN:129,(anonymous_9)
FN:135,(anonymous_10)
FN:180,(anonymous_11)
FN:191,getTelemetryClient
FNF:13
FNH:12
FNDA:17,(anonymous_0)
FNDA:7,(anonymous_1)
FNDA:1,(anonymous_2)
FNDA:1,(anonymous_3)
FNDA:32,(anonymous_4)
FNDA:0,(anonymous_5)
FNDA:1,(anonymous_6)
FNDA:1,(anonymous_7)
FNDA:1,(anonymous_8)
FNDA:1,(anonymous_9)
FNDA:6,(anonymous_10)
FNDA:2,(anonymous_11)
FNDA:18,getTelemetryClient
DA:23,17
DA:44,17
DA:46,17
DA:47,17
DA:48,17
DA:53,17
DA:60,7
DA:61,7
DA:62,1
DA:69,1
DA:75,1
DA:86,32
DA:99,32
DA:102,32
DA:103,1
DA:104,1
DA:108,31
DA:109,10
DA:110,0
DA:111,0
DA:118,1
DA:122,1
DA:126,1
DA:130,1
DA:136,6
DA:137,5
DA:138,5
DA:141,6
DA:142,2
DA:145,4
DA:147,4
DA:148,4
DA:149,4
DA:152,1
DA:153,1
DA:156,3
DA:157,1
DA:158,1
DA:161,2
DA:162,2
DA:173,0
DA:174,0
DA:181,2
DA:182,1
DA:183,1
DA:189,17
DA:192,18
DA:193,17
DA:195,18
LF:49
LH:45
BRDA:23,0,0,17
BRDA:23,0,1,0
BRDA:61,1,0,1
BRDA:61,1,1,6
BRDA:95,2,0,0
BRDA:95,2,1,32
BRDA:102,3,0,1
BRDA:102,3,1,31
BRDA:108,4,0,10
BRDA:108,4,1,21
BRDA:136,5,0,5
BRDA:136,5,1,1
BRDA:141,6,0,2
BRDA:141,6,1,4
BRDA:141,7,0,6
BRDA:141,7,1,5
BRDA:156,8,0,1
BRDA:156,8,1,2
BRDA:173,9,0,0
BRDA:173,9,1,0
BRDA:181,10,0,1
BRDA:181,10,1,1
BRDA:192,11,0,17
BRDA:192,11,1,1
BRF:24
BRH:20
end_of_record
